
> Do VMTouch Prepare
           Files: 9643
     Directories: 1433
   Touched Pages: 256878 (1003M)
         Elapsed: 0.83828 seconds

> Starting RTX experiment...
######################################
> Workflow       | SingleRun-0-Baseline
> ExecStrategy   | Step
> Steps Created  | Count: 201
>
> KnobValues     | {'compileThreshold': 0}
> Statistics     | 1/201 took 24373ms - remaining ~4874sec
> FullState      | {'passedTime': 23722}
> ResultValue    | 23722
>
> KnobValues     | {'compileThreshold': 200}
> Statistics     | 2/201 took 5028ms - remaining ~1000sec
> FullState      | {'passedTime': 4113}
> ResultValue    | 4113
>
> KnobValues     | {'compileThreshold': 400}
> Statistics     | 3/201 took 4757ms - remaining ~941sec
> FullState      | {'passedTime': 3856}
> ResultValue    | 3856
>
> KnobValues     | {'compileThreshold': 600}
> Statistics     | 4/201 took 4656ms - remaining ~917sec
> FullState      | {'passedTime': 3745}
> ResultValue    | 3745
>
> KnobValues     | {'compileThreshold': 800}
> Statistics     | 5/201 took 4859ms - remaining ~952sec
> FullState      | {'passedTime': 3951}
> ResultValue    | 3951
>
> KnobValues     | {'compileThreshold': 1000}
> Statistics     | 6/201 took 4776ms - remaining ~931sec
> FullState      | {'passedTime': 3869}
> ResultValue    | 3869
>
> KnobValues     | {'compileThreshold': 1200}
> Statistics     | 7/201 took 4675ms - remaining ~906sec
> FullState      | {'passedTime': 3773}
> ResultValue    | 3773
>
> KnobValues     | {'compileThreshold': 1400}
> Statistics     | 8/201 took 4987ms - remaining ~962sec
> FullState      | {'passedTime': 4075}
> ResultValue    | 4075
>
> KnobValues     | {'compileThreshold': 1600}
> Statistics     | 9/201 took 4969ms - remaining ~954sec
> FullState      | {'passedTime': 4057}
> ResultValue    | 4057
>
> KnobValues     | {'compileThreshold': 1800}
> Statistics     | 10/201 took 4965ms - remaining ~948sec
> FullState      | {'passedTime': 4051}
> ResultValue    | 4051
>
> KnobValues     | {'compileThreshold': 2000}
> Statistics     | 11/201 took 4664ms - remaining ~886sec
> FullState      | {'passedTime': 3748}
> ResultValue    | 3748
>
> KnobValues     | {'compileThreshold': 2200}
> Statistics     | 12/201 took 4987ms - remaining ~942sec
> FullState      | {'passedTime': 4079}
> ResultValue    | 4079
>
> KnobValues     | {'compileThreshold': 2400}
> Statistics     | 13/201 took 4976ms - remaining ~935sec
> FullState      | {'passedTime': 4062}
> ResultValue    | 4062
>
> KnobValues     | {'compileThreshold': 2600}
> Statistics     | 14/201 took 4655ms - remaining ~870sec
> FullState      | {'passedTime': 3744}
> ResultValue    | 3744
>
> KnobValues     | {'compileThreshold': 2800}
> Statistics     | 15/201 took 4639ms - remaining ~862sec
> FullState      | {'passedTime': 3730}
> ResultValue    | 3730
>
> KnobValues     | {'compileThreshold': 3000}
> Statistics     | 16/201 took 4641ms - remaining ~858sec
> FullState      | {'passedTime': 3736}
> ResultValue    | 3736
>
> KnobValues     | {'compileThreshold': 3200}
> Statistics     | 17/201 took 4977ms - remaining ~915sec
> FullState      | {'passedTime': 4065}
> ResultValue    | 4065
>
> KnobValues     | {'compileThreshold': 3400}
> Statistics     | 18/201 took 4786ms - remaining ~875sec
> FullState      | {'passedTime': 3880}
> ResultValue    | 3880
>
> KnobValues     | {'compileThreshold': 3600}
> Statistics     | 19/201 took 4959ms - remaining ~902sec
> FullState      | {'passedTime': 4047}
> ResultValue    | 4047
>
> KnobValues     | {'compileThreshold': 3800}
> Statistics     | 20/201 took 4799ms - remaining ~868sec
> FullState      | {'passedTime': 3888}
> ResultValue    | 3888
>
> KnobValues     | {'compileThreshold': 4000}
> Statistics     | 21/201 took 4964ms - remaining ~893sec
> FullState      | {'passedTime': 4051}
> ResultValue    | 4051
>
> KnobValues     | {'compileThreshold': 4200}
> Statistics     | 22/201 took 4735ms - remaining ~847sec
> FullState      | {'passedTime': 3828}
> ResultValue    | 3828
>
> KnobValues     | {'compileThreshold': 4400}
> Statistics     | 23/201 took 4795ms - remaining ~853sec
> FullState      | {'passedTime': 3888}
> ResultValue    | 3888
>
> KnobValues     | {'compileThreshold': 4600}
> Statistics     | 24/201 took 4730ms - remaining ~837sec
> FullState      | {'passedTime': 3826}
> ResultValue    | 3826
>
> KnobValues     | {'compileThreshold': 4800}
> Statistics     | 25/201 took 5052ms - remaining ~889sec
> FullState      | {'passedTime': 4139}
> ResultValue    | 4139
>
> KnobValues     | {'compileThreshold': 5000}
> Statistics     | 26/201 took 4634ms - remaining ~810sec
> FullState      | {'passedTime': 3723}
> ResultValue    | 3723
>
> KnobValues     | {'compileThreshold': 5200}
> Statistics     | 27/201 took 4690ms - remaining ~816sec
> FullState      | {'passedTime': 3781}
> ResultValue    | 3781
>
> KnobValues     | {'compileThreshold': 5400}
> Statistics     | 28/201 took 4640ms - remaining ~802sec
> FullState      | {'passedTime': 3724}
> ResultValue    | 3724
>
> KnobValues     | {'compileThreshold': 5600}
> Statistics     | 29/201 took 4747ms - remaining ~816sec
> FullState      | {'passedTime': 3832}
> ResultValue    | 3832
>
> KnobValues     | {'compileThreshold': 5800}
> Statistics     | 30/201 took 4633ms - remaining ~792sec
> FullState      | {'passedTime': 3724}
> ResultValue    | 3724
>
> KnobValues     | {'compileThreshold': 6000}
> Statistics     | 31/201 took 4445ms - remaining ~755sec
> FullState      | {'passedTime': 3532}
> ResultValue    | 3532
>
> KnobValues     | {'compileThreshold': 6200}
> Statistics     | 32/201 took 4989ms - remaining ~843sec
> FullState      | {'passedTime': 4076}
> ResultValue    | 4076
>
> KnobValues     | {'compileThreshold': 6400}
> Statistics     | 33/201 took 5015ms - remaining ~842sec
> FullState      | {'passedTime': 4106}
> ResultValue    | 4106
>
> KnobValues     | {'compileThreshold': 6600}
> Statistics     | 34/201 took 4737ms - remaining ~791sec
> FullState      | {'passedTime': 3836}
> ResultValue    | 3836
>
> KnobValues     | {'compileThreshold': 6800}
> Statistics     | 35/201 took 4976ms - remaining ~826sec
> FullState      | {'passedTime': 4059}
> ResultValue    | 4059
>
> KnobValues     | {'compileThreshold': 7000}
> Statistics     | 36/201 took 4979ms - remaining ~821sec
> FullState      | {'passedTime': 4069}
> ResultValue    | 4069
>
> KnobValues     | {'compileThreshold': 7200}
> Statistics     | 37/201 took 4743ms - remaining ~777sec
> FullState      | {'passedTime': 3838}
> ResultValue    | 3838
>
> KnobValues     | {'compileThreshold': 7400}
> Statistics     | 38/201 took 4647ms - remaining ~757sec
> FullState      | {'passedTime': 3733}
> ResultValue    | 3733
>
> KnobValues     | {'compileThreshold': 7600}
> Statistics     | 39/201 took 4954ms - remaining ~802sec
> FullState      | {'passedTime': 4047}
> ResultValue    | 4047
>
> KnobValues     | {'compileThreshold': 7800}
> Statistics     | 40/201 took 4627ms - remaining ~744sec
> FullState      | {'passedTime': 3723}
> ResultValue    | 3723
>
> KnobValues     | {'compileThreshold': 8000}
> Statistics     | 41/201 took 5059ms - remaining ~809sec
> FullState      | {'passedTime': 4150}
> ResultValue    | 4150
>
> KnobValues     | {'compileThreshold': 8200}
> Statistics     | 42/201 took 4804ms - remaining ~763sec
> FullState      | {'passedTime': 3893}
> ResultValue    | 3893
>
> KnobValues     | {'compileThreshold': 8400}
> Statistics     | 43/201 took 4631ms - remaining ~731sec
> FullState      | {'passedTime': 3718}
> ResultValue    | 3718
>
> KnobValues     | {'compileThreshold': 8600}
> Statistics     | 44/201 took 4990ms - remaining ~783sec
> FullState      | {'passedTime': 4075}
> ResultValue    | 4075
>
> KnobValues     | {'compileThreshold': 8800}
> Statistics     | 45/201 took 4635ms - remaining ~723sec
> FullState      | {'passedTime': 3727}
> ResultValue    | 3727
>
> KnobValues     | {'compileThreshold': 9000}
> Statistics     | 46/201 took 4760ms - remaining ~737sec
> FullState      | {'passedTime': 3850}
> ResultValue    | 3850
>
> KnobValues     | {'compileThreshold': 9200}
> Statistics     | 47/201 took 4966ms - remaining ~764sec
> FullState      | {'passedTime': 4058}
> ResultValue    | 4058
>
> KnobValues     | {'compileThreshold': 9400}
> Statistics     | 48/201 took 5084ms - remaining ~777sec
> FullState      | {'passedTime': 4176}
> ResultValue    | 4176
>
> KnobValues     | {'compileThreshold': 9600}
> Statistics     | 49/201 took 4678ms - remaining ~711sec
> FullState      | {'passedTime': 3769}
> ResultValue    | 3769
>
> KnobValues     | {'compileThreshold': 9800}
> Statistics     | 50/201 took 4756ms - remaining ~718sec
> FullState      | {'passedTime': 3849}
> ResultValue    | 3849
>
> KnobValues     | {'compileThreshold': 10000}
> Statistics     | 51/201 took 4756ms - remaining ~713sec
> FullState      | {'passedTime': 3854}
> ResultValue    | 3854
>
> KnobValues     | {'compileThreshold': 10200}
> Statistics     | 52/201 took 4642ms - remaining ~691sec
> FullState      | {'passedTime': 3732}
> ResultValue    | 3732
>
> KnobValues     | {'compileThreshold': 10400}
> Statistics     | 53/201 took 4736ms - remaining ~700sec
> FullState      | {'passedTime': 3835}
> ResultValue    | 3835
>
> KnobValues     | {'compileThreshold': 10600}
> Statistics     | 54/201 took 4644ms - remaining ~682sec
> FullState      | {'passedTime': 3730}
> ResultValue    | 3730
>
> KnobValues     | {'compileThreshold': 10800}
> Statistics     | 55/201 took 4725ms - remaining ~689sec
> FullState      | {'passedTime': 3815}
> ResultValue    | 3815
>
> KnobValues     | {'compileThreshold': 11000}
> Statistics     | 56/201 took 4649ms - remaining ~674sec
> FullState      | {'passedTime': 3743}
> ResultValue    | 3743
>
> KnobValues     | {'compileThreshold': 11200}
> Statistics     | 57/201 took 4791ms - remaining ~689sec
> FullState      | {'passedTime': 3878}
> ResultValue    | 3878
>
> KnobValues     | {'compileThreshold': 11400}
> Statistics     | 58/201 took 4954ms - remaining ~708sec
> FullState      | {'passedTime': 4052}
> ResultValue    | 4052
>
> KnobValues     | {'compileThreshold': 11600}
> Statistics     | 59/201 took 4664ms - remaining ~662sec
> FullState      | {'passedTime': 3761}
> ResultValue    | 3761
>
> KnobValues     | {'compileThreshold': 11800}
> Statistics     | 60/201 took 4981ms - remaining ~702sec
> FullState      | {'passedTime': 4067}
> ResultValue    | 4067
>
> KnobValues     | {'compileThreshold': 12000}
> Statistics     | 61/201 took 4999ms - remaining ~699sec
> FullState      | {'passedTime': 4087}
> ResultValue    | 4087
>
> KnobValues     | {'compileThreshold': 12200}
> Statistics     | 62/201 took 4990ms - remaining ~693sec
> FullState      | {'passedTime': 4075}
> ResultValue    | 4075
>
> KnobValues     | {'compileThreshold': 12400}
> Statistics     | 63/201 took 4703ms - remaining ~649sec
> FullState      | {'passedTime': 3801}
> ResultValue    | 3801
>
> KnobValues     | {'compileThreshold': 12600}
> Statistics     | 64/201 took 4651ms - remaining ~637sec
> FullState      | {'passedTime': 3740}
> ResultValue    | 3740
>
> KnobValues     | {'compileThreshold': 12800}
> Statistics     | 65/201 took 4972ms - remaining ~676sec
> FullState      | {'passedTime': 4068}
> ResultValue    | 4068
>
> KnobValues     | {'compileThreshold': 13000}
> Statistics     | 66/201 took 4675ms - remaining ~631sec
> FullState      | {'passedTime': 3763}
> ResultValue    | 3763
>
> KnobValues     | {'compileThreshold': 13200}
> Statistics     | 67/201 took 4963ms - remaining ~665sec
> FullState      | {'passedTime': 4052}
> ResultValue    | 4052
>
> KnobValues     | {'compileThreshold': 13400}
> Statistics     | 68/201 took 4827ms - remaining ~641sec
> FullState      | {'passedTime': 3925}
> ResultValue    | 3925
>
> KnobValues     | {'compileThreshold': 13600}
> Statistics     | 69/201 took 5062ms - remaining ~668sec
> FullState      | {'passedTime': 4150}
> ResultValue    | 4150
>
> KnobValues     | {'compileThreshold': 13800}
> Statistics     | 70/201 took 4635ms - remaining ~607sec
> FullState      | {'passedTime': 3724}
> ResultValue    | 3724
>
> KnobValues     | {'compileThreshold': 14000}
> Statistics     | 71/201 took 4664ms - remaining ~606sec
> FullState      | {'passedTime': 3754}
> ResultValue    | 3754
>
> KnobValues     | {'compileThreshold': 14200}
> Statistics     | 72/201 took 4752ms - remaining ~613sec
> FullState      | {'passedTime': 3838}
> ResultValue    | 3838
>
> KnobValues     | {'compileThreshold': 14400}
> Statistics     | 73/201 took 4721ms - remaining ~604sec
> FullState      | {'passedTime': 3814}
> ResultValue    | 3814
>
> KnobValues     | {'compileThreshold': 14600}
> Statistics     | 74/201 took 4968ms - remaining ~630sec
> FullState      | {'passedTime': 4062}
> ResultValue    | 4062
>
> KnobValues     | {'compileThreshold': 14800}
> Statistics     | 75/201 took 4974ms - remaining ~626sec
> FullState      | {'passedTime': 4067}
> ResultValue    | 4067
>
> KnobValues     | {'compileThreshold': 15000}
> Statistics     | 76/201 took 4656ms - remaining ~582sec
> FullState      | {'passedTime': 3745}
> ResultValue    | 3745
>
> KnobValues     | {'compileThreshold': 15200}
> Statistics     | 77/201 took 4959ms - remaining ~614sec
> FullState      | {'passedTime': 4053}
> ResultValue    | 4053
>
> KnobValues     | {'compileThreshold': 15400}
> Statistics     | 78/201 took 4835ms - remaining ~594sec
> FullState      | {'passedTime': 3931}
> ResultValue    | 3931
>
> KnobValues     | {'compileThreshold': 15600}
> Statistics     | 79/201 took 4639ms - remaining ~565sec
> FullState      | {'passedTime': 3730}
> ResultValue    | 3730
>
> KnobValues     | {'compileThreshold': 15800}
> Statistics     | 80/201 took 4990ms - remaining ~603sec
> FullState      | {'passedTime': 4082}
> ResultValue    | 4082
>
> KnobValues     | {'compileThreshold': 16000}
> Statistics     | 81/201 took 4636ms - remaining ~556sec
> FullState      | {'passedTime': 3725}
> ResultValue    | 3725
>
> KnobValues     | {'compileThreshold': 16200}
> Statistics     | 82/201 took 4735ms - remaining ~563sec
> FullState      | {'passedTime': 3828}
> ResultValue    | 3828
>
> KnobValues     | {'compileThreshold': 16400}
> Statistics     | 83/201 took 5087ms - remaining ~600sec
> FullState      | {'passedTime': 4183}
> ResultValue    | 4183
>
> KnobValues     | {'compileThreshold': 16600}
> Statistics     | 84/201 took 4631ms - remaining ~541sec
> FullState      | {'passedTime': 3729}
> ResultValue    | 3729
>
> KnobValues     | {'compileThreshold': 16800}
> Statistics     | 85/201 took 4426ms - remaining ~513sec
> FullState      | {'passedTime': 3513}
> ResultValue    | 3513
>
> KnobValues     | {'compileThreshold': 17000}
> Statistics     | 86/201 took 4643ms - remaining ~533sec
> FullState      | {'passedTime': 3727}
> ResultValue    | 3727
>
> KnobValues     | {'compileThreshold': 17200}
> Statistics     | 87/201 took 4712ms - remaining ~537sec
> FullState      | {'passedTime': 3806}
> ResultValue    | 3806
>
> KnobValues     | {'compileThreshold': 17400}
> Statistics     | 88/201 took 4731ms - remaining ~534sec
> FullState      | {'passedTime': 3827}
> ResultValue    | 3827
>
> KnobValues     | {'compileThreshold': 17600}
> Statistics     | 89/201 took 4786ms - remaining ~536sec
> FullState      | {'passedTime': 3877}
> ResultValue    | 3877
>
> KnobValues     | {'compileThreshold': 17800}
> Statistics     | 90/201 took 4672ms - remaining ~518sec
> FullState      | {'passedTime': 3764}
> ResultValue    | 3764
>
> KnobValues     | {'compileThreshold': 18000}
> Statistics     | 91/201 took 4991ms - remaining ~549sec
> FullState      | {'passedTime': 4078}
> ResultValue    | 4078
>
> KnobValues     | {'compileThreshold': 18200}
> Statistics     | 92/201 took 4840ms - remaining ~527sec
> FullState      | {'passedTime': 3919}
> ResultValue    | 3919
>
> KnobValues     | {'compileThreshold': 18400}
> Statistics     | 93/201 took 4811ms - remaining ~519sec
> FullState      | {'passedTime': 3904}
> ResultValue    | 3904
>
> KnobValues     | {'compileThreshold': 18600}
> Statistics     | 94/201 took 4967ms - remaining ~531sec
> FullState      | {'passedTime': 4057}
> ResultValue    | 4057
>
> KnobValues     | {'compileThreshold': 18800}
> Statistics     | 95/201 took 4982ms - remaining ~528sec
> FullState      | {'passedTime': 4069}
> ResultValue    | 4069
>
> KnobValues     | {'compileThreshold': 19000}
> Statistics     | 96/201 took 5059ms - remaining ~531sec
> FullState      | {'passedTime': 4148}
> ResultValue    | 4148
>
> KnobValues     | {'compileThreshold': 19200}
> Statistics     | 97/201 took 4638ms - remaining ~482sec
> FullState      | {'passedTime': 3728}
> ResultValue    | 3728
>
> KnobValues     | {'compileThreshold': 19400}
> Statistics     | 98/201 took 4772ms - remaining ~491sec
> FullState      | {'passedTime': 3857}
> ResultValue    | 3857
>
> KnobValues     | {'compileThreshold': 19600}
> Statistics     | 99/201 took 4682ms - remaining ~477sec
> FullState      | {'passedTime': 3772}
> ResultValue    | 3772
>
> KnobValues     | {'compileThreshold': 19800}
> Statistics     | 100/201 took 4628ms - remaining ~467sec
> FullState      | {'passedTime': 3722}
> ResultValue    | 3722
>
> KnobValues     | {'compileThreshold': 20000}
> Statistics     | 101/201 took 4646ms - remaining ~464sec
> FullState      | {'passedTime': 3742}
> ResultValue    | 3742
>
> KnobValues     | {'compileThreshold': 20200}
> Statistics     | 102/201 took 4756ms - remaining ~470sec
> FullState      | {'passedTime': 3842}
> ResultValue    | 3842
>
> KnobValues     | {'compileThreshold': 20400}
> Statistics     | 103/201 took 4967ms - remaining ~486sec
> FullState      | {'passedTime': 4061}
> ResultValue    | 4061
>
> KnobValues     | {'compileThreshold': 20600}
> Statistics     | 104/201 took 4718ms - remaining ~457sec
> FullState      | {'passedTime': 3813}
> ResultValue    | 3813
>
> KnobValues     | {'compileThreshold': 20800}
> Statistics     | 105/201 took 4691ms - remaining ~450sec
> FullState      | {'passedTime': 3789}
> ResultValue    | 3789
>
> KnobValues     | {'compileThreshold': 21000}
> Statistics     | 106/201 took 4675ms - remaining ~444sec
> FullState      | {'passedTime': 3771}
> ResultValue    | 3771
>
> KnobValues     | {'compileThreshold': 21200}
> Statistics     | 107/201 took 5035ms - remaining ~473sec
> FullState      | {'passedTime': 4123}
> ResultValue    | 4123
>
> KnobValues     | {'compileThreshold': 21400}
> Statistics     | 108/201 took 4616ms - remaining ~429sec
> FullState      | {'passedTime': 3705}
> ResultValue    | 3705
>
> KnobValues     | {'compileThreshold': 21600}
> Statistics     | 109/201 took 4823ms - remaining ~443sec
> FullState      | {'passedTime': 3917}
> ResultValue    | 3917
>
> KnobValues     | {'compileThreshold': 21800}
> Statistics     | 110/201 took 4751ms - remaining ~432sec
> FullState      | {'passedTime': 3842}
> ResultValue    | 3842
>
> KnobValues     | {'compileThreshold': 22000}
> Statistics     | 111/201 took 4635ms - remaining ~417sec
> FullState      | {'passedTime': 3729}
> ResultValue    | 3729
>
> KnobValues     | {'compileThreshold': 22200}
> Statistics     | 112/201 took 5004ms - remaining ~445sec
> FullState      | {'passedTime': 4091}
> ResultValue    | 4091
>
> KnobValues     | {'compileThreshold': 22400}
> Statistics     | 113/201 took 4655ms - remaining ~409sec
> FullState      | {'passedTime': 3749}
> ResultValue    | 3749
>
> KnobValues     | {'compileThreshold': 22600}
> Statistics     | 114/201 took 4968ms - remaining ~432sec
> FullState      | {'passedTime': 4061}
> ResultValue    | 4061
>
> KnobValues     | {'compileThreshold': 22800}
> Statistics     | 115/201 took 4645ms - remaining ~399sec
> FullState      | {'passedTime': 3734}
> ResultValue    | 3734
>
> KnobValues     | {'compileThreshold': 23000}
> Statistics     | 116/201 took 4737ms - remaining ~402sec
> FullState      | {'passedTime': 3832}
> ResultValue    | 3832
>
> KnobValues     | {'compileThreshold': 23200}
> Statistics     | 117/201 took 4983ms - remaining ~418sec
> FullState      | {'passedTime': 4080}
> ResultValue    | 4080
>
> KnobValues     | {'compileThreshold': 23400}
> Statistics     | 118/201 took 4755ms - remaining ~394sec
> FullState      | {'passedTime': 3849}
> ResultValue    | 3849
>
> KnobValues     | {'compileThreshold': 23600}
> Statistics     | 119/201 took 5076ms - remaining ~416sec
> FullState      | {'passedTime': 4166}
> ResultValue    | 4166
>
> KnobValues     | {'compileThreshold': 23800}
> Statistics     | 120/201 took 4646ms - remaining ~376sec
> FullState      | {'passedTime': 3740}
> ResultValue    | 3740
>
> KnobValues     | {'compileThreshold': 24000}
> Statistics     | 121/201 took 4960ms - remaining ~396sec
> FullState      | {'passedTime': 4050}
> ResultValue    | 4050
>
> KnobValues     | {'compileThreshold': 24200}
> Statistics     | 122/201 took 4626ms - remaining ~365sec
> FullState      | {'passedTime': 3719}
> ResultValue    | 3719
>
> KnobValues     | {'compileThreshold': 24400}
> Statistics     | 123/201 took 4987ms - remaining ~388sec
> FullState      | {'passedTime': 4079}
> ResultValue    | 4079
>
> KnobValues     | {'compileThreshold': 24600}
> Statistics     | 124/201 took 5006ms - remaining ~385sec
> FullState      | {'passedTime': 4102}
> ResultValue    | 4102
>
> KnobValues     | {'compileThreshold': 24800}
> Statistics     | 125/201 took 4741ms - remaining ~360sec
> FullState      | {'passedTime': 3834}
> ResultValue    | 3834
>
> KnobValues     | {'compileThreshold': 25000}
> Statistics     | 126/201 took 4954ms - remaining ~371sec
> FullState      | {'passedTime': 4038}
> ResultValue    | 4038
>
> KnobValues     | {'compileThreshold': 25200}
> Statistics     | 127/201 took 5079ms - remaining ~375sec
> FullState      | {'passedTime': 4169}
> ResultValue    | 4169
>
> KnobValues     | {'compileThreshold': 25400}
> Statistics     | 128/201 took 5056ms - remaining ~369sec
> FullState      | {'passedTime': 4148}
> ResultValue    | 4148
>
> KnobValues     | {'compileThreshold': 25600}
> Statistics     | 129/201 took 4658ms - remaining ~335sec
> FullState      | {'passedTime': 3747}
> ResultValue    | 3747
>
> KnobValues     | {'compileThreshold': 25800}
> Statistics     | 130/201 took 5091ms - remaining ~361sec
> FullState      | {'passedTime': 4189}
> ResultValue    | 4189
>
> KnobValues     | {'compileThreshold': 26000}
> Statistics     | 131/201 took 4619ms - remaining ~323sec
> FullState      | {'passedTime': 3711}
> ResultValue    | 3711
>
> KnobValues     | {'compileThreshold': 26200}
> Statistics     | 132/201 took 4972ms - remaining ~343sec
> FullState      | {'passedTime': 4068}
> ResultValue    | 4068
>
> KnobValues     | {'compileThreshold': 26400}
> Statistics     | 133/201 took 4776ms - remaining ~324sec
> FullState      | {'passedTime': 3867}
> ResultValue    | 3867
>
> KnobValues     | {'compileThreshold': 26600}
> Statistics     | 134/201 took 4694ms - remaining ~314sec
> FullState      | {'passedTime': 3783}
> ResultValue    | 3783
>
> KnobValues     | {'compileThreshold': 26800}
> Statistics     | 135/201 took 4683ms - remaining ~309sec
> FullState      | {'passedTime': 3775}
> ResultValue    | 3775
>
> KnobValues     | {'compileThreshold': 27000}
> Statistics     | 136/201 took 4636ms - remaining ~301sec
> FullState      | {'passedTime': 3733}
> ResultValue    | 3733
>
> KnobValues     | {'compileThreshold': 27200}
> Statistics     | 137/201 took 5060ms - remaining ~323sec
> FullState      | {'passedTime': 4147}
> ResultValue    | 4147
>
> KnobValues     | {'compileThreshold': 27400}
> Statistics     | 138/201 took 4642ms - remaining ~292sec
> FullState      | {'passedTime': 3739}
> ResultValue    | 3739
>
> KnobValues     | {'compileThreshold': 27600}
> Statistics     | 139/201 took 4699ms - remaining ~291sec
> FullState      | {'passedTime': 3794}
> ResultValue    | 3794
>
> KnobValues     | {'compileThreshold': 27800}
> Statistics     | 140/201 took 4775ms - remaining ~291sec
> FullState      | {'passedTime': 3863}
> ResultValue    | 3863
>
> KnobValues     | {'compileThreshold': 28000}
> Statistics     | 141/201 took 4642ms - remaining ~278sec
> FullState      | {'passedTime': 3733}
> ResultValue    | 3733
>
> KnobValues     | {'compileThreshold': 28200}
> Statistics     | 142/201 took 4780ms - remaining ~282sec
> FullState      | {'passedTime': 3876}
> ResultValue    | 3876
>
> KnobValues     | {'compileThreshold': 28400}
> Statistics     | 143/201 took 4807ms - remaining ~278sec
> FullState      | {'passedTime': 3897}
> ResultValue    | 3897
>
> KnobValues     | {'compileThreshold': 28600}
> Statistics     | 144/201 took 4548ms - remaining ~259sec
> FullState      | {'passedTime': 3642}
> ResultValue    | 3642
>
> KnobValues     | {'compileThreshold': 28800}
> Statistics     | 145/201 took 4742ms - remaining ~265sec
> FullState      | {'passedTime': 3832}
> ResultValue    | 3832
>
> KnobValues     | {'compileThreshold': 29000}
> Statistics     | 146/201 took 4802ms - remaining ~264sec
> FullState      | {'passedTime': 3893}
> ResultValue    | 3893
>
> KnobValues     | {'compileThreshold': 29200}
> Statistics     | 147/201 took 4960ms - remaining ~267sec
> FullState      | {'passedTime': 4047}
> ResultValue    | 4047
>
> KnobValues     | {'compileThreshold': 29400}
> Statistics     | 148/201 took 4623ms - remaining ~245sec
> FullState      | {'passedTime': 3715}
> ResultValue    | 3715
>
> KnobValues     | {'compileThreshold': 29600}
> Statistics     | 149/201 took 4980ms - remaining ~258sec
> FullState      | {'passedTime': 4068}
> ResultValue    | 4068
>
> KnobValues     | {'compileThreshold': 29800}
> Statistics     | 150/201 took 5058ms - remaining ~257sec
> FullState      | {'passedTime': 4147}
> ResultValue    | 4147
>
> KnobValues     | {'compileThreshold': 30000}
> Statistics     | 151/201 took 4654ms - remaining ~232sec
> FullState      | {'passedTime': 3750}
> ResultValue    | 3750
>
> KnobValues     | {'compileThreshold': 30200}
> Statistics     | 152/201 took 4647ms - remaining ~227sec
> FullState      | {'passedTime': 3737}
> ResultValue    | 3737
>
> KnobValues     | {'compileThreshold': 30400}
> Statistics     | 153/201 took 4980ms - remaining ~239sec
> FullState      | {'passedTime': 4070}
> ResultValue    | 4070
>
> KnobValues     | {'compileThreshold': 30600}
> Statistics     | 154/201 took 5069ms - remaining ~238sec
> FullState      | {'passedTime': 4155}
> ResultValue    | 4155
>
> KnobValues     | {'compileThreshold': 30800}
> Statistics     | 155/201 took 4969ms - remaining ~228sec
> FullState      | {'passedTime': 4060}
> ResultValue    | 4060
>
> KnobValues     | {'compileThreshold': 31000}
> Statistics     | 156/201 took 4738ms - remaining ~213sec
> FullState      | {'passedTime': 3827}
> ResultValue    | 3827
>
> KnobValues     | {'compileThreshold': 31200}
> Statistics     | 157/201 took 4163ms - remaining ~183sec
> FullState      | {'passedTime': 3256}
> ResultValue    | 3256
>
> KnobValues     | {'compileThreshold': 31400}
> Statistics     | 158/201 took 4952ms - remaining ~212sec
> FullState      | {'passedTime': 4038}
> ResultValue    | 4038
>
> KnobValues     | {'compileThreshold': 31600}
> Statistics     | 159/201 took 4970ms - remaining ~208sec
> FullState      | {'passedTime': 4059}
> ResultValue    | 4059
>
> KnobValues     | {'compileThreshold': 31800}
> Statistics     | 160/201 took 4960ms - remaining ~203sec
> FullState      | {'passedTime': 4052}
> ResultValue    | 4052
>
> KnobValues     | {'compileThreshold': 32000}
> Statistics     | 161/201 took 4676ms - remaining ~187sec
> FullState      | {'passedTime': 3764}
> ResultValue    | 3764
>
> KnobValues     | {'compileThreshold': 32200}
> Statistics     | 162/201 took 4982ms - remaining ~194sec
> FullState      | {'passedTime': 4073}
> ResultValue    | 4073
>
> KnobValues     | {'compileThreshold': 32400}
> Statistics     | 163/201 took 4695ms - remaining ~178sec
> FullState      | {'passedTime': 3780}
> ResultValue    | 3780
>
> KnobValues     | {'compileThreshold': 32600}
> Statistics     | 164/201 took 4624ms - remaining ~171sec
> FullState      | {'passedTime': 3719}
> ResultValue    | 3719
>
> KnobValues     | {'compileThreshold': 32800}
> Statistics     | 165/201 took 4710ms - remaining ~169sec
> FullState      | {'passedTime': 3795}
> ResultValue    | 3795
>
> KnobValues     | {'compileThreshold': 33000}
> Statistics     | 166/201 took 4984ms - remaining ~174sec
> FullState      | {'passedTime': 4075}
> ResultValue    | 4075
>
> KnobValues     | {'compileThreshold': 33200}
> Statistics     | 167/201 took 4824ms - remaining ~164sec
> FullState      | {'passedTime': 3921}
> ResultValue    | 3921
>
> KnobValues     | {'compileThreshold': 33400}
> Statistics     | 168/201 took 4960ms - remaining ~163sec
> FullState      | {'passedTime': 4054}
> ResultValue    | 4054
>
> KnobValues     | {'compileThreshold': 33600}
> Statistics     | 169/201 took 4625ms - remaining ~148sec
> FullState      | {'passedTime': 3718}
> ResultValue    | 3718
>
> KnobValues     | {'compileThreshold': 33800}
> Statistics     | 170/201 took 4466ms - remaining ~138sec
> FullState      | {'passedTime': 3556}
> ResultValue    | 3556
>
> KnobValues     | {'compileThreshold': 34000}
> Statistics     | 171/201 took 4989ms - remaining ~149sec
> FullState      | {'passedTime': 4083}
> ResultValue    | 4083
>
> KnobValues     | {'compileThreshold': 34200}
> Statistics     | 172/201 took 4784ms - remaining ~138sec
> FullState      | {'passedTime': 3883}
> ResultValue    | 3883
>
> KnobValues     | {'compileThreshold': 34400}
> Statistics     | 173/201 took 4646ms - remaining ~130sec
> FullState      | {'passedTime': 3730}
> ResultValue    | 3730
>
> KnobValues     | {'compileThreshold': 34600}
> Statistics     | 174/201 took 5067ms - remaining ~136sec
> FullState      | {'passedTime': 4161}
> ResultValue    | 4161
>
> KnobValues     | {'compileThreshold': 34800}
> Statistics     | 175/201 took 4732ms - remaining ~123sec
> FullState      | {'passedTime': 3819}
> ResultValue    | 3819
>
> KnobValues     | {'compileThreshold': 35000}
> Statistics     | 176/201 took 4675ms - remaining ~116sec
> FullState      | {'passedTime': 3766}
> ResultValue    | 3766
>
> KnobValues     | {'compileThreshold': 35200}
> Statistics     | 177/201 took 4728ms - remaining ~113sec
> FullState      | {'passedTime': 3821}
> ResultValue    | 3821
>
> KnobValues     | {'compileThreshold': 35400}
> Statistics     | 178/201 took 4807ms - remaining ~110sec
> FullState      | {'passedTime': 3900}
> ResultValue    | 3900
>
> KnobValues     | {'compileThreshold': 35600}
> Statistics     | 179/201 took 4975ms - remaining ~109sec
> FullState      | {'passedTime': 4058}
> ResultValue    | 4058
>
> KnobValues     | {'compileThreshold': 35800}
> Statistics     | 180/201 took 4639ms - remaining ~97sec
> FullState      | {'passedTime': 3725}
> ResultValue    | 3725
>
> KnobValues     | {'compileThreshold': 36000}
> Statistics     | 181/201 took 4843ms - remaining ~96sec
> FullState      | {'passedTime': 3933}
> ResultValue    | 3933
>
> KnobValues     | {'compileThreshold': 36200}
> Statistics     | 182/201 took 4748ms - remaining ~90sec
> FullState      | {'passedTime': 3839}
> ResultValue    | 3839
>
> KnobValues     | {'compileThreshold': 36400}
> Statistics     | 183/201 took 4751ms - remaining ~85sec
> FullState      | {'passedTime': 3839}
> ResultValue    | 3839
>
> KnobValues     | {'compileThreshold': 36600}
> Statistics     | 184/201 took 4811ms - remaining ~81sec
> FullState      | {'passedTime': 3901}
> ResultValue    | 3901
>
> KnobValues     | {'compileThreshold': 36800}
> Statistics     | 185/201 took 4748ms - remaining ~75sec
> FullState      | {'passedTime': 3840}
> ResultValue    | 3840
>
> KnobValues     | {'compileThreshold': 37000}
> Statistics     | 186/201 took 4680ms - remaining ~70sec
> FullState      | {'passedTime': 3773}
> ResultValue    | 3773
>
> KnobValues     | {'compileThreshold': 37200}
> Statistics     | 187/201 took 4727ms - remaining ~66sec
> FullState      | {'passedTime': 3818}
> ResultValue    | 3818
>
> KnobValues     | {'compileThreshold': 37400}
> Statistics     | 188/201 took 4993ms - remaining ~64sec
> FullState      | {'passedTime': 4083}
> ResultValue    | 4083
>
> KnobValues     | {'compileThreshold': 37600}
> Statistics     | 189/201 took 4809ms - remaining ~57sec
> FullState      | {'passedTime': 3901}
> ResultValue    | 3901
>
> KnobValues     | {'compileThreshold': 37800}
> Statistics     | 190/201 took 4642ms - remaining ~51sec
> FullState      | {'passedTime': 3736}
> ResultValue    | 3736
>
> KnobValues     | {'compileThreshold': 38000}
> Statistics     | 191/201 took 4968ms - remaining ~49sec
> FullState      | {'passedTime': 4053}
> ResultValue    | 4053
>
> KnobValues     | {'compileThreshold': 38200}
> Statistics     | 192/201 took 4639ms - remaining ~41sec
> FullState      | {'passedTime': 3734}
> ResultValue    | 3734
>
> KnobValues     | {'compileThreshold': 38400}
> Statistics     | 193/201 took 4656ms - remaining ~37sec
> FullState      | {'passedTime': 3750}
> ResultValue    | 3750
>
> KnobValues     | {'compileThreshold': 38600}
> Statistics     | 194/201 took 4640ms - remaining ~32sec
> FullState      | {'passedTime': 3733}
> ResultValue    | 3733
>
> KnobValues     | {'compileThreshold': 38800}
> Statistics     | 195/201 took 4755ms - remaining ~28sec
> FullState      | {'passedTime': 3852}
> ResultValue    | 3852
>
> KnobValues     | {'compileThreshold': 39000}
> Statistics     | 196/201 took 4966ms - remaining ~24sec
> FullState      | {'passedTime': 4058}
> ResultValue    | 4058
>
> KnobValues     | {'compileThreshold': 39200}
> Statistics     | 197/201 took 4997ms - remaining ~19sec
> FullState      | {'passedTime': 4082}
> ResultValue    | 4082
>
> KnobValues     | {'compileThreshold': 39400}
> Statistics     | 198/201 took 4961ms - remaining ~14sec
> FullState      | {'passedTime': 4055}
> ResultValue    | 4055
>
> KnobValues     | {'compileThreshold': 39600}
> Statistics     | 199/201 took 4763ms - remaining ~9sec
> FullState      | {'passedTime': 3853}
> ResultValue    | 3853
>
> KnobValues     | {'compileThreshold': 39800}
> Statistics     | 200/201 took 4751ms - remaining ~4sec
> FullState      | {'passedTime': 3845}
> ResultValue    | 3845
>
> KnobValues     | {'compileThreshold': 40000}
> Statistics     | 201/201 took 4768ms - remaining ~0sec
> FullState      | {'passedTime': 3861}
> ResultValue    | 3861
>
> Finished workflow
######################################
> Reporting on   | SingleRun-0-Baseline
> Found 1 knob, creating scatter plot...
> Plot saved at scenarios/a-singleRun/2-compiledThreshold/2018-10-08_23-53-56/scatter_plot.png
