
> Do VMTouch Prepare
           Files: 8954
     Directories: 1317
   Touched Pages: 241301 (942M)
         Elapsed: 0.7765 seconds

> Starting RTX experiment...
######################################
> Workflow       | Fastest-1-Inlining-level-size
> ExecStrategy   | Step
> Steps Created  | Count: 209
>
> KnobValues     | {'maxInlineSize': 10, 'maxInlineLevel': 5}
> Statistics     | 1/209 took 284855ms - remaining ~59249sec
> FullState      | {'minimumWarmupTime': 865}
> ResultValue    | 865
>
> KnobValues     | {'maxInlineSize': 10, 'maxInlineLevel': 6}
> Statistics     | 2/209 took 284631ms - remaining ~58918sec
> FullState      | {'minimumWarmupTime': 864}
> ResultValue    | 864
>
> KnobValues     | {'maxInlineSize': 10, 'maxInlineLevel': 7}
> Statistics     | 3/209 took 284725ms - remaining ~58653sec
> FullState      | {'minimumWarmupTime': 865}
> ResultValue    | 865
>
> KnobValues     | {'maxInlineSize': 10, 'maxInlineLevel': 8}
> Statistics     | 4/209 took 284977ms - remaining ~58420sec
> FullState      | {'minimumWarmupTime': 865}
> ResultValue    | 865
>
> KnobValues     | {'maxInlineSize': 10, 'maxInlineLevel': 9}
> Statistics     | 5/209 took 285125ms - remaining ~58165sec
> FullState      | {'minimumWarmupTime': 866}
> ResultValue    | 866
>
> KnobValues     | {'maxInlineSize': 10, 'maxInlineLevel': 10}
> Statistics     | 6/209 took 284618ms - remaining ~57777sec
> FullState      | {'minimumWarmupTime': 864}
> ResultValue    | 864
>
> KnobValues     | {'maxInlineSize': 10, 'maxInlineLevel': 11}
> Statistics     | 7/209 took 284849ms - remaining ~57539sec
> FullState      | {'minimumWarmupTime': 865}
> ResultValue    | 865
>
> KnobValues     | {'maxInlineSize': 10, 'maxInlineLevel': 12}
> Statistics     | 8/209 took 284772ms - remaining ~57239sec
> FullState      | {'minimumWarmupTime': 864}
> ResultValue    | 864
>
> KnobValues     | {'maxInlineSize': 10, 'maxInlineLevel': 13}
> Statistics     | 9/209 took 285642ms - remaining ~57128sec
> FullState      | {'minimumWarmupTime': 866}
> ResultValue    | 866
>
> KnobValues     | {'maxInlineSize': 10, 'maxInlineLevel': 14}
> Statistics     | 10/209 took 284940ms - remaining ~56703sec
> FullState      | {'minimumWarmupTime': 865}
> ResultValue    | 865
>
> KnobValues     | {'maxInlineSize': 10, 'maxInlineLevel': 15}
> Statistics     | 11/209 took 284840ms - remaining ~56398sec
> FullState      | {'minimumWarmupTime': 865}
> ResultValue    | 865
>
> KnobValues     | {'maxInlineSize': 15, 'maxInlineLevel': 5}
> Statistics     | 12/209 took 286584ms - remaining ~56457sec
> FullState      | {'minimumWarmupTime': 870}
> ResultValue    | 870
>
> KnobValues     | {'maxInlineSize': 15, 'maxInlineLevel': 6}
> Statistics     | 13/209 took 285791ms - remaining ~56015sec
> FullState      | {'minimumWarmupTime': 869}
> ResultValue    | 869
>
> KnobValues     | {'maxInlineSize': 15, 'maxInlineLevel': 7}
> Statistics     | 14/209 took 286665ms - remaining ~55899sec
> FullState      | {'minimumWarmupTime': 871}
> ResultValue    | 871
>
> KnobValues     | {'maxInlineSize': 15, 'maxInlineLevel': 8}
> Statistics     | 15/209 took 286157ms - remaining ~55514sec
> FullState      | {'minimumWarmupTime': 868}
> ResultValue    | 868
>
> KnobValues     | {'maxInlineSize': 15, 'maxInlineLevel': 9}
> Statistics     | 16/209 took 286371ms - remaining ~55269sec
> FullState      | {'minimumWarmupTime': 869}
> ResultValue    | 869
>
> KnobValues     | {'maxInlineSize': 15, 'maxInlineLevel': 10}
> Statistics     | 17/209 took 287089ms - remaining ~55121sec
> FullState      | {'minimumWarmupTime': 872}
> ResultValue    | 872
>
> KnobValues     | {'maxInlineSize': 15, 'maxInlineLevel': 11}
> Statistics     | 18/209 took 286801ms - remaining ~54778sec
> FullState      | {'minimumWarmupTime': 872}
> ResultValue    | 872
>
> KnobValues     | {'maxInlineSize': 15, 'maxInlineLevel': 12}
> Statistics     | 19/209 took 285998ms - remaining ~54339sec
> FullState      | {'minimumWarmupTime': 869}
> ResultValue    | 869
>
> KnobValues     | {'maxInlineSize': 15, 'maxInlineLevel': 13}
> Statistics     | 20/209 took 286866ms - remaining ~54217sec
> FullState      | {'minimumWarmupTime': 871}
> ResultValue    | 871
>
> KnobValues     | {'maxInlineSize': 15, 'maxInlineLevel': 14}
> Statistics     | 21/209 took 286545ms - remaining ~53870sec
> FullState      | {'minimumWarmupTime': 871}
> ResultValue    | 871
>
> KnobValues     | {'maxInlineSize': 15, 'maxInlineLevel': 15}
> Statistics     | 22/209 took 286497ms - remaining ~53574sec
> FullState      | {'minimumWarmupTime': 870}
> ResultValue    | 870
>
> KnobValues     | {'maxInlineSize': 20, 'maxInlineLevel': 5}
> Statistics     | 23/209 took 285578ms - remaining ~53117sec
> FullState      | {'minimumWarmupTime': 868}
> ResultValue    | 868
>
> KnobValues     | {'maxInlineSize': 20, 'maxInlineLevel': 6}
> Statistics     | 24/209 took 285726ms - remaining ~52859sec
> FullState      | {'minimumWarmupTime': 868}
> ResultValue    | 868
>
> KnobValues     | {'maxInlineSize': 20, 'maxInlineLevel': 7}
> Statistics     | 25/209 took 285411ms - remaining ~52515sec
> FullState      | {'minimumWarmupTime': 868}
> ResultValue    | 868
>
> KnobValues     | {'maxInlineSize': 20, 'maxInlineLevel': 8}
> Statistics     | 26/209 took 286357ms - remaining ~52403sec
> FullState      | {'minimumWarmupTime': 869}
> ResultValue    | 869
>
> KnobValues     | {'maxInlineSize': 20, 'maxInlineLevel': 9}
> Statistics     | 27/209 took 286031ms - remaining ~52057sec
> FullState      | {'minimumWarmupTime': 868}
> ResultValue    | 868
>
> KnobValues     | {'maxInlineSize': 20, 'maxInlineLevel': 10}
> Statistics     | 28/209 took 286042ms - remaining ~51773sec
> FullState      | {'minimumWarmupTime': 868}
> ResultValue    | 868
>
> KnobValues     | {'maxInlineSize': 20, 'maxInlineLevel': 11}
> Statistics     | 29/209 took 286092ms - remaining ~51496sec
> FullState      | {'minimumWarmupTime': 868}
> ResultValue    | 868
>
> KnobValues     | {'maxInlineSize': 20, 'maxInlineLevel': 12}
> Statistics     | 30/209 took 285700ms - remaining ~51140sec
> FullState      | {'minimumWarmupTime': 867}
> ResultValue    | 867
>
> KnobValues     | {'maxInlineSize': 20, 'maxInlineLevel': 13}
> Statistics     | 31/209 took 286280ms - remaining ~50957sec
> FullState      | {'minimumWarmupTime': 869}
> ResultValue    | 869
>
> KnobValues     | {'maxInlineSize': 20, 'maxInlineLevel': 14}
> Statistics     | 32/209 took 288517ms - remaining ~51067sec
> FullState      | {'minimumWarmupTime': 868}
> ResultValue    | 868
>
> KnobValues     | {'maxInlineSize': 20, 'maxInlineLevel': 15}
> Statistics     | 33/209 took 287282ms - remaining ~50561sec
> FullState      | {'minimumWarmupTime': 872}
> ResultValue    | 872
>
> KnobValues     | {'maxInlineSize': 25, 'maxInlineLevel': 5}
> Statistics     | 34/209 took 284854ms - remaining ~49849sec
> FullState      | {'minimumWarmupTime': 860}
> ResultValue    | 860
>
> KnobValues     | {'maxInlineSize': 25, 'maxInlineLevel': 6}
> Statistics     | 35/209 took 284502ms - remaining ~49503sec
> FullState      | {'minimumWarmupTime': 860}
> ResultValue    | 860
>
> KnobValues     | {'maxInlineSize': 25, 'maxInlineLevel': 7}
> Statistics     | 36/209 took 284995ms - remaining ~49304sec
> FullState      | {'minimumWarmupTime': 861}
> ResultValue    | 861
>
> KnobValues     | {'maxInlineSize': 25, 'maxInlineLevel': 8}
> Statistics     | 37/209 took 284904ms - remaining ~49003sec
> FullState      | {'minimumWarmupTime': 860}
> ResultValue    | 860
>
> KnobValues     | {'maxInlineSize': 25, 'maxInlineLevel': 9}
> Statistics     | 38/209 took 284709ms - remaining ~48685sec
> FullState      | {'minimumWarmupTime': 859}
> ResultValue    | 859
>
> KnobValues     | {'maxInlineSize': 25, 'maxInlineLevel': 10}
> Statistics     | 39/209 took 284860ms - remaining ~48426sec
> FullState      | {'minimumWarmupTime': 860}
> ResultValue    | 860
>
> KnobValues     | {'maxInlineSize': 25, 'maxInlineLevel': 11}
> Statistics     | 40/209 took 284820ms - remaining ~48134sec
> FullState      | {'minimumWarmupTime': 859}
> ResultValue    | 859
>
> KnobValues     | {'maxInlineSize': 25, 'maxInlineLevel': 12}
> Statistics     | 41/209 took 284700ms - remaining ~47829sec
> FullState      | {'minimumWarmupTime': 860}
> ResultValue    | 860
>
> KnobValues     | {'maxInlineSize': 25, 'maxInlineLevel': 13}
> Statistics     | 42/209 took 284551ms - remaining ~47520sec
> FullState      | {'minimumWarmupTime': 859}
> ResultValue    | 859
>
> KnobValues     | {'maxInlineSize': 25, 'maxInlineLevel': 14}
> Statistics     | 43/209 took 284999ms - remaining ~47309sec
> FullState      | {'minimumWarmupTime': 860}
> ResultValue    | 860
>
> KnobValues     | {'maxInlineSize': 25, 'maxInlineLevel': 15}
> Statistics     | 44/209 took 285046ms - remaining ~47032sec
> FullState      | {'minimumWarmupTime': 861}
> ResultValue    | 861
>
> KnobValues     | {'maxInlineSize': 30, 'maxInlineLevel': 5}
> Statistics     | 45/209 took 285360ms - remaining ~46799sec
> FullState      | {'minimumWarmupTime': 863}
> ResultValue    | 863
>
> KnobValues     | {'maxInlineSize': 30, 'maxInlineLevel': 6}
> Statistics     | 46/209 took 285431ms - remaining ~46525sec
> FullState      | {'minimumWarmupTime': 863}
> ResultValue    | 863
>
> KnobValues     | {'maxInlineSize': 30, 'maxInlineLevel': 7}
> Statistics     | 47/209 took 285492ms - remaining ~46249sec
> FullState      | {'minimumWarmupTime': 862}
> ResultValue    | 862
>
> KnobValues     | {'maxInlineSize': 30, 'maxInlineLevel': 8}
> Statistics     | 48/209 took 285334ms - remaining ~45938sec
> FullState      | {'minimumWarmupTime': 862}
> ResultValue    | 862
>
> KnobValues     | {'maxInlineSize': 30, 'maxInlineLevel': 9}
> Statistics     | 49/209 took 285332ms - remaining ~45653sec
> FullState      | {'minimumWarmupTime': 862}
> ResultValue    | 862
>
> KnobValues     | {'maxInlineSize': 30, 'maxInlineLevel': 10}
> Statistics     | 50/209 took 285642ms - remaining ~45417sec
> FullState      | {'minimumWarmupTime': 862}
> ResultValue    | 862
>
> KnobValues     | {'maxInlineSize': 30, 'maxInlineLevel': 11}
> Statistics     | 51/209 took 285929ms - remaining ~45176sec
> FullState      | {'minimumWarmupTime': 863}
> ResultValue    | 863
>
> KnobValues     | {'maxInlineSize': 30, 'maxInlineLevel': 12}
> Statistics     | 52/209 took 285540ms - remaining ~44829sec
> FullState      | {'minimumWarmupTime': 862}
> ResultValue    | 862
>
> KnobValues     | {'maxInlineSize': 30, 'maxInlineLevel': 13}
> Statistics     | 53/209 took 285352ms - remaining ~44514sec
> FullState      | {'minimumWarmupTime': 862}
> ResultValue    | 862
>
> KnobValues     | {'maxInlineSize': 30, 'maxInlineLevel': 14}
> Statistics     | 54/209 took 285743ms - remaining ~44290sec
> FullState      | {'minimumWarmupTime': 862}
> ResultValue    | 862
>
> KnobValues     | {'maxInlineSize': 30, 'maxInlineLevel': 15}
> Statistics     | 55/209 took 285891ms - remaining ~44027sec
> FullState      | {'minimumWarmupTime': 863}
> ResultValue    | 863
>
> KnobValues     | {'maxInlineSize': 35, 'maxInlineLevel': 5}
> Statistics     | 56/209 took 283174ms - remaining ~43325sec
> FullState      | {'minimumWarmupTime': 854}
> ResultValue    | 854
>
> KnobValues     | {'maxInlineSize': 35, 'maxInlineLevel': 6}
> Statistics     | 57/209 took 283319ms - remaining ~43064sec
> FullState      | {'minimumWarmupTime': 854}
> ResultValue    | 854
>
> KnobValues     | {'maxInlineSize': 35, 'maxInlineLevel': 7}
> Statistics     | 58/209 took 282981ms - remaining ~42730sec
> FullState      | {'minimumWarmupTime': 853}
> ResultValue    | 853
>
> KnobValues     | {'maxInlineSize': 35, 'maxInlineLevel': 8}
> Statistics     | 59/209 took 283441ms - remaining ~42516sec
> FullState      | {'minimumWarmupTime': 854}
> ResultValue    | 854
>
> KnobValues     | {'maxInlineSize': 35, 'maxInlineLevel': 9}
> Statistics     | 60/209 took 283016ms - remaining ~42169sec
> FullState      | {'minimumWarmupTime': 853}
> ResultValue    | 853
>
> KnobValues     | {'maxInlineSize': 35, 'maxInlineLevel': 10}
> Statistics     | 61/209 took 283526ms - remaining ~41961sec
> FullState      | {'minimumWarmupTime': 854}
> ResultValue    | 854
>
> KnobValues     | {'maxInlineSize': 35, 'maxInlineLevel': 11}
> Statistics     | 62/209 took 283033ms - remaining ~41605sec
> FullState      | {'minimumWarmupTime': 853}
> ResultValue    | 853
>
> KnobValues     | {'maxInlineSize': 35, 'maxInlineLevel': 12}
> Statistics     | 63/209 took 283033ms - remaining ~41322sec
> FullState      | {'minimumWarmupTime': 853}
> ResultValue    | 853
>
> KnobValues     | {'maxInlineSize': 35, 'maxInlineLevel': 13}
> Statistics     | 64/209 took 282311ms - remaining ~40935sec
> FullState      | {'minimumWarmupTime': 850}
> ResultValue    | 850
>
> KnobValues     | {'maxInlineSize': 35, 'maxInlineLevel': 14}
> Statistics     | 65/209 took 283048ms - remaining ~40758sec
> FullState      | {'minimumWarmupTime': 853}
> ResultValue    | 853
>
> KnobValues     | {'maxInlineSize': 35, 'maxInlineLevel': 15}
> Statistics     | 66/209 took 283162ms - remaining ~40492sec
> FullState      | {'minimumWarmupTime': 854}
> ResultValue    | 854
>
> KnobValues     | {'maxInlineSize': 40, 'maxInlineLevel': 5}
> Statistics     | 67/209 took 282733ms - remaining ~40148sec
> FullState      | {'minimumWarmupTime': 853}
> ResultValue    | 853
>
> KnobValues     | {'maxInlineSize': 40, 'maxInlineLevel': 6}
> Statistics     | 68/209 took 283220ms - remaining ~39934sec
> FullState      | {'minimumWarmupTime': 854}
> ResultValue    | 854
>
> KnobValues     | {'maxInlineSize': 40, 'maxInlineLevel': 7}
> Statistics     | 69/209 took 282955ms - remaining ~39613sec
> FullState      | {'minimumWarmupTime': 853}
> ResultValue    | 853
>
> KnobValues     | {'maxInlineSize': 40, 'maxInlineLevel': 8}
> Statistics     | 70/209 took 313265ms - remaining ~43543sec
> FullState      | {'minimumWarmupTime': 851}
> ResultValue    | 851
>
> KnobValues     | {'maxInlineSize': 40, 'maxInlineLevel': 9}
> Statistics     | 71/209 took 328712ms - remaining ~45362sec
> FullState      | {'minimumWarmupTime': 854}
> ResultValue    | 854
>
> KnobValues     | {'maxInlineSize': 40, 'maxInlineLevel': 10}
> Statistics     | 72/209 took 327918ms - remaining ~44924sec
> FullState      | {'minimumWarmupTime': 854}
> ResultValue    | 854
>
> KnobValues     | {'maxInlineSize': 40, 'maxInlineLevel': 11}
> Statistics     | 73/209 took 329027ms - remaining ~44747sec
> FullState      | {'minimumWarmupTime': 854}
> ResultValue    | 854
>
> KnobValues     | {'maxInlineSize': 40, 'maxInlineLevel': 12}
> Statistics     | 74/209 took 329210ms - remaining ~44443sec
> FullState      | {'minimumWarmupTime': 853}
> ResultValue    | 853
>
> KnobValues     | {'maxInlineSize': 40, 'maxInlineLevel': 13}
> Statistics     | 75/209 took 328699ms - remaining ~44045sec
> FullState      | {'minimumWarmupTime': 853}
> ResultValue    | 853
>
> KnobValues     | {'maxInlineSize': 40, 'maxInlineLevel': 14}
> Statistics     | 76/209 took 328211ms - remaining ~43652sec
> FullState      | {'minimumWarmupTime': 852}
> ResultValue    | 852
>
> KnobValues     | {'maxInlineSize': 40, 'maxInlineLevel': 15}
> Statistics     | 77/209 took 328349ms - remaining ~43342sec
> FullState      | {'minimumWarmupTime': 853}
> ResultValue    | 853
>
> KnobValues     | {'maxInlineSize': 45, 'maxInlineLevel': 5}
> Statistics     | 78/209 took 282747ms - remaining ~37039sec
> FullState      | {'minimumWarmupTime': 852}
> ResultValue    | 852
>
> KnobValues     | {'maxInlineSize': 45, 'maxInlineLevel': 6}
> Statistics     | 79/209 took 283372ms - remaining ~36838sec
> FullState      | {'minimumWarmupTime': 854}
> ResultValue    | 854
>
> KnobValues     | {'maxInlineSize': 45, 'maxInlineLevel': 7}
> Statistics     | 80/209 took 283491ms - remaining ~36570sec
> FullState      | {'minimumWarmupTime': 853}
> ResultValue    | 853
>
> KnobValues     | {'maxInlineSize': 45, 'maxInlineLevel': 8}
> Statistics     | 81/209 took 320679ms - remaining ~41046sec
> FullState      | {'minimumWarmupTime': 873}
> ResultValue    | 873
>
> KnobValues     | {'maxInlineSize': 45, 'maxInlineLevel': 9}
> Statistics     | 82/209 took 328341ms - remaining ~41699sec
> FullState      | {'minimumWarmupTime': 852}
> ResultValue    | 852
>
> KnobValues     | {'maxInlineSize': 45, 'maxInlineLevel': 10}
> Statistics     | 83/209 took 331273ms - remaining ~41740sec
> FullState      | {'minimumWarmupTime': 852}
> ResultValue    | 852
>
> KnobValues     | {'maxInlineSize': 45, 'maxInlineLevel': 11}
> Statistics     | 84/209 took 328046ms - remaining ~41005sec
> FullState      | {'minimumWarmupTime': 852}
> ResultValue    | 852
>
> KnobValues     | {'maxInlineSize': 45, 'maxInlineLevel': 12}
> Statistics     | 85/209 took 327961ms - remaining ~40667sec
> FullState      | {'minimumWarmupTime': 853}
> ResultValue    | 853
>
> KnobValues     | {'maxInlineSize': 45, 'maxInlineLevel': 13}
> Statistics     | 86/209 took 328426ms - remaining ~40396sec
> FullState      | {'minimumWarmupTime': 852}
> ResultValue    | 852
>
> KnobValues     | {'maxInlineSize': 45, 'maxInlineLevel': 14}
> Statistics     | 87/209 took 328177ms - remaining ~40037sec
> FullState      | {'minimumWarmupTime': 852}
> ResultValue    | 852
>
> KnobValues     | {'maxInlineSize': 45, 'maxInlineLevel': 15}
> Statistics     | 88/209 took 328334ms - remaining ~39728sec
> FullState      | {'minimumWarmupTime': 852}
> ResultValue    | 852
>
> KnobValues     | {'maxInlineSize': 50, 'maxInlineLevel': 5}
> Statistics     | 89/209 took 283885ms - remaining ~34066sec
> FullState      | {'minimumWarmupTime': 854}
> ResultValue    | 854
>
> KnobValues     | {'maxInlineSize': 50, 'maxInlineLevel': 6}
> Statistics     | 90/209 took 282767ms - remaining ~33649sec
> FullState      | {'minimumWarmupTime': 851}
> ResultValue    | 851
>
> KnobValues     | {'maxInlineSize': 50, 'maxInlineLevel': 7}
> Statistics     | 91/209 took 283367ms - remaining ~33437sec
> FullState      | {'minimumWarmupTime': 852}
> ResultValue    | 852
>
> KnobValues     | {'maxInlineSize': 50, 'maxInlineLevel': 8}
> Statistics     | 92/209 took 313836ms - remaining ~36718sec
> FullState      | {'minimumWarmupTime': 852}
> ResultValue    | 852
>
> KnobValues     | {'maxInlineSize': 50, 'maxInlineLevel': 9}
> Statistics     | 93/209 took 328656ms - remaining ~38124sec
> FullState      | {'minimumWarmupTime': 853}
> ResultValue    | 853
>
> KnobValues     | {'maxInlineSize': 50, 'maxInlineLevel': 10}
> Statistics     | 94/209 took 328405ms - remaining ~37766sec
> FullState      | {'minimumWarmupTime': 853}
> ResultValue    | 853
>
> KnobValues     | {'maxInlineSize': 50, 'maxInlineLevel': 11}
> Statistics     | 95/209 took 328521ms - remaining ~37451sec
> FullState      | {'minimumWarmupTime': 853}
> ResultValue    | 853
>
> KnobValues     | {'maxInlineSize': 50, 'maxInlineLevel': 12}
> Statistics     | 96/209 took 328270ms - remaining ~37094sec
> FullState      | {'minimumWarmupTime': 851}
> ResultValue    | 851
>
> KnobValues     | {'maxInlineSize': 50, 'maxInlineLevel': 13}
> Statistics     | 97/209 took 329067ms - remaining ~36855sec
> FullState      | {'minimumWarmupTime': 852}
> ResultValue    | 852
>
> KnobValues     | {'maxInlineSize': 50, 'maxInlineLevel': 14}
> Statistics     | 98/209 took 328678ms - remaining ~36483sec
> FullState      | {'minimumWarmupTime': 853}
> ResultValue    | 853
>
> KnobValues     | {'maxInlineSize': 50, 'maxInlineLevel': 15}
> Statistics     | 99/209 took 328276ms - remaining ~36110sec
> FullState      | {'minimumWarmupTime': 853}
> ResultValue    | 853
>
> KnobValues     | {'maxInlineSize': 55, 'maxInlineLevel': 5}
> Statistics     | 100/209 took 284348ms - remaining ~30993sec
> FullState      | {'minimumWarmupTime': 854}
> ResultValue    | 854
>
> KnobValues     | {'maxInlineSize': 55, 'maxInlineLevel': 6}
> Statistics     | 101/209 took 286516ms - remaining ~30943sec
> FullState      | {'minimumWarmupTime': 856}
> ResultValue    | 856
>
> KnobValues     | {'maxInlineSize': 55, 'maxInlineLevel': 7}
> Statistics     | 102/209 took 284311ms - remaining ~30421sec
> FullState      | {'minimumWarmupTime': 854}
> ResultValue    | 854
>
> KnobValues     | {'maxInlineSize': 55, 'maxInlineLevel': 8}
> Statistics     | 103/209 took 314753ms - remaining ~33363sec
> FullState      | {'minimumWarmupTime': 853}
> ResultValue    | 853
>
> KnobValues     | {'maxInlineSize': 55, 'maxInlineLevel': 9}
> Statistics     | 104/209 took 328771ms - remaining ~34520sec
> FullState      | {'minimumWarmupTime': 854}
> ResultValue    | 854
>
> KnobValues     | {'maxInlineSize': 55, 'maxInlineLevel': 10}
> Statistics     | 105/209 took 329169ms - remaining ~34233sec
> FullState      | {'minimumWarmupTime': 853}
> ResultValue    | 853
>
> KnobValues     | {'maxInlineSize': 55, 'maxInlineLevel': 11}
> Statistics     | 106/209 took 329308ms - remaining ~33918sec
> FullState      | {'minimumWarmupTime': 854}
> ResultValue    | 854
>
> KnobValues     | {'maxInlineSize': 55, 'maxInlineLevel': 12}
> Statistics     | 107/209 took 330094ms - remaining ~33669sec
> FullState      | {'minimumWarmupTime': 854}
> ResultValue    | 854
>
> KnobValues     | {'maxInlineSize': 55, 'maxInlineLevel': 13}
> Statistics     | 108/209 took 329024ms - remaining ~33231sec
> FullState      | {'minimumWarmupTime': 853}
> ResultValue    | 853
>
> KnobValues     | {'maxInlineSize': 55, 'maxInlineLevel': 14}
> Statistics     | 109/209 took 329110ms - remaining ~32911sec
> FullState      | {'minimumWarmupTime': 853}
> ResultValue    | 853
>
> KnobValues     | {'maxInlineSize': 55, 'maxInlineLevel': 15}
> Statistics     | 110/209 took 328980ms - remaining ~32569sec
> FullState      | {'minimumWarmupTime': 854}
> ResultValue    | 854
>
> KnobValues     | {'maxInlineSize': 60, 'maxInlineLevel': 5}
> Statistics     | 111/209 took 284570ms - remaining ~27887sec
> FullState      | {'minimumWarmupTime': 852}
> ResultValue    | 852
>
> KnobValues     | {'maxInlineSize': 60, 'maxInlineLevel': 6}
> Statistics     | 112/209 took 284896ms - remaining ~27634sec
> FullState      | {'minimumWarmupTime': 854}
> ResultValue    | 854
>
> KnobValues     | {'maxInlineSize': 60, 'maxInlineLevel': 7}
> Statistics     | 113/209 took 284755ms - remaining ~27336sec
> FullState      | {'minimumWarmupTime': 853}
> ResultValue    | 853
>
> KnobValues     | {'maxInlineSize': 60, 'maxInlineLevel': 8}
> Statistics     | 114/209 took 315434ms - remaining ~29966sec
> FullState      | {'minimumWarmupTime': 853}
> ResultValue    | 853
>
> KnobValues     | {'maxInlineSize': 60, 'maxInlineLevel': 9}
> Statistics     | 115/209 took 331390ms - remaining ~31150sec
> FullState      | {'minimumWarmupTime': 855}
> ResultValue    | 855
>
> KnobValues     | {'maxInlineSize': 60, 'maxInlineLevel': 10}
> Statistics     | 116/209 took 330505ms - remaining ~30736sec
> FullState      | {'minimumWarmupTime': 853}
> ResultValue    | 853
>
> KnobValues     | {'maxInlineSize': 60, 'maxInlineLevel': 11}
> Statistics     | 117/209 took 330220ms - remaining ~30380sec
> FullState      | {'minimumWarmupTime': 854}
> ResultValue    | 854
>
> KnobValues     | {'maxInlineSize': 60, 'maxInlineLevel': 12}
> Statistics     | 118/209 took 330314ms - remaining ~30058sec
> FullState      | {'minimumWarmupTime': 854}
> ResultValue    | 854
>
> KnobValues     | {'maxInlineSize': 60, 'maxInlineLevel': 13}
> Statistics     | 119/209 took 330092ms - remaining ~29708sec
> FullState      | {'minimumWarmupTime': 853}
> ResultValue    | 853
>
> KnobValues     | {'maxInlineSize': 60, 'maxInlineLevel': 14}
> Statistics     | 120/209 took 330378ms - remaining ~29403sec
> FullState      | {'minimumWarmupTime': 854}
> ResultValue    | 854
>
> KnobValues     | {'maxInlineSize': 60, 'maxInlineLevel': 15}
> Statistics     | 121/209 took 329837ms - remaining ~29025sec
> FullState      | {'minimumWarmupTime': 854}
> ResultValue    | 854
>
> KnobValues     | {'maxInlineSize': 65, 'maxInlineLevel': 5}
> Statistics     | 122/209 took 284460ms - remaining ~24748sec
> FullState      | {'minimumWarmupTime': 852}
> ResultValue    | 852
>
> KnobValues     | {'maxInlineSize': 65, 'maxInlineLevel': 6}
> Statistics     | 123/209 took 284622ms - remaining ~24477sec
> FullState      | {'minimumWarmupTime': 852}
> ResultValue    | 852
>
> KnobValues     | {'maxInlineSize': 65, 'maxInlineLevel': 7}
> Statistics     | 124/209 took 285003ms - remaining ~24225sec
> FullState      | {'minimumWarmupTime': 853}
> ResultValue    | 853
>
> KnobValues     | {'maxInlineSize': 65, 'maxInlineLevel': 8}
> Statistics     | 125/209 took 316384ms - remaining ~26576sec
> FullState      | {'minimumWarmupTime': 855}
> ResultValue    | 855
>
> KnobValues     | {'maxInlineSize': 65, 'maxInlineLevel': 9}
> Statistics     | 126/209 took 330329ms - remaining ~27417sec
> FullState      | {'minimumWarmupTime': 853}
> ResultValue    | 853
>
> KnobValues     | {'maxInlineSize': 65, 'maxInlineLevel': 10}
> Statistics     | 127/209 took 330241ms - remaining ~27079sec
> FullState      | {'minimumWarmupTime': 853}
> ResultValue    | 853
>
> KnobValues     | {'maxInlineSize': 65, 'maxInlineLevel': 11}
> Statistics     | 128/209 took 330207ms - remaining ~26746sec
> FullState      | {'minimumWarmupTime': 853}
> ResultValue    | 853
>
> KnobValues     | {'maxInlineSize': 65, 'maxInlineLevel': 12}
> Statistics     | 129/209 took 330842ms - remaining ~26467sec
> FullState      | {'minimumWarmupTime': 855}
> ResultValue    | 855
>
> KnobValues     | {'maxInlineSize': 65, 'maxInlineLevel': 13}
> Statistics     | 130/209 took 330760ms - remaining ~26130sec
> FullState      | {'minimumWarmupTime': 854}
> ResultValue    | 854
>
> KnobValues     | {'maxInlineSize': 65, 'maxInlineLevel': 14}
> Statistics     | 131/209 took 331216ms - remaining ~25834sec
> FullState      | {'minimumWarmupTime': 855}
> ResultValue    | 855
>
> KnobValues     | {'maxInlineSize': 65, 'maxInlineLevel': 15}
> Statistics     | 132/209 took 330640ms - remaining ~25459sec
> FullState      | {'minimumWarmupTime': 855}
> ResultValue    | 855
>
> KnobValues     | {'maxInlineSize': 70, 'maxInlineLevel': 5}
> Statistics     | 133/209 took 285363ms - remaining ~21687sec
> FullState      | {'minimumWarmupTime': 850}
> ResultValue    | 850
>
> KnobValues     | {'maxInlineSize': 70, 'maxInlineLevel': 6}
> Statistics     | 134/209 took 286205ms - remaining ~21465sec
> FullState      | {'minimumWarmupTime': 853}
> ResultValue    | 853
>
> KnobValues     | {'maxInlineSize': 70, 'maxInlineLevel': 7}
> Statistics     | 135/209 took 285919ms - remaining ~21158sec
> FullState      | {'minimumWarmupTime': 852}
> ResultValue    | 852
>
> KnobValues     | {'maxInlineSize': 70, 'maxInlineLevel': 8}
> Statistics     | 136/209 took 315187ms - remaining ~23008sec
> FullState      | {'minimumWarmupTime': 850}
> ResultValue    | 850
>
> KnobValues     | {'maxInlineSize': 70, 'maxInlineLevel': 9}
> Statistics     | 137/209 took 330571ms - remaining ~23801sec
> FullState      | {'minimumWarmupTime': 852}
> ResultValue    | 852
>
> KnobValues     | {'maxInlineSize': 70, 'maxInlineLevel': 10}
> Statistics     | 138/209 took 328896ms - remaining ~23351sec
> FullState      | {'minimumWarmupTime': 850}
> ResultValue    | 850
>
> KnobValues     | {'maxInlineSize': 70, 'maxInlineLevel': 11}
> Statistics     | 139/209 took 330025ms - remaining ~23101sec
> FullState      | {'minimumWarmupTime': 850}
> ResultValue    | 850
>
> KnobValues     | {'maxInlineSize': 70, 'maxInlineLevel': 12}
> Statistics     | 140/209 took 330130ms - remaining ~22778sec
> FullState      | {'minimumWarmupTime': 851}
> ResultValue    | 851
>
> KnobValues     | {'maxInlineSize': 70, 'maxInlineLevel': 13}
> Statistics     | 141/209 took 329012ms - remaining ~22372sec
> FullState      | {'minimumWarmupTime': 850}
> ResultValue    | 850
>
> KnobValues     | {'maxInlineSize': 70, 'maxInlineLevel': 14}
> Statistics     | 142/209 took 329467ms - remaining ~22074sec
> FullState      | {'minimumWarmupTime': 851}
> ResultValue    | 851
>
> KnobValues     | {'maxInlineSize': 70, 'maxInlineLevel': 15}
> Statistics     | 143/209 took 329422ms - remaining ~21741sec
> FullState      | {'minimumWarmupTime': 850}
> ResultValue    | 850
>
> KnobValues     | {'maxInlineSize': 75, 'maxInlineLevel': 5}
> Statistics     | 144/209 took 286423ms - remaining ~18617sec
> FullState      | {'minimumWarmupTime': 853}
> ResultValue    | 853
>
> KnobValues     | {'maxInlineSize': 75, 'maxInlineLevel': 6}
> Statistics     | 145/209 took 286227ms - remaining ~18318sec
> FullState      | {'minimumWarmupTime': 851}
> ResultValue    | 851
>
> KnobValues     | {'maxInlineSize': 75, 'maxInlineLevel': 7}
> Statistics     | 146/209 took 286027ms - remaining ~18019sec
> FullState      | {'minimumWarmupTime': 851}
> ResultValue    | 851
>
> KnobValues     | {'maxInlineSize': 75, 'maxInlineLevel': 8}
> Statistics     | 147/209 took 316689ms - remaining ~19634sec
> FullState      | {'minimumWarmupTime': 851}
> ResultValue    | 851
>
> KnobValues     | {'maxInlineSize': 75, 'maxInlineLevel': 9}
> Statistics     | 148/209 took 329347ms - remaining ~20090sec
> FullState      | {'minimumWarmupTime': 852}
> ResultValue    | 852
>
> KnobValues     | {'maxInlineSize': 75, 'maxInlineLevel': 10}
> Statistics     | 149/209 took 329362ms - remaining ~19761sec
> FullState      | {'minimumWarmupTime': 853}
> ResultValue    | 853
>
> KnobValues     | {'maxInlineSize': 75, 'maxInlineLevel': 11}
> Statistics     | 150/209 took 328696ms - remaining ~19393sec
> FullState      | {'minimumWarmupTime': 851}
> ResultValue    | 851
>
> KnobValues     | {'maxInlineSize': 75, 'maxInlineLevel': 12}
> Statistics     | 151/209 took 328364ms - remaining ~19045sec
> FullState      | {'minimumWarmupTime': 851}
> ResultValue    | 851
>
> KnobValues     | {'maxInlineSize': 75, 'maxInlineLevel': 13}
> Statistics     | 152/209 took 329278ms - remaining ~18768sec
> FullState      | {'minimumWarmupTime': 851}
> ResultValue    | 851
>
> KnobValues     | {'maxInlineSize': 75, 'maxInlineLevel': 14}
> Statistics     | 153/209 took 328247ms - remaining ~18381sec
> FullState      | {'minimumWarmupTime': 851}
> ResultValue    | 851
>
> KnobValues     | {'maxInlineSize': 75, 'maxInlineLevel': 15}
> Statistics     | 154/209 took 328660ms - remaining ~18076sec
> FullState      | {'minimumWarmupTime': 852}
> ResultValue    | 852
>
> KnobValues     | {'maxInlineSize': 80, 'maxInlineLevel': 5}
> Statistics     | 155/209 took 286872ms - remaining ~15491sec
> FullState      | {'minimumWarmupTime': 852}
> ResultValue    | 852
>
> KnobValues     | {'maxInlineSize': 80, 'maxInlineLevel': 6}
> Statistics     | 156/209 took 287824ms - remaining ~15254sec
> FullState      | {'minimumWarmupTime': 853}
> ResultValue    | 853
>
> KnobValues     | {'maxInlineSize': 80, 'maxInlineLevel': 7}
> Statistics     | 157/209 took 288034ms - remaining ~14977sec
> FullState      | {'minimumWarmupTime': 855}
> ResultValue    | 855
>
> KnobValues     | {'maxInlineSize': 80, 'maxInlineLevel': 8}
> Statistics     | 158/209 took 318053ms - remaining ~16220sec
> FullState      | {'minimumWarmupTime': 855}
> ResultValue    | 855
>
> KnobValues     | {'maxInlineSize': 80, 'maxInlineLevel': 9}
> Statistics     | 159/209 took 330325ms - remaining ~16516sec
> FullState      | {'minimumWarmupTime': 854}
> ResultValue    | 854
>
> KnobValues     | {'maxInlineSize': 80, 'maxInlineLevel': 10}
> Statistics     | 160/209 took 330938ms - remaining ~16215sec
> FullState      | {'minimumWarmupTime': 854}
> ResultValue    | 854
>
> KnobValues     | {'maxInlineSize': 80, 'maxInlineLevel': 11}
> Statistics     | 161/209 took 332910ms - remaining ~15979sec
> FullState      | {'minimumWarmupTime': 856}
> ResultValue    | 856
>
> KnobValues     | {'maxInlineSize': 80, 'maxInlineLevel': 12}
> Statistics     | 162/209 took 330755ms - remaining ~15545sec
> FullState      | {'minimumWarmupTime': 854}
> ResultValue    | 854
>
> KnobValues     | {'maxInlineSize': 80, 'maxInlineLevel': 13}
> Statistics     | 163/209 took 330723ms - remaining ~15213sec
> FullState      | {'minimumWarmupTime': 855}
> ResultValue    | 855
>
> KnobValues     | {'maxInlineSize': 80, 'maxInlineLevel': 14}
> Statistics     | 164/209 took 329726ms - remaining ~14837sec
> FullState      | {'minimumWarmupTime': 854}
> ResultValue    | 854
>
> KnobValues     | {'maxInlineSize': 80, 'maxInlineLevel': 15}
> Statistics     | 165/209 took 330461ms - remaining ~14540sec
> FullState      | {'minimumWarmupTime': 855}
> ResultValue    | 855
>
> KnobValues     | {'maxInlineSize': 85, 'maxInlineLevel': 5}
> Statistics     | 166/209 took 287176ms - remaining ~12348sec
> FullState      | {'minimumWarmupTime': 852}
> ResultValue    | 852
>
> KnobValues     | {'maxInlineSize': 85, 'maxInlineLevel': 6}
> Statistics     | 167/209 took 287119ms - remaining ~12058sec
> FullState      | {'minimumWarmupTime': 850}
> ResultValue    | 850
>
> KnobValues     | {'maxInlineSize': 85, 'maxInlineLevel': 7}
> Statistics     | 168/209 took 287333ms - remaining ~11780sec
> FullState      | {'minimumWarmupTime': 851}
> ResultValue    | 851
>
> KnobValues     | {'maxInlineSize': 85, 'maxInlineLevel': 8}
> Statistics     | 169/209 took 316798ms - remaining ~12671sec
> FullState      | {'minimumWarmupTime': 849}
> ResultValue    | 849
>
> KnobValues     | {'maxInlineSize': 85, 'maxInlineLevel': 9}
> Statistics     | 170/209 took 329622ms - remaining ~12855sec
> FullState      | {'minimumWarmupTime': 851}
> ResultValue    | 851
>
> KnobValues     | {'maxInlineSize': 85, 'maxInlineLevel': 10}
> Statistics     | 171/209 took 331099ms - remaining ~12581sec
> FullState      | {'minimumWarmupTime': 851}
> ResultValue    | 851
>
> KnobValues     | {'maxInlineSize': 85, 'maxInlineLevel': 11}
> Statistics     | 172/209 took 331039ms - remaining ~12248sec
> FullState      | {'minimumWarmupTime': 853}
> ResultValue    | 853
>
> KnobValues     | {'maxInlineSize': 85, 'maxInlineLevel': 12}
> Statistics     | 173/209 took 330413ms - remaining ~11894sec
> FullState      | {'minimumWarmupTime': 851}
> ResultValue    | 851
>
> KnobValues     | {'maxInlineSize': 85, 'maxInlineLevel': 13}
> Statistics     | 174/209 took 330168ms - remaining ~11555sec
> FullState      | {'minimumWarmupTime': 851}
> ResultValue    | 851
>
> KnobValues     | {'maxInlineSize': 85, 'maxInlineLevel': 14}
> Statistics     | 175/209 took 330265ms - remaining ~11229sec
> FullState      | {'minimumWarmupTime': 851}
> ResultValue    | 851
>
> KnobValues     | {'maxInlineSize': 85, 'maxInlineLevel': 15}
> Statistics     | 176/209 took 329564ms - remaining ~10875sec
> FullState      | {'minimumWarmupTime': 850}
> ResultValue    | 850
>
> KnobValues     | {'maxInlineSize': 90, 'maxInlineLevel': 5}
> Statistics     | 177/209 took 288510ms - remaining ~9232sec
> FullState      | {'minimumWarmupTime': 852}
> ResultValue    | 852
>
> KnobValues     | {'maxInlineSize': 90, 'maxInlineLevel': 6}
> Statistics     | 178/209 took 288363ms - remaining ~8939sec
> FullState      | {'minimumWarmupTime': 851}
> ResultValue    | 851
>
> KnobValues     | {'maxInlineSize': 90, 'maxInlineLevel': 7}
> Statistics     | 179/209 took 288808ms - remaining ~8664sec
> FullState      | {'minimumWarmupTime': 854}
> ResultValue    | 854
>
> KnobValues     | {'maxInlineSize': 90, 'maxInlineLevel': 8}
> Statistics     | 180/209 took 320101ms - remaining ~9282sec
> FullState      | {'minimumWarmupTime': 856}
> ResultValue    | 856
>
> KnobValues     | {'maxInlineSize': 90, 'maxInlineLevel': 9}
> Statistics     | 181/209 took 332149ms - remaining ~9300sec
> FullState      | {'minimumWarmupTime': 854}
> ResultValue    | 854
>
> KnobValues     | {'maxInlineSize': 90, 'maxInlineLevel': 10}
> Statistics     | 182/209 took 332753ms - remaining ~8984sec
> FullState      | {'minimumWarmupTime': 855}
> ResultValue    | 855
>
> KnobValues     | {'maxInlineSize': 90, 'maxInlineLevel': 11}
> Statistics     | 183/209 took 331876ms - remaining ~8628sec
> FullState      | {'minimumWarmupTime': 854}
> ResultValue    | 854
>
> KnobValues     | {'maxInlineSize': 90, 'maxInlineLevel': 12}
> Statistics     | 184/209 took 332273ms - remaining ~8306sec
> FullState      | {'minimumWarmupTime': 856}
> ResultValue    | 856
>
> KnobValues     | {'maxInlineSize': 90, 'maxInlineLevel': 13}
> Statistics     | 185/209 took 331960ms - remaining ~7967sec
> FullState      | {'minimumWarmupTime': 854}
> ResultValue    | 854
>
> KnobValues     | {'maxInlineSize': 90, 'maxInlineLevel': 14}
> Statistics     | 186/209 took 331699ms - remaining ~7629sec
> FullState      | {'minimumWarmupTime': 853}
> ResultValue    | 853
>
> KnobValues     | {'maxInlineSize': 90, 'maxInlineLevel': 15}
> Statistics     | 187/209 took 331612ms - remaining ~7295sec
> FullState      | {'minimumWarmupTime': 854}
> ResultValue    | 854
>
> KnobValues     | {'maxInlineSize': 95, 'maxInlineLevel': 5}
> Statistics     | 188/209 took 288508ms - remaining ~6058sec
> FullState      | {'minimumWarmupTime': 851}
> ResultValue    | 851
>
> KnobValues     | {'maxInlineSize': 95, 'maxInlineLevel': 6}
> Statistics     | 189/209 took 289036ms - remaining ~5780sec
> FullState      | {'minimumWarmupTime': 851}
> ResultValue    | 851
>
> KnobValues     | {'maxInlineSize': 95, 'maxInlineLevel': 7}
> Statistics     | 190/209 took 290052ms - remaining ~5510sec
> FullState      | {'minimumWarmupTime': 852}
> ResultValue    | 852
>
> KnobValues     | {'maxInlineSize': 95, 'maxInlineLevel': 8}
> Statistics     | 191/209 took 319904ms - remaining ~5758sec
> FullState      | {'minimumWarmupTime': 853}
> ResultValue    | 853
>
> KnobValues     | {'maxInlineSize': 95, 'maxInlineLevel': 9}
> Statistics     | 192/209 took 333269ms - remaining ~5665sec
> FullState      | {'minimumWarmupTime': 854}
> ResultValue    | 854
>
> KnobValues     | {'maxInlineSize': 95, 'maxInlineLevel': 10}
> Statistics     | 193/209 took 333738ms - remaining ~5339sec
> FullState      | {'minimumWarmupTime': 856}
> ResultValue    | 856
>
> KnobValues     | {'maxInlineSize': 95, 'maxInlineLevel': 11}
> Statistics     | 194/209 took 333808ms - remaining ~5007sec
> FullState      | {'minimumWarmupTime': 857}
> ResultValue    | 857
>
> KnobValues     | {'maxInlineSize': 95, 'maxInlineLevel': 12}
> Statistics     | 195/209 took 333757ms - remaining ~4672sec
> FullState      | {'minimumWarmupTime': 854}
> ResultValue    | 854
>
> KnobValues     | {'maxInlineSize': 95, 'maxInlineLevel': 13}
> Statistics     | 196/209 took 334193ms - remaining ~4344sec
> FullState      | {'minimumWarmupTime': 857}
> ResultValue    | 857
>
> KnobValues     | {'maxInlineSize': 95, 'maxInlineLevel': 14}
> Statistics     | 197/209 took 333496ms - remaining ~4001sec
> FullState      | {'minimumWarmupTime': 854}
> ResultValue    | 854
>
> KnobValues     | {'maxInlineSize': 95, 'maxInlineLevel': 15}
> Statistics     | 198/209 took 332746ms - remaining ~3660sec
> FullState      | {'minimumWarmupTime': 854}
> ResultValue    | 854
>
> KnobValues     | {'maxInlineSize': 100, 'maxInlineLevel': 5}
> Statistics     | 199/209 took 291016ms - remaining ~2910sec
> FullState      | {'minimumWarmupTime': 854}
> ResultValue    | 854
>
> KnobValues     | {'maxInlineSize': 100, 'maxInlineLevel': 6}
> Statistics     | 200/209 took 290835ms - remaining ~2617sec
> FullState      | {'minimumWarmupTime': 851}
> ResultValue    | 851
>
> KnobValues     | {'maxInlineSize': 100, 'maxInlineLevel': 7}
> Statistics     | 201/209 took 291448ms - remaining ~2331sec
> FullState      | {'minimumWarmupTime': 853}
> ResultValue    | 853
>
> KnobValues     | {'maxInlineSize': 100, 'maxInlineLevel': 8}
> Statistics     | 202/209 took 321484ms - remaining ~2250sec
> FullState      | {'minimumWarmupTime': 852}
> ResultValue    | 852
>
> KnobValues     | {'maxInlineSize': 100, 'maxInlineLevel': 9}
> Statistics     | 203/209 took 333082ms - remaining ~1998sec
> FullState      | {'minimumWarmupTime': 851}
> ResultValue    | 851
>
> KnobValues     | {'maxInlineSize': 100, 'maxInlineLevel': 10}
> Statistics     | 204/209 took 333554ms - remaining ~1667sec
> FullState      | {'minimumWarmupTime': 851}
> ResultValue    | 851
>
> KnobValues     | {'maxInlineSize': 100, 'maxInlineLevel': 11}
> Statistics     | 205/209 took 333763ms - remaining ~1335sec
> FullState      | {'minimumWarmupTime': 852}
> ResultValue    | 852
>
> KnobValues     | {'maxInlineSize': 100, 'maxInlineLevel': 12}
> Statistics     | 206/209 took 333065ms - remaining ~999sec
> FullState      | {'minimumWarmupTime': 851}
> ResultValue    | 851
>
> KnobValues     | {'maxInlineSize': 100, 'maxInlineLevel': 13}
> Statistics     | 207/209 took 333961ms - remaining ~667sec
> FullState      | {'minimumWarmupTime': 852}
> ResultValue    | 852
>
> KnobValues     | {'maxInlineSize': 100, 'maxInlineLevel': 14}
> Statistics     | 208/209 took 332947ms - remaining ~332sec
> FullState      | {'minimumWarmupTime': 851}
> ResultValue    | 851
>
> KnobValues     | {'maxInlineSize': 100, 'maxInlineLevel': 15}
> Statistics     | 209/209 took 333073ms - remaining ~0sec
> FullState      | {'minimumWarmupTime': 853}
> ResultValue    | 853
>
> Finished workflow
######################################
> Reporting on   | Fastest-1-Inlining-level-size
> Found 2 knobs, creating heat map...
> Plot saved at scenarios/fastest/1-inlining-level-size/2018-06-16_03-53-18/heatmap.png
