
> Do VMTouch Prepare

> Starting RTX experiment...
######################################
> Workflow       | Fastest-0-Default
> ExecStrategy   | Step
> Steps Created  | Count: 20
>
> KnobValues     | {'irrelevant': 1}
> Statistics     | 1/20 took 3505ms - remaining ~66sec
> FullState      | {'passedTime': 722}
> ResultValue    | 722
>
> KnobValues     | {'irrelevant': 2}
> Statistics     | 2/20 took 3650ms - remaining ~65sec
> FullState      | {'passedTime': 717}
> ResultValue    | 717
>
> KnobValues     | {'irrelevant': 3}
> Statistics     | 3/20 took 3672ms - remaining ~62sec
> FullState      | {'passedTime': 705}
> ResultValue    | 705
>
> KnobValues     | {'irrelevant': 4}
> Statistics     | 4/20 took 3539ms - remaining ~56sec
> FullState      | {'passedTime': 679}
> ResultValue    | 679
>
> KnobValues     | {'irrelevant': 5}
> Statistics     | 5/20 took 3485ms - remaining ~52sec
> FullState      | {'passedTime': 687}
> ResultValue    | 687
>
> KnobValues     | {'irrelevant': 6}
> Statistics     | 6/20 took 3564ms - remaining ~49sec
> FullState      | {'passedTime': 713}
> ResultValue    | 713
>
> KnobValues     | {'irrelevant': 7}
> Statistics     | 7/20 took 3489ms - remaining ~45sec
> FullState      | {'passedTime': 719}
> ResultValue    | 719
>
> KnobValues     | {'irrelevant': 8}
> Statistics     | 8/20 took 3636ms - remaining ~43sec
> FullState      | {'passedTime': 731}
> ResultValue    | 731
>
> KnobValues     | {'irrelevant': 9}
> Statistics     | 9/20 took 3547ms - remaining ~39sec
> FullState      | {'passedTime': 692}
> ResultValue    | 692
>
> KnobValues     | {'irrelevant': 10}
> Statistics     | 10/20 took 3586ms - remaining ~35sec
> FullState      | {'passedTime': 697}
> ResultValue    | 697
>
> KnobValues     | {'irrelevant': 11}
> Statistics     | 11/20 took 3621ms - remaining ~32sec
> FullState      | {'passedTime': 703}
> ResultValue    | 703
>
> KnobValues     | {'irrelevant': 12}
> Statistics     | 12/20 took 3603ms - remaining ~28sec
> FullState      | {'passedTime': 688}
> ResultValue    | 688
>
> KnobValues     | {'irrelevant': 13}
> Statistics     | 13/20 took 3621ms - remaining ~25sec
> FullState      | {'passedTime': 733}
> ResultValue    | 733
>
> KnobValues     | {'irrelevant': 14}
> Statistics     | 14/20 took 3636ms - remaining ~21sec
> FullState      | {'passedTime': 703}
> ResultValue    | 703
>
> KnobValues     | {'irrelevant': 15}
> Statistics     | 15/20 took 3544ms - remaining ~17sec
> FullState      | {'passedTime': 715}
> ResultValue    | 715
>
> KnobValues     | {'irrelevant': 16}
> Statistics     | 16/20 took 3518ms - remaining ~14sec
> FullState      | {'passedTime': 723}
> ResultValue    | 723
>
> KnobValues     | {'irrelevant': 17}
> Statistics     | 17/20 took 3606ms - remaining ~10sec
> FullState      | {'passedTime': 705}
> ResultValue    | 705
>
> KnobValues     | {'irrelevant': 18}
> Statistics     | 18/20 took 3529ms - remaining ~7sec
> FullState      | {'passedTime': 707}
> ResultValue    | 707
>
> KnobValues     | {'irrelevant': 19}
> Statistics     | 19/20 took 3728ms - remaining ~3sec
> FullState      | {'passedTime': 772}
> ResultValue    | 772
>
> KnobValues     | {'irrelevant': 20}
> Statistics     | 20/20 took 3546ms - remaining ~0sec
> FullState      | {'passedTime': 699}
> ResultValue    | 699
>
> Finished workflow
######################################
> Reporting on   | Fastest-0-Default
> Found 1 knob, creating scatter plot...
> Plot saved at scenarios/singleRun/0-default/scatter_plot.png
