
> Do VMTouch Prepare
           Files: 9554
     Directories: 1381
   Touched Pages: 256726 (1002M)
         Elapsed: 0.8301 seconds

> Starting RTX experiment...
######################################
> Workflow       | SingleRun-0-Baseline
> ExecStrategy   | Step
> Steps Created  | Count: 30
>
> KnobValues     | {'irrelevant': 1}
> Statistics     | 1/30 took 16847ms - remaining ~488sec
> FullState      | {'passedTime': 11586}
> ResultValue    | 11586
>
> KnobValues     | {'irrelevant': 2}
> Statistics     | 2/30 took 16250ms - remaining ~455sec
> FullState      | {'passedTime': 10782}
> ResultValue    | 10782
>
> KnobValues     | {'irrelevant': 3}
> Statistics     | 3/30 took 15952ms - remaining ~430sec
> FullState      | {'passedTime': 10750}
> ResultValue    | 10750
>
> KnobValues     | {'irrelevant': 4}
> Statistics     | 4/30 took 16838ms - remaining ~437sec
> FullState      | {'passedTime': 11550}
> ResultValue    | 11550
>
> KnobValues     | {'irrelevant': 5}
> Statistics     | 5/30 took 16447ms - remaining ~411sec
> FullState      | {'passedTime': 10933}
> ResultValue    | 10933
>
> KnobValues     | {'irrelevant': 6}
> Statistics     | 6/30 took 16448ms - remaining ~394sec
> FullState      | {'passedTime': 10976}
> ResultValue    | 10976
>
> KnobValues     | {'irrelevant': 7}
> Statistics     | 7/30 took 16783ms - remaining ~386sec
> FullState      | {'passedTime': 11651}
> ResultValue    | 11651
>
> KnobValues     | {'irrelevant': 8}
> Statistics     | 8/30 took 16327ms - remaining ~359sec
> FullState      | {'passedTime': 11312}
> ResultValue    | 11312
>
> KnobValues     | {'irrelevant': 9}
> Statistics     | 9/30 took 15705ms - remaining ~329sec
> FullState      | {'passedTime': 12540}
> ResultValue    | 12540
>
> KnobValues     | {'irrelevant': 10}
> Statistics     | 10/30 took 15299ms - remaining ~305sec
> FullState      | {'passedTime': 12347}
> ResultValue    | 12347
>
> KnobValues     | {'irrelevant': 11}
> Statistics     | 11/30 took 17286ms - remaining ~328sec
> FullState      | {'passedTime': 14192}
> ResultValue    | 14192
>
> KnobValues     | {'irrelevant': 12}
> Statistics     | 12/30 took 15569ms - remaining ~280sec
> FullState      | {'passedTime': 10674}
> ResultValue    | 10674
>
> KnobValues     | {'irrelevant': 13}
> Statistics     | 13/30 took 15809ms - remaining ~268sec
> FullState      | {'passedTime': 10787}
> ResultValue    | 10787
>
> KnobValues     | {'irrelevant': 14}
> Statistics     | 14/30 took 15958ms - remaining ~255sec
> FullState      | {'passedTime': 12759}
> ResultValue    | 12759
>
> KnobValues     | {'irrelevant': 15}
> Statistics     | 15/30 took 16058ms - remaining ~240sec
> FullState      | {'passedTime': 10768}
> ResultValue    | 10768
>
> KnobValues     | {'irrelevant': 16}
> Statistics     | 16/30 took 16711ms - remaining ~233sec
> FullState      | {'passedTime': 11410}
> ResultValue    | 11410
>
> KnobValues     | {'irrelevant': 17}
> Statistics     | 17/30 took 16614ms - remaining ~215sec
> FullState      | {'passedTime': 11163}
> ResultValue    | 11163
>
> KnobValues     | {'irrelevant': 18}
> Statistics     | 18/30 took 15995ms - remaining ~191sec
> FullState      | {'passedTime': 12643}
> ResultValue    | 12643
>
> KnobValues     | {'irrelevant': 19}
> Statistics     | 19/30 took 16389ms - remaining ~180sec
> FullState      | {'passedTime': 11201}
> ResultValue    | 11201
>
> KnobValues     | {'irrelevant': 20}
> Statistics     | 20/30 took 16345ms - remaining ~163sec
> FullState      | {'passedTime': 11168}
> ResultValue    | 11168
>
> KnobValues     | {'irrelevant': 21}
> Statistics     | 21/30 took 15942ms - remaining ~143sec
> FullState      | {'passedTime': 12848}
> ResultValue    | 12848
>
> KnobValues     | {'irrelevant': 22}
> Statistics     | 22/30 took 17137ms - remaining ~137sec
> FullState      | {'passedTime': 12037}
> ResultValue    | 12037
>
> KnobValues     | {'irrelevant': 23}
> Statistics     | 23/30 took 16803ms - remaining ~117sec
> FullState      | {'passedTime': 11617}
> ResultValue    | 11617
>
> KnobValues     | {'irrelevant': 24}
> Statistics     | 24/30 took 15556ms - remaining ~93sec
> FullState      | {'passedTime': 12333}
> ResultValue    | 12333
>
> KnobValues     | {'irrelevant': 25}
> Statistics     | 25/30 took 16421ms - remaining ~82sec
> FullState      | {'passedTime': 10969}
> ResultValue    | 10969
>
> KnobValues     | {'irrelevant': 26}
> Statistics     | 26/30 took 16331ms - remaining ~65sec
> FullState      | {'passedTime': 11240}
> ResultValue    | 11240
>
> KnobValues     | {'irrelevant': 27}
> Statistics     | 27/30 took 16353ms - remaining ~49sec
> FullState      | {'passedTime': 11247}
> ResultValue    | 11247
>
> KnobValues     | {'irrelevant': 28}
> Statistics     | 28/30 took 16725ms - remaining ~33sec
> FullState      | {'passedTime': 11417}
> ResultValue    | 11417
>
> KnobValues     | {'irrelevant': 29}
> Statistics     | 29/30 took 15362ms - remaining ~15sec
> FullState      | {'passedTime': 12241}
> ResultValue    | 12241
>
> KnobValues     | {'irrelevant': 30}
> Statistics     | 30/30 took 14917ms - remaining ~0sec
> FullState      | {'passedTime': 12238}
> ResultValue    | 12238
>
> Finished workflow
######################################
> Reporting on   | SingleRun-0-Baseline
> Found 1 knob, creating scatter plot...
> Plot saved at scenarios/a-singleRun/0-baseline/2018-10-08_17-56-49/scatter_plot.png
