
> Do VMTouch Prepare
           Files: 9790
     Directories: 1492
   Touched Pages: 257210 (1004M)
         Elapsed: 0.84306 seconds

> Starting RTX experiment...
######################################
> Workflow       | SingleRun-0-Baseline
> ExecStrategy   | SelfOptimizer
> Optimizer      | forest
>
> KnobValues     | {'backgroundCompilationEnabled': 0, 'minInliningThreshold': 274, 'inlineSmallCode': 1989, 'graalBootstrapEnabled': 1, 'compileThreshold': 19494, 'maxInlineLevel': 9, 'codeFlushingEnabled': 0, 'loopMinUnroll': 6, 'compileHugeMethodsEnabled': 0, 'counterDecayEnabled': 1, 'onStackReplacePercentage': 907, 'loopUnrollLimit': 66, 'freqInlineSize': 432, 'maxRecursiveInlineLevel': 2, 'graalCompilerEnabled': 1, 'maxInlineSize': 96, 'loopMaxUnroll': 20, 'tieredCompilationEnabled': 1}
> Statistics     | 1/200 took 140341ms - remaining ~27927sec
> FullState      | {'passedTime': 10978}
> ResultValue    | 10978
>
> KnobValues     | {'backgroundCompilationEnabled': 0, 'minInliningThreshold': 144, 'inlineSmallCode': 1648, 'graalBootstrapEnabled': 0, 'compileThreshold': 26852, 'maxInlineLevel': 11, 'codeFlushingEnabled': 1, 'loopMinUnroll': 2, 'compileHugeMethodsEnabled': 1, 'counterDecayEnabled': 0, 'onStackReplacePercentage': 359, 'loopUnrollLimit': 79, 'freqInlineSize': 370, 'maxRecursiveInlineLevel': 2, 'graalCompilerEnabled': 1, 'maxInlineSize': 139, 'loopMaxUnroll': 18, 'tieredCompilationEnabled': 1}
> Statistics     | 2/200 took 29801ms - remaining ~5900sec
> FullState      | {'passedTime': 26291}
> ResultValue    | 26291
>
> KnobValues     | {'backgroundCompilationEnabled': 0, 'minInliningThreshold': 185, 'inlineSmallCode': 1886, 'graalBootstrapEnabled': 0, 'compileThreshold': 2626, 'maxInlineLevel': 11, 'codeFlushingEnabled': 0, 'loopMinUnroll': 2, 'compileHugeMethodsEnabled': 1, 'counterDecayEnabled': 1, 'onStackReplacePercentage': 387, 'loopUnrollLimit': 31, 'freqInlineSize': 459, 'maxRecursiveInlineLevel': 3, 'graalCompilerEnabled': 0, 'maxInlineSize': 59, 'loopMaxUnroll': 8, 'tieredCompilationEnabled': 1}
> Statistics     | 3/200 took 5385ms - remaining ~1060sec
> FullState      | {'passedTime': 4369}
> ResultValue    | 4369
>
> KnobValues     | {'backgroundCompilationEnabled': 1, 'minInliningThreshold': 241, 'inlineSmallCode': 1754, 'graalBootstrapEnabled': 0, 'compileThreshold': 24040, 'maxInlineLevel': 15, 'codeFlushingEnabled': 0, 'loopMinUnroll': 9, 'compileHugeMethodsEnabled': 1, 'counterDecayEnabled': 1, 'onStackReplacePercentage': 182, 'loopUnrollLimit': 68, 'freqInlineSize': 431, 'maxRecursiveInlineLevel': 1, 'graalCompilerEnabled': 0, 'maxInlineSize': 131, 'loopMaxUnroll': 23, 'tieredCompilationEnabled': 0}
> Statistics     | 4/200 took 6085ms - remaining ~1192sec
> FullState      | {'passedTime': 5352}
> ResultValue    | 5352
>
> KnobValues     | {'backgroundCompilationEnabled': 1, 'minInliningThreshold': 320, 'inlineSmallCode': 1726, 'graalBootstrapEnabled': 1, 'compileThreshold': 14812, 'maxInlineLevel': 7, 'codeFlushingEnabled': 1, 'loopMinUnroll': 8, 'compileHugeMethodsEnabled': 0, 'counterDecayEnabled': 1, 'onStackReplacePercentage': 668, 'loopUnrollLimit': 52, 'freqInlineSize': 393, 'maxRecursiveInlineLevel': 1, 'graalCompilerEnabled': 1, 'maxInlineSize': 90, 'loopMaxUnroll': 20, 'tieredCompilationEnabled': 0}
> Statistics     | 5/200 took 352080ms - remaining ~68655sec
> FullState      | {'passedTime': 17587}
> ResultValue    | 17587
>
> KnobValues     | {'backgroundCompilationEnabled': 0, 'minInliningThreshold': 221, 'inlineSmallCode': 1235, 'graalBootstrapEnabled': 1, 'compileThreshold': 13398, 'maxInlineLevel': 10, 'codeFlushingEnabled': 0, 'loopMinUnroll': 7, 'compileHugeMethodsEnabled': 0, 'counterDecayEnabled': 0, 'onStackReplacePercentage': 564, 'loopUnrollLimit': 76, 'freqInlineSize': 299, 'maxRecursiveInlineLevel': 0, 'graalCompilerEnabled': 0, 'maxInlineSize': 142, 'loopMaxUnroll': 16, 'tieredCompilationEnabled': 0}
> Statistics     | 6/200 took 4697ms - remaining ~911sec
> FullState      | {'passedTime': 3932}
> ResultValue    | 3932
>
> KnobValues     | {'backgroundCompilationEnabled': 0, 'minInliningThreshold': 236, 'inlineSmallCode': 923, 'graalBootstrapEnabled': 0, 'compileThreshold': 6574, 'maxInlineLevel': 7, 'codeFlushingEnabled': 1, 'loopMinUnroll': 2, 'compileHugeMethodsEnabled': 0, 'counterDecayEnabled': 1, 'onStackReplacePercentage': 186, 'loopUnrollLimit': 61, 'freqInlineSize': 472, 'maxRecursiveInlineLevel': 0, 'graalCompilerEnabled': 0, 'maxInlineSize': 28, 'loopMaxUnroll': 14, 'tieredCompilationEnabled': 1}
> Statistics     | 7/200 took 4845ms - remaining ~935sec
> FullState      | {'passedTime': 3958}
> ResultValue    | 3958
>
> KnobValues     | {'backgroundCompilationEnabled': 0, 'minInliningThreshold': 54, 'inlineSmallCode': 1527, 'graalBootstrapEnabled': 1, 'compileThreshold': 30660, 'maxInlineLevel': 11, 'codeFlushingEnabled': 1, 'loopMinUnroll': 4, 'compileHugeMethodsEnabled': 0, 'counterDecayEnabled': 1, 'onStackReplacePercentage': 633, 'loopUnrollLimit': 42, 'freqInlineSize': 303, 'maxRecursiveInlineLevel': 2, 'graalCompilerEnabled': 0, 'maxInlineSize': 22, 'loopMaxUnroll': 22, 'tieredCompilationEnabled': 0}
> Statistics     | 8/200 took 4860ms - remaining ~933sec
> FullState      | {'passedTime': 4157}
> ResultValue    | 4157
>
> KnobValues     | {'backgroundCompilationEnabled': 1, 'minInliningThreshold': 199, 'inlineSmallCode': 1711, 'graalBootstrapEnabled': 1, 'compileThreshold': 37333, 'maxInlineLevel': 15, 'codeFlushingEnabled': 0, 'loopMinUnroll': 2, 'compileHugeMethodsEnabled': 0, 'counterDecayEnabled': 1, 'onStackReplacePercentage': 549, 'loopUnrollLimit': 22, 'freqInlineSize': 225, 'maxRecursiveInlineLevel': 3, 'graalCompilerEnabled': 1, 'maxInlineSize': 127, 'loopMaxUnroll': 14, 'tieredCompilationEnabled': 0}
> Statistics     | 9/200 took 290398ms - remaining ~55466sec
> FullState      | {'passedTime': 18244}
> ResultValue    | 18244
>
> KnobValues     | {'backgroundCompilationEnabled': 1, 'minInliningThreshold': 365, 'inlineSmallCode': 1254, 'graalBootstrapEnabled': 0, 'compileThreshold': 4454, 'maxInlineLevel': 11, 'codeFlushingEnabled': 1, 'loopMinUnroll': 10, 'compileHugeMethodsEnabled': 1, 'counterDecayEnabled': 0, 'onStackReplacePercentage': 724, 'loopUnrollLimit': 43, 'freqInlineSize': 283, 'maxRecursiveInlineLevel': 3, 'graalCompilerEnabled': 0, 'maxInlineSize': 99, 'loopMaxUnroll': 17, 'tieredCompilationEnabled': 1}
> Statistics     | 10/200 took 5622ms - remaining ~1068sec
> FullState      | {'passedTime': 4453}
> ResultValue    | 4453
>
> KnobValues     | {'backgroundCompilationEnabled': 0, 'minInliningThreshold': 216, 'inlineSmallCode': 1967, 'graalBootstrapEnabled': 1, 'compileThreshold': 43432, 'maxInlineLevel': 15, 'codeFlushingEnabled': 1, 'loopMinUnroll': 3, 'compileHugeMethodsEnabled': 0, 'counterDecayEnabled': 0, 'onStackReplacePercentage': 970, 'loopUnrollLimit': 54, 'freqInlineSize': 117, 'maxRecursiveInlineLevel': 3, 'graalCompilerEnabled': 0, 'maxInlineSize': 29, 'loopMaxUnroll': 23, 'tieredCompilationEnabled': 1}
> Statistics     | 11/200 took 4518ms - remaining ~853sec
> FullState      | {'passedTime': 3616}
> ResultValue    | 3616
>
> KnobValues     | {'backgroundCompilationEnabled': 1, 'minInliningThreshold': 322, 'inlineSmallCode': 1582, 'graalBootstrapEnabled': 0, 'compileThreshold': 23645, 'maxInlineLevel': 5, 'codeFlushingEnabled': 1, 'loopMinUnroll': 5, 'compileHugeMethodsEnabled': 0, 'counterDecayEnabled': 1, 'onStackReplacePercentage': 738, 'loopUnrollLimit': 75, 'freqInlineSize': 280, 'maxRecursiveInlineLevel': 0, 'graalCompilerEnabled': 1, 'maxInlineSize': 53, 'loopMaxUnroll': 8, 'tieredCompilationEnabled': 0}
> Statistics     | 12/200 took 60840ms - remaining ~11437sec
> FullState      | {'passedTime': 59123}
> ResultValue    | 59123
>
> KnobValues     | {'backgroundCompilationEnabled': 0, 'minInliningThreshold': 312, 'inlineSmallCode': 831, 'graalBootstrapEnabled': 1, 'compileThreshold': 27959, 'maxInlineLevel': 14, 'codeFlushingEnabled': 1, 'loopMinUnroll': 7, 'compileHugeMethodsEnabled': 1, 'counterDecayEnabled': 0, 'onStackReplacePercentage': 222, 'loopUnrollLimit': 78, 'freqInlineSize': 179, 'maxRecursiveInlineLevel': 0, 'graalCompilerEnabled': 1, 'maxInlineSize': 142, 'loopMaxUnroll': 22, 'tieredCompilationEnabled': 1}
> Statistics     | 13/200 took 158617ms - remaining ~29661sec
> FullState      | {'passedTime': 14013}
> ResultValue    | 14013
>
> KnobValues     | {'backgroundCompilationEnabled': 1, 'minInliningThreshold': 237, 'inlineSmallCode': 728, 'graalBootstrapEnabled': 1, 'compileThreshold': 12285, 'maxInlineLevel': 8, 'codeFlushingEnabled': 0, 'loopMinUnroll': 10, 'compileHugeMethodsEnabled': 0, 'counterDecayEnabled': 1, 'onStackReplacePercentage': 294, 'loopUnrollLimit': 67, 'freqInlineSize': 224, 'maxRecursiveInlineLevel': 3, 'graalCompilerEnabled': 1, 'maxInlineSize': 21, 'loopMaxUnroll': 20, 'tieredCompilationEnabled': 0}
> Statistics     | 14/200 took 372446ms - remaining ~69274sec
> FullState      | {'passedTime': 28100}
> ResultValue    | 28100
>
> KnobValues     | {'backgroundCompilationEnabled': 0, 'minInliningThreshold': 250, 'inlineSmallCode': 1275, 'graalBootstrapEnabled': 0, 'compileThreshold': 10227, 'maxInlineLevel': 7, 'codeFlushingEnabled': 0, 'loopMinUnroll': 5, 'compileHugeMethodsEnabled': 0, 'counterDecayEnabled': 1, 'onStackReplacePercentage': 294, 'loopUnrollLimit': 79, 'freqInlineSize': 249, 'maxRecursiveInlineLevel': 3, 'graalCompilerEnabled': 1, 'maxInlineSize': 79, 'loopMaxUnroll': 13, 'tieredCompilationEnabled': 1}
> Statistics     | 15/200 took 22390ms - remaining ~4142sec
> FullState      | {'passedTime': 18869}
> ResultValue    | 18869
>
> KnobValues     | {'backgroundCompilationEnabled': 1, 'minInliningThreshold': 371, 'inlineSmallCode': 625, 'graalBootstrapEnabled': 0, 'compileThreshold': 15272, 'maxInlineLevel': 12, 'codeFlushingEnabled': 1, 'loopMinUnroll': 6, 'compileHugeMethodsEnabled': 0, 'counterDecayEnabled': 1, 'onStackReplacePercentage': 410, 'loopUnrollLimit': 34, 'freqInlineSize': 395, 'maxRecursiveInlineLevel': 3, 'graalCompilerEnabled': 1, 'maxInlineSize': 121, 'loopMaxUnroll': 11, 'tieredCompilationEnabled': 0}
> Statistics     | 16/200 took 61707ms - remaining ~11354sec
> FullState      | {'passedTime': 59967}
> ResultValue    | 59967
>
> KnobValues     | {'backgroundCompilationEnabled': 0, 'minInliningThreshold': 370, 'inlineSmallCode': 1818, 'graalBootstrapEnabled': 1, 'compileThreshold': 17630, 'maxInlineLevel': 14, 'codeFlushingEnabled': 0, 'loopMinUnroll': 2, 'compileHugeMethodsEnabled': 1, 'counterDecayEnabled': 1, 'onStackReplacePercentage': 618, 'loopUnrollLimit': 76, 'freqInlineSize': 492, 'maxRecursiveInlineLevel': 2, 'graalCompilerEnabled': 1, 'maxInlineSize': 32, 'loopMaxUnroll': 8, 'tieredCompilationEnabled': 0}
> Statistics     | 17/200 took 312231ms - remaining ~57138sec
> FullState      | {'passedTime': 7959}
> ResultValue    | 7959
>
> KnobValues     | {'backgroundCompilationEnabled': 1, 'minInliningThreshold': 121, 'inlineSmallCode': 1223, 'graalBootstrapEnabled': 0, 'compileThreshold': 31182, 'maxInlineLevel': 6, 'codeFlushingEnabled': 0, 'loopMinUnroll': 3, 'compileHugeMethodsEnabled': 1, 'counterDecayEnabled': 1, 'onStackReplacePercentage': 482, 'loopUnrollLimit': 23, 'freqInlineSize': 384, 'maxRecursiveInlineLevel': 3, 'graalCompilerEnabled': 1, 'maxInlineSize': 15, 'loopMaxUnroll': 26, 'tieredCompilationEnabled': 1}
> Statistics     | 18/200 took 8706ms - remaining ~1584sec
> FullState      | {'passedTime': 7293}
> ResultValue    | 7293
>
> KnobValues     | {'backgroundCompilationEnabled': 0, 'minInliningThreshold': 70, 'inlineSmallCode': 1077, 'graalBootstrapEnabled': 0, 'compileThreshold': 35246, 'maxInlineLevel': 7, 'codeFlushingEnabled': 0, 'loopMinUnroll': 3, 'compileHugeMethodsEnabled': 1, 'counterDecayEnabled': 1, 'onStackReplacePercentage': 934, 'loopUnrollLimit': 49, 'freqInlineSize': 483, 'maxRecursiveInlineLevel': 0, 'graalCompilerEnabled': 1, 'maxInlineSize': 103, 'loopMaxUnroll': 11, 'tieredCompilationEnabled': 1}
> Statistics     | 19/200 took 26935ms - remaining ~4875sec
> FullState      | {'passedTime': 23623}
> ResultValue    | 23623
>
> KnobValues     | {'backgroundCompilationEnabled': 0, 'minInliningThreshold': 373, 'inlineSmallCode': 1824, 'graalBootstrapEnabled': 0, 'compileThreshold': 40022, 'maxInlineLevel': 13, 'codeFlushingEnabled': 0, 'loopMinUnroll': 9, 'compileHugeMethodsEnabled': 1, 'counterDecayEnabled': 0, 'onStackReplacePercentage': 442, 'loopUnrollLimit': 79, 'freqInlineSize': 377, 'maxRecursiveInlineLevel': 2, 'graalCompilerEnabled': 1, 'maxInlineSize': 146, 'loopMaxUnroll': 9, 'tieredCompilationEnabled': 1}
> Statistics     | 20/200 took 38204ms - remaining ~6876sec
> FullState      | {'passedTime': 32730}
> ResultValue    | 32730
>
> KnobValues     | {'backgroundCompilationEnabled': 0, 'minInliningThreshold': 383, 'inlineSmallCode': 1976, 'graalBootstrapEnabled': 1, 'compileThreshold': 18214, 'maxInlineLevel': 5, 'codeFlushingEnabled': 0, 'loopMinUnroll': 3, 'compileHugeMethodsEnabled': 1, 'counterDecayEnabled': 1, 'onStackReplacePercentage': 612, 'loopUnrollLimit': 70, 'freqInlineSize': 427, 'maxRecursiveInlineLevel': 3, 'graalCompilerEnabled': 1, 'maxInlineSize': 20, 'loopMaxUnroll': 6, 'tieredCompilationEnabled': 1}
> Statistics     | 21/200 took 94546ms - remaining ~16923sec
> FullState      | {'passedTime': 5975}
> ResultValue    | 5975
>
> KnobValues     | {'backgroundCompilationEnabled': 0, 'minInliningThreshold': 342, 'inlineSmallCode': 1521, 'graalBootstrapEnabled': 0, 'compileThreshold': 11845, 'maxInlineLevel': 7, 'codeFlushingEnabled': 0, 'loopMinUnroll': 10, 'compileHugeMethodsEnabled': 1, 'counterDecayEnabled': 0, 'onStackReplacePercentage': 911, 'loopUnrollLimit': 47, 'freqInlineSize': 100, 'maxRecursiveInlineLevel': 1, 'graalCompilerEnabled': 1, 'maxInlineSize': 145, 'loopMaxUnroll': 10, 'tieredCompilationEnabled': 0}
> Statistics     | 22/200 took 133963ms - remaining ~23845sec
> FullState      | {'passedTime': 131240}
> ResultValue    | 131240
>
> KnobValues     | {'backgroundCompilationEnabled': 0, 'minInliningThreshold': 373, 'inlineSmallCode': 1294, 'graalBootstrapEnabled': 0, 'compileThreshold': 19660, 'maxInlineLevel': 8, 'codeFlushingEnabled': 0, 'loopMinUnroll': 10, 'compileHugeMethodsEnabled': 0, 'counterDecayEnabled': 1, 'onStackReplacePercentage': 768, 'loopUnrollLimit': 72, 'freqInlineSize': 466, 'maxRecursiveInlineLevel': 1, 'graalCompilerEnabled': 0, 'maxInlineSize': 131, 'loopMaxUnroll': 11, 'tieredCompilationEnabled': 0}
> Statistics     | 23/200 took 5256ms - remaining ~930sec
> FullState      | {'passedTime': 4518}
> ResultValue    | 4518
>
> KnobValues     | {'backgroundCompilationEnabled': 0, 'minInliningThreshold': 251, 'inlineSmallCode': 1809, 'graalBootstrapEnabled': 1, 'compileThreshold': 32892, 'maxInlineLevel': 15, 'codeFlushingEnabled': 0, 'loopMinUnroll': 9, 'compileHugeMethodsEnabled': 0, 'counterDecayEnabled': 0, 'onStackReplacePercentage': 851, 'loopUnrollLimit': 70, 'freqInlineSize': 480, 'maxRecursiveInlineLevel': 1, 'graalCompilerEnabled': 1, 'maxInlineSize': 150, 'loopMaxUnroll': 19, 'tieredCompilationEnabled': 0}
> Statistics     | 24/200 took 308571ms - remaining ~54308sec
> FullState      | {'passedTime': 8629}
> ResultValue    | 8629
>
> KnobValues     | {'backgroundCompilationEnabled': 1, 'minInliningThreshold': 338, 'inlineSmallCode': 747, 'graalBootstrapEnabled': 1, 'compileThreshold': 11011, 'maxInlineLevel': 14, 'codeFlushingEnabled': 1, 'loopMinUnroll': 3, 'compileHugeMethodsEnabled': 0, 'counterDecayEnabled': 0, 'onStackReplacePercentage': 601, 'loopUnrollLimit': 23, 'freqInlineSize': 110, 'maxRecursiveInlineLevel': 2, 'graalCompilerEnabled': 0, 'maxInlineSize': 144, 'loopMaxUnroll': 10, 'tieredCompilationEnabled': 0}
> Statistics     | 25/200 took 5080ms - remaining ~889sec
> FullState      | {'passedTime': 4341}
> ResultValue    | 4341
>
> KnobValues     | {'backgroundCompilationEnabled': 0, 'minInliningThreshold': 368, 'inlineSmallCode': 648, 'graalBootstrapEnabled': 1, 'compileThreshold': 44503, 'maxInlineLevel': 11, 'codeFlushingEnabled': 0, 'loopMinUnroll': 10, 'compileHugeMethodsEnabled': 0, 'counterDecayEnabled': 1, 'onStackReplacePercentage': 519, 'loopUnrollLimit': 25, 'freqInlineSize': 157, 'maxRecursiveInlineLevel': 1, 'graalCompilerEnabled': 1, 'maxInlineSize': 50, 'loopMaxUnroll': 16, 'tieredCompilationEnabled': 1}
> Statistics     | 26/200 took 103209ms - remaining ~17958sec
> FullState      | {'passedTime': 6161}
> ResultValue    | 6161
>
> KnobValues     | {'backgroundCompilationEnabled': 1, 'minInliningThreshold': 121, 'inlineSmallCode': 807, 'graalBootstrapEnabled': 0, 'compileThreshold': 35986, 'maxInlineLevel': 8, 'codeFlushingEnabled': 0, 'loopMinUnroll': 10, 'compileHugeMethodsEnabled': 0, 'counterDecayEnabled': 1, 'onStackReplacePercentage': 231, 'loopUnrollLimit': 60, 'freqInlineSize': 150, 'maxRecursiveInlineLevel': 2, 'graalCompilerEnabled': 1, 'maxInlineSize': 60, 'loopMaxUnroll': 19, 'tieredCompilationEnabled': 0}
> Statistics     | 27/200 took 61044ms - remaining ~10560sec
> FullState      | {'passedTime': 59575}
> ResultValue    | 59575
>
> KnobValues     | {'backgroundCompilationEnabled': 0, 'minInliningThreshold': 289, 'inlineSmallCode': 1305, 'graalBootstrapEnabled': 0, 'compileThreshold': 24650, 'maxInlineLevel': 5, 'codeFlushingEnabled': 1, 'loopMinUnroll': 7, 'compileHugeMethodsEnabled': 0, 'counterDecayEnabled': 1, 'onStackReplacePercentage': 946, 'loopUnrollLimit': 77, 'freqInlineSize': 421, 'maxRecursiveInlineLevel': 3, 'graalCompilerEnabled': 1, 'maxInlineSize': 150, 'loopMaxUnroll': 10, 'tieredCompilationEnabled': 0}
> Statistics     | 28/200 took 130178ms - remaining ~22390sec
> FullState      | {'passedTime': 123164}
> ResultValue    | 123164
>
> KnobValues     | {'backgroundCompilationEnabled': 0, 'minInliningThreshold': 237, 'inlineSmallCode': 1126, 'graalBootstrapEnabled': 0, 'compileThreshold': 5970, 'maxInlineLevel': 15, 'codeFlushingEnabled': 1, 'loopMinUnroll': 3, 'compileHugeMethodsEnabled': 0, 'counterDecayEnabled': 0, 'onStackReplacePercentage': 991, 'loopUnrollLimit': 79, 'freqInlineSize': 158, 'maxRecursiveInlineLevel': 2, 'graalCompilerEnabled': 0, 'maxInlineSize': 149, 'loopMaxUnroll': 17, 'tieredCompilationEnabled': 1}
> Statistics     | 29/200 took 8145ms - remaining ~1392sec
> FullState      | {'passedTime': 5285}
> ResultValue    | 5285
>
> KnobValues     | {'backgroundCompilationEnabled': 0, 'minInliningThreshold': 387, 'inlineSmallCode': 654, 'graalBootstrapEnabled': 1, 'compileThreshold': 28550, 'maxInlineLevel': 6, 'codeFlushingEnabled': 0, 'loopMinUnroll': 5, 'compileHugeMethodsEnabled': 1, 'counterDecayEnabled': 1, 'onStackReplacePercentage': 914, 'loopUnrollLimit': 44, 'freqInlineSize': 117, 'maxRecursiveInlineLevel': 3, 'graalCompilerEnabled': 1, 'maxInlineSize': 17, 'loopMaxUnroll': 13, 'tieredCompilationEnabled': 1}
