
> Do VMTouch Prepare
           Files: 8950
     Directories: 1316
   Touched Pages: 241295 (942M)
         Elapsed: 0.81743 seconds

> Starting RTX experiment...
######################################
> Workflow       | Fastest-0-Default
> ExecStrategy   | Step
> Steps Created  | Count: 20
>
> KnobValues     | {'irrelevant': 1}
> Statistics     | 1/20 took 283523ms - remaining ~5386sec
> FullState      | {'minimumWarmupTime': 854}
> ResultValue    | 854
>
> KnobValues     | {'irrelevant': 2}
> Statistics     | 2/20 took 283090ms - remaining ~5095sec
> FullState      | {'minimumWarmupTime': 852}
> ResultValue    | 852
>
> KnobValues     | {'irrelevant': 3}
> Statistics     | 3/20 took 283091ms - remaining ~4812sec
> FullState      | {'minimumWarmupTime': 853}
> ResultValue    | 853
>
> KnobValues     | {'irrelevant': 4}
> Statistics     | 4/20 took 283014ms - remaining ~4528sec
> FullState      | {'minimumWarmupTime': 853}
> ResultValue    | 853
>
> KnobValues     | {'irrelevant': 5}
> Statistics     | 5/20 took 282300ms - remaining ~4234sec
> FullState      | {'minimumWarmupTime': 851}
> ResultValue    | 851
>
> KnobValues     | {'irrelevant': 6}
> Statistics     | 6/20 took 283124ms - remaining ~3963sec
> FullState      | {'minimumWarmupTime': 853}
> ResultValue    | 853
>
> KnobValues     | {'irrelevant': 7}
> Statistics     | 7/20 took 283307ms - remaining ~3682sec
> FullState      | {'minimumWarmupTime': 853}
> ResultValue    | 853
>
> KnobValues     | {'irrelevant': 8}
> Statistics     | 8/20 took 283246ms - remaining ~3398sec
> FullState      | {'minimumWarmupTime': 853}
> ResultValue    | 853
>
> KnobValues     | {'irrelevant': 9}
> Statistics     | 9/20 took 283099ms - remaining ~3114sec
> FullState      | {'minimumWarmupTime': 853}
> ResultValue    | 853
>
> KnobValues     | {'irrelevant': 10}
> Statistics     | 10/20 took 283093ms - remaining ~2830sec
> FullState      | {'minimumWarmupTime': 852}
> ResultValue    | 852
>
> KnobValues     | {'irrelevant': 11}
> Statistics     | 11/20 took 282476ms - remaining ~2542sec
> FullState      | {'minimumWarmupTime': 851}
> ResultValue    | 851
>
> KnobValues     | {'irrelevant': 12}
> Statistics     | 12/20 took 282765ms - remaining ~2262sec
> FullState      | {'minimumWarmupTime': 853}
> ResultValue    | 853
>
> KnobValues     | {'irrelevant': 13}
> Statistics     | 13/20 took 283560ms - remaining ~1984sec
> FullState      | {'minimumWarmupTime': 854}
> ResultValue    | 854
>
> KnobValues     | {'irrelevant': 14}
> Statistics     | 14/20 took 283344ms - remaining ~1700sec
> FullState      | {'minimumWarmupTime': 853}
> ResultValue    | 853
>
> KnobValues     | {'irrelevant': 15}
> Statistics     | 15/20 took 283498ms - remaining ~1417sec
> FullState      | {'minimumWarmupTime': 854}
> ResultValue    | 854
>
> KnobValues     | {'irrelevant': 16}
> Statistics     | 16/20 took 283549ms - remaining ~1134sec
> FullState      | {'minimumWarmupTime': 854}
> ResultValue    | 854
>
> KnobValues     | {'irrelevant': 17}
> Statistics     | 17/20 took 283693ms - remaining ~851sec
> FullState      | {'minimumWarmupTime': 854}
> ResultValue    | 854
>
> KnobValues     | {'irrelevant': 18}
> Statistics     | 18/20 took 283223ms - remaining ~566sec
> FullState      | {'minimumWarmupTime': 853}
> ResultValue    | 853
>
> KnobValues     | {'irrelevant': 19}
> Statistics     | 19/20 took 283110ms - remaining ~283sec
> FullState      | {'minimumWarmupTime': 853}
> ResultValue    | 853
>
> KnobValues     | {'irrelevant': 20}
> Statistics     | 20/20 took 282955ms - remaining ~0sec
> FullState      | {'minimumWarmupTime': 853}
> ResultValue    | 853
>
> Finished workflow
######################################
> Reporting on   | Fastest-0-Default
> Found 1 knob, creating scatter plot...
> Plot saved at scenarios/fastest/0-default/2018-06-16_02-18-52/scatter_plot.png
