
> Do VMTouch Prepare
           Files: 8969
     Directories: 1320
   Touched Pages: 241385 (942M)
         Elapsed: 0.78597 seconds

> Starting RTX experiment...
######################################
> Workflow       | SingleRun-0-Default
> ExecStrategy   | Step
> Steps Created  | Count: 20
>
> KnobValues     | {'irrelevant': 1}
> Statistics     | 1/20 took 31580ms - remaining ~600sec
> FullState      | {'passedTime': 30533}
> ResultValue    | 30533
>
> KnobValues     | {'irrelevant': 2}
> Statistics     | 2/20 took 31536ms - remaining ~567sec
> FullState      | {'passedTime': 30488}
> ResultValue    | 30488
>
> KnobValues     | {'irrelevant': 3}
> Statistics     | 3/20 took 31525ms - remaining ~535sec
> FullState      | {'passedTime': 30486}
> ResultValue    | 30486
>
> KnobValues     | {'irrelevant': 4}
> Statistics     | 4/20 took 31252ms - remaining ~500sec
> FullState      | {'passedTime': 30209}
> ResultValue    | 30209
>
> KnobValues     | {'irrelevant': 5}
> Statistics     | 5/20 took 31602ms - remaining ~474sec
> FullState      | {'passedTime': 30559}
> ResultValue    | 30559
>
> KnobValues     | {'irrelevant': 6}
> Statistics     | 6/20 took 31582ms - remaining ~442sec
> FullState      | {'passedTime': 30543}
> ResultValue    | 30543
>
> KnobValues     | {'irrelevant': 7}
> Statistics     | 7/20 took 31557ms - remaining ~410sec
> FullState      | {'passedTime': 30505}
> ResultValue    | 30505
>
> KnobValues     | {'irrelevant': 8}
> Statistics     | 8/20 took 31740ms - remaining ~380sec
> FullState      | {'passedTime': 30695}
> ResultValue    | 30695
>
> KnobValues     | {'irrelevant': 9}
> Statistics     | 9/20 took 31581ms - remaining ~347sec
> FullState      | {'passedTime': 30531}
> ResultValue    | 30531
>
> KnobValues     | {'irrelevant': 10}
> Statistics     | 10/20 took 31651ms - remaining ~316sec
> FullState      | {'passedTime': 30595}
> ResultValue    | 30595
>
> KnobValues     | {'irrelevant': 11}
> Statistics     | 11/20 took 31510ms - remaining ~283sec
> FullState      | {'passedTime': 30460}
> ResultValue    | 30460
>
> KnobValues     | {'irrelevant': 12}
> Statistics     | 12/20 took 31594ms - remaining ~252sec
> FullState      | {'passedTime': 30554}
> ResultValue    | 30554
>
> KnobValues     | {'irrelevant': 13}
> Statistics     | 13/20 took 31361ms - remaining ~219sec
> FullState      | {'passedTime': 30310}
> ResultValue    | 30310
>
> KnobValues     | {'irrelevant': 14}
> Statistics     | 14/20 took 31599ms - remaining ~189sec
> FullState      | {'passedTime': 30557}
> ResultValue    | 30557
>
> KnobValues     | {'irrelevant': 15}
> Statistics     | 15/20 took 31340ms - remaining ~156sec
> FullState      | {'passedTime': 30294}
> ResultValue    | 30294
>
> KnobValues     | {'irrelevant': 16}
> Statistics     | 16/20 took 31575ms - remaining ~126sec
> FullState      | {'passedTime': 30532}
> ResultValue    | 30532
>
> KnobValues     | {'irrelevant': 17}
> Statistics     | 17/20 took 31601ms - remaining ~94sec
> FullState      | {'passedTime': 30557}
> ResultValue    | 30557
>
> KnobValues     | {'irrelevant': 18}
> Statistics     | 18/20 took 31591ms - remaining ~63sec
> FullState      | {'passedTime': 30541}
> ResultValue    | 30541
>
> KnobValues     | {'irrelevant': 19}
> Statistics     | 19/20 took 31597ms - remaining ~31sec
> FullState      | {'passedTime': 30557}
> ResultValue    | 30557
>
> KnobValues     | {'irrelevant': 20}
> Statistics     | 20/20 took 31630ms - remaining ~0sec
> FullState      | {'passedTime': 30537}
> ResultValue    | 30537
>
> Finished workflow
######################################
> Reporting on   | SingleRun-0-Default
> Found 1 knob, creating scatter plot...
> Plot saved at scenarios/singleRun/0-default/2018-06-17_15-21-19/scatter_plot.png
