
> Do VMTouch Prepare
           Files: 9059
     Directories: 1357
   Touched Pages: 241745 (944M)
         Elapsed: 0.79197 seconds

> Starting RTX experiment...
######################################
> Workflow       | SingleRun-2b-Inlining-size
> ExecStrategy   | Step
> Steps Created  | Count: 200
>
> KnobValues     | {'freqInlineSize': 5}
> Statistics     | 1/200 took 32611ms - remaining ~6489sec
> FullState      | {'passedTime': 31574}
> ResultValue    | 31574
>
> KnobValues     | {'freqInlineSize': 10}
> Statistics     | 2/200 took 32398ms - remaining ~6414sec
> FullState      | {'passedTime': 31374}
> ResultValue    | 31374
>
> KnobValues     | {'freqInlineSize': 15}
> Statistics     | 3/200 took 32055ms - remaining ~6314sec
> FullState      | {'passedTime': 31028}
> ResultValue    | 31028
>
> KnobValues     | {'freqInlineSize': 20}
> Statistics     | 4/200 took 31801ms - remaining ~6232sec
> FullState      | {'passedTime': 30777}
> ResultValue    | 30777
>
> KnobValues     | {'freqInlineSize': 25}
> Statistics     | 5/200 took 30816ms - remaining ~6009sec
> FullState      | {'passedTime': 29791}
> ResultValue    | 29791
>
> KnobValues     | {'freqInlineSize': 30}
> Statistics     | 6/200 took 29452ms - remaining ~5713sec
> FullState      | {'passedTime': 28425}
> ResultValue    | 28425
>
> KnobValues     | {'freqInlineSize': 35}
> Statistics     | 7/200 took 30535ms - remaining ~5893sec
> FullState      | {'passedTime': 29501}
> ResultValue    | 29501
>
> KnobValues     | {'freqInlineSize': 40}
> Statistics     | 8/200 took 30460ms - remaining ~5848sec
> FullState      | {'passedTime': 29427}
> ResultValue    | 29427
>
> KnobValues     | {'freqInlineSize': 45}
> Statistics     | 9/200 took 30044ms - remaining ~5738sec
> FullState      | {'passedTime': 29015}
> ResultValue    | 29015
>
> KnobValues     | {'freqInlineSize': 50}
> Statistics     | 10/200 took 30661ms - remaining ~5825sec
> FullState      | {'passedTime': 29625}
> ResultValue    | 29625
>
> KnobValues     | {'freqInlineSize': 55}
> Statistics     | 11/200 took 30019ms - remaining ~5673sec
> FullState      | {'passedTime': 28989}
> ResultValue    | 28989
>
> KnobValues     | {'freqInlineSize': 60}
> Statistics     | 12/200 took 30268ms - remaining ~5690sec
> FullState      | {'passedTime': 29237}
> ResultValue    | 29237
>
> KnobValues     | {'freqInlineSize': 65}
> Statistics     | 13/200 took 30875ms - remaining ~5773sec
> FullState      | {'passedTime': 29839}
> ResultValue    | 29839
>
> KnobValues     | {'freqInlineSize': 70}
> Statistics     | 14/200 took 30915ms - remaining ~5750sec
> FullState      | {'passedTime': 29882}
> ResultValue    | 29882
>
> KnobValues     | {'freqInlineSize': 75}
> Statistics     | 15/200 took 29979ms - remaining ~5546sec
> FullState      | {'passedTime': 28952}
> ResultValue    | 28952
>
> KnobValues     | {'freqInlineSize': 80}
> Statistics     | 16/200 took 29984ms - remaining ~5517sec
> FullState      | {'passedTime': 28949}
> ResultValue    | 28949
>
> KnobValues     | {'freqInlineSize': 85}
> Statistics     | 17/200 took 29941ms - remaining ~5479sec
> FullState      | {'passedTime': 28913}
> ResultValue    | 28913
>
> KnobValues     | {'freqInlineSize': 90}
> Statistics     | 18/200 took 29732ms - remaining ~5411sec
> FullState      | {'passedTime': 28703}
> ResultValue    | 28703
>
> KnobValues     | {'freqInlineSize': 95}
> Statistics     | 19/200 took 29989ms - remaining ~5428sec
> FullState      | {'passedTime': 28957}
> ResultValue    | 28957
>
> KnobValues     | {'freqInlineSize': 100}
> Statistics     | 20/200 took 29621ms - remaining ~5331sec
> FullState      | {'passedTime': 28588}
> ResultValue    | 28588
>
> KnobValues     | {'freqInlineSize': 105}
> Statistics     | 21/200 took 30134ms - remaining ~5393sec
> FullState      | {'passedTime': 29102}
> ResultValue    | 29102
>
> KnobValues     | {'freqInlineSize': 110}
> Statistics     | 22/200 took 29798ms - remaining ~5304sec
> FullState      | {'passedTime': 28764}
> ResultValue    | 28764
>
> KnobValues     | {'freqInlineSize': 115}
> Statistics     | 23/200 took 29933ms - remaining ~5298sec
> FullState      | {'passedTime': 28899}
> ResultValue    | 28899
>
> KnobValues     | {'freqInlineSize': 120}
> Statistics     | 24/200 took 29596ms - remaining ~5208sec
> FullState      | {'passedTime': 28560}
> ResultValue    | 28560
>
> KnobValues     | {'freqInlineSize': 125}
> Statistics     | 25/200 took 29653ms - remaining ~5189sec
> FullState      | {'passedTime': 28624}
> ResultValue    | 28624
>
> KnobValues     | {'freqInlineSize': 130}
> Statistics     | 26/200 took 29628ms - remaining ~5155sec
> FullState      | {'passedTime': 28596}
> ResultValue    | 28596
>
> KnobValues     | {'freqInlineSize': 135}
> Statistics     | 27/200 took 30269ms - remaining ~5236sec
> FullState      | {'passedTime': 29232}
> ResultValue    | 29232
>
> KnobValues     | {'freqInlineSize': 140}
> Statistics     | 28/200 took 30717ms - remaining ~5283sec
> FullState      | {'passedTime': 29678}
> ResultValue    | 29678
>
> KnobValues     | {'freqInlineSize': 145}
> Statistics     | 29/200 took 30277ms - remaining ~5177sec
> FullState      | {'passedTime': 29242}
> ResultValue    | 29242
>
> KnobValues     | {'freqInlineSize': 150}
> Statistics     | 30/200 took 30639ms - remaining ~5208sec
> FullState      | {'passedTime': 29602}
> ResultValue    | 29602
>
> KnobValues     | {'freqInlineSize': 155}
> Statistics     | 31/200 took 30835ms - remaining ~5211sec
> FullState      | {'passedTime': 29798}
> ResultValue    | 29798
>
> KnobValues     | {'freqInlineSize': 160}
> Statistics     | 32/200 took 30726ms - remaining ~5161sec
> FullState      | {'passedTime': 29687}
> ResultValue    | 29687
>
> KnobValues     | {'freqInlineSize': 165}
> Statistics     | 33/200 took 30719ms - remaining ~5130sec
> FullState      | {'passedTime': 29678}
> ResultValue    | 29678
>
> KnobValues     | {'freqInlineSize': 170}
> Statistics     | 34/200 took 30421ms - remaining ~5049sec
> FullState      | {'passedTime': 29375}
> ResultValue    | 29375
>
> KnobValues     | {'freqInlineSize': 175}
> Statistics     | 35/200 took 30436ms - remaining ~5021sec
> FullState      | {'passedTime': 29394}
> ResultValue    | 29394
>
> KnobValues     | {'freqInlineSize': 180}
> Statistics     | 36/200 took 30727ms - remaining ~5039sec
> FullState      | {'passedTime': 29678}
> ResultValue    | 29678
>
> KnobValues     | {'freqInlineSize': 185}
> Statistics     | 37/200 took 30314ms - remaining ~4941sec
> FullState      | {'passedTime': 29270}
> ResultValue    | 29270
>
> KnobValues     | {'freqInlineSize': 190}
> Statistics     | 38/200 took 30758ms - remaining ~4982sec
> FullState      | {'passedTime': 29715}
> ResultValue    | 29715
>
> KnobValues     | {'freqInlineSize': 195}
> Statistics     | 39/200 took 30315ms - remaining ~4880sec
> FullState      | {'passedTime': 29270}
> ResultValue    | 29270
>
> KnobValues     | {'freqInlineSize': 200}
> Statistics     | 40/200 took 30702ms - remaining ~4912sec
> FullState      | {'passedTime': 29655}
> ResultValue    | 29655
>
> KnobValues     | {'freqInlineSize': 205}
> Statistics     | 41/200 took 30374ms - remaining ~4829sec
> FullState      | {'passedTime': 29334}
> ResultValue    | 29334
>
> KnobValues     | {'freqInlineSize': 210}
> Statistics     | 42/200 took 30443ms - remaining ~4809sec
> FullState      | {'passedTime': 29403}
> ResultValue    | 29403
>
> KnobValues     | {'freqInlineSize': 215}
> Statistics     | 43/200 took 30638ms - remaining ~4810sec
> FullState      | {'passedTime': 29597}
> ResultValue    | 29597
>
> KnobValues     | {'freqInlineSize': 220}
> Statistics     | 44/200 took 30878ms - remaining ~4816sec
> FullState      | {'passedTime': 29842}
> ResultValue    | 29842
>
> KnobValues     | {'freqInlineSize': 225}
> Statistics     | 45/200 took 30275ms - remaining ~4692sec
> FullState      | {'passedTime': 29226}
> ResultValue    | 29226
>
> KnobValues     | {'freqInlineSize': 230}
> Statistics     | 46/200 took 30673ms - remaining ~4723sec
> FullState      | {'passedTime': 29629}
> ResultValue    | 29629
>
> KnobValues     | {'freqInlineSize': 235}
> Statistics     | 47/200 took 30638ms - remaining ~4687sec
> FullState      | {'passedTime': 29594}
> ResultValue    | 29594
>
> KnobValues     | {'freqInlineSize': 240}
> Statistics     | 48/200 took 30546ms - remaining ~4642sec
> FullState      | {'passedTime': 29504}
> ResultValue    | 29504
>
> KnobValues     | {'freqInlineSize': 245}
> Statistics     | 49/200 took 30599ms - remaining ~4620sec
> FullState      | {'passedTime': 29561}
> ResultValue    | 29561
>
> KnobValues     | {'freqInlineSize': 250}
> Statistics     | 50/200 took 30624ms - remaining ~4593sec
> FullState      | {'passedTime': 29582}
> ResultValue    | 29582
>
> KnobValues     | {'freqInlineSize': 255}
> Statistics     | 51/200 took 31333ms - remaining ~4668sec
> FullState      | {'passedTime': 30291}
> ResultValue    | 30291
>
> KnobValues     | {'freqInlineSize': 260}
> Statistics     | 52/200 took 31994ms - remaining ~4735sec
> FullState      | {'passedTime': 30944}
> ResultValue    | 30944
>
> KnobValues     | {'freqInlineSize': 265}
> Statistics     | 53/200 took 31540ms - remaining ~4636sec
> FullState      | {'passedTime': 30501}
> ResultValue    | 30501
>
> KnobValues     | {'freqInlineSize': 270}
> Statistics     | 54/200 took 31591ms - remaining ~4612sec
> FullState      | {'passedTime': 30551}
> ResultValue    | 30551
>
> KnobValues     | {'freqInlineSize': 275}
> Statistics     | 55/200 took 31551ms - remaining ~4574sec
> FullState      | {'passedTime': 30507}
> ResultValue    | 30507
>
> KnobValues     | {'freqInlineSize': 280}
> Statistics     | 56/200 took 31540ms - remaining ~4541sec
> FullState      | {'passedTime': 30501}
> ResultValue    | 30501
>
> KnobValues     | {'freqInlineSize': 285}
> Statistics     | 57/200 took 31273ms - remaining ~4472sec
> FullState      | {'passedTime': 30225}
> ResultValue    | 30225
>
> KnobValues     | {'freqInlineSize': 290}
> Statistics     | 58/200 took 31569ms - remaining ~4482sec
> FullState      | {'passedTime': 30523}
> ResultValue    | 30523
>
> KnobValues     | {'freqInlineSize': 295}
> Statistics     | 59/200 took 31578ms - remaining ~4452sec
> FullState      | {'passedTime': 30536}
> ResultValue    | 30536
>
> KnobValues     | {'freqInlineSize': 300}
> Statistics     | 60/200 took 31627ms - remaining ~4427sec
> FullState      | {'passedTime': 30583}
> ResultValue    | 30583
>
> KnobValues     | {'freqInlineSize': 305}
> Statistics     | 61/200 took 31564ms - remaining ~4387sec
> FullState      | {'passedTime': 30519}
> ResultValue    | 30519
>
> KnobValues     | {'freqInlineSize': 310}
> Statistics     | 62/200 took 31558ms - remaining ~4355sec
> FullState      | {'passedTime': 30520}
> ResultValue    | 30520
>
> KnobValues     | {'freqInlineSize': 315}
> Statistics     | 63/200 took 31306ms - remaining ~4288sec
> FullState      | {'passedTime': 30261}
> ResultValue    | 30261
>
> KnobValues     | {'freqInlineSize': 320}
> Statistics     | 64/200 took 31585ms - remaining ~4295sec
> FullState      | {'passedTime': 30548}
> ResultValue    | 30548
>
> KnobValues     | {'freqInlineSize': 325}
> Statistics     | 65/200 took 31298ms - remaining ~4225sec
> FullState      | {'passedTime': 30257}
> ResultValue    | 30257
>
> KnobValues     | {'freqInlineSize': 330}
> Statistics     | 66/200 took 31553ms - remaining ~4228sec
> FullState      | {'passedTime': 30517}
> ResultValue    | 30517
>
> KnobValues     | {'freqInlineSize': 335}
> Statistics     | 67/200 took 31544ms - remaining ~4195sec
> FullState      | {'passedTime': 30502}
> ResultValue    | 30502
>
> KnobValues     | {'freqInlineSize': 340}
> Statistics     | 68/200 took 31568ms - remaining ~4166sec
> FullState      | {'passedTime': 30529}
> ResultValue    | 30529
>
> KnobValues     | {'freqInlineSize': 345}
> Statistics     | 69/200 took 31597ms - remaining ~4139sec
> FullState      | {'passedTime': 30556}
> ResultValue    | 30556
>
> KnobValues     | {'freqInlineSize': 350}
> Statistics     | 70/200 took 31529ms - remaining ~4098sec
> FullState      | {'passedTime': 30481}
> ResultValue    | 30481
>
> KnobValues     | {'freqInlineSize': 355}
> Statistics     | 71/200 took 31565ms - remaining ~4071sec
> FullState      | {'passedTime': 30522}
> ResultValue    | 30522
>
> KnobValues     | {'freqInlineSize': 360}
> Statistics     | 72/200 took 31560ms - remaining ~4039sec
> FullState      | {'passedTime': 30521}
> ResultValue    | 30521
>
> KnobValues     | {'freqInlineSize': 365}
> Statistics     | 73/200 took 31558ms - remaining ~4007sec
> FullState      | {'passedTime': 30514}
> ResultValue    | 30514
>
> KnobValues     | {'freqInlineSize': 370}
> Statistics     | 74/200 took 31573ms - remaining ~3978sec
> FullState      | {'passedTime': 30536}
> ResultValue    | 30536
>
> KnobValues     | {'freqInlineSize': 375}
> Statistics     | 75/200 took 31590ms - remaining ~3948sec
> FullState      | {'passedTime': 30548}
> ResultValue    | 30548
>
> KnobValues     | {'freqInlineSize': 380}
> Statistics     | 76/200 took 31546ms - remaining ~3911sec
> FullState      | {'passedTime': 30503}
> ResultValue    | 30503
>
> KnobValues     | {'freqInlineSize': 385}
> Statistics     | 77/200 took 32171ms - remaining ~3957sec
> FullState      | {'passedTime': 31126}
> ResultValue    | 31126
>
> KnobValues     | {'freqInlineSize': 390}
> Statistics     | 78/200 took 32054ms - remaining ~3910sec
> FullState      | {'passedTime': 31011}
> ResultValue    | 31011
>
> KnobValues     | {'freqInlineSize': 395}
> Statistics     | 79/200 took 32195ms - remaining ~3895sec
> FullState      | {'passedTime': 31119}
> ResultValue    | 31119
>
> KnobValues     | {'freqInlineSize': 400}
> Statistics     | 80/200 took 32167ms - remaining ~3860sec
> FullState      | {'passedTime': 31123}
> ResultValue    | 31123
>
> KnobValues     | {'freqInlineSize': 405}
> Statistics     | 81/200 took 32188ms - remaining ~3830sec
> FullState      | {'passedTime': 31143}
> ResultValue    | 31143
>
> KnobValues     | {'freqInlineSize': 410}
> Statistics     | 82/200 took 31951ms - remaining ~3770sec
> FullState      | {'passedTime': 30909}
> ResultValue    | 30909
>
> KnobValues     | {'freqInlineSize': 415}
> Statistics     | 83/200 took 32195ms - remaining ~3766sec
> FullState      | {'passedTime': 31159}
> ResultValue    | 31159
>
> KnobValues     | {'freqInlineSize': 420}
> Statistics     | 84/200 took 32223ms - remaining ~3737sec
> FullState      | {'passedTime': 31177}
> ResultValue    | 31177
>
> KnobValues     | {'freqInlineSize': 425}
> Statistics     | 85/200 took 32161ms - remaining ~3698sec
> FullState      | {'passedTime': 31118}
> ResultValue    | 31118
>
> KnobValues     | {'freqInlineSize': 430}
> Statistics     | 86/200 took 32130ms - remaining ~3662sec
> FullState      | {'passedTime': 31089}
> ResultValue    | 31089
>
> KnobValues     | {'freqInlineSize': 435}
> Statistics     | 87/200 took 31903ms - remaining ~3605sec
> FullState      | {'passedTime': 30863}
> ResultValue    | 30863
>
> KnobValues     | {'freqInlineSize': 440}
> Statistics     | 88/200 took 31900ms - remaining ~3572sec
> FullState      | {'passedTime': 30859}
> ResultValue    | 30859
>
> KnobValues     | {'freqInlineSize': 445}
> Statistics     | 89/200 took 32137ms - remaining ~3567sec
> FullState      | {'passedTime': 31097}
> ResultValue    | 31097
>
> KnobValues     | {'freqInlineSize': 450}
> Statistics     | 90/200 took 32181ms - remaining ~3539sec
> FullState      | {'passedTime': 31137}
> ResultValue    | 31137
>
> KnobValues     | {'freqInlineSize': 455}
> Statistics     | 91/200 took 32177ms - remaining ~3507sec
> FullState      | {'passedTime': 31130}
> ResultValue    | 31130
>
> KnobValues     | {'freqInlineSize': 460}
> Statistics     | 92/200 took 32123ms - remaining ~3469sec
> FullState      | {'passedTime': 31079}
> ResultValue    | 31079
>
> KnobValues     | {'freqInlineSize': 465}
> Statistics     | 93/200 took 32171ms - remaining ~3442sec
> FullState      | {'passedTime': 31126}
> ResultValue    | 31126
>
> KnobValues     | {'freqInlineSize': 470}
> Statistics     | 94/200 took 32174ms - remaining ~3410sec
> FullState      | {'passedTime': 31137}
> ResultValue    | 31137
>
> KnobValues     | {'freqInlineSize': 475}
> Statistics     | 95/200 took 32145ms - remaining ~3375sec
> FullState      | {'passedTime': 31103}
> ResultValue    | 31103
>
> KnobValues     | {'freqInlineSize': 480}
> Statistics     | 96/200 took 32234ms - remaining ~3352sec
> FullState      | {'passedTime': 31195}
> ResultValue    | 31195
>
> KnobValues     | {'freqInlineSize': 485}
> Statistics     | 97/200 took 32240ms - remaining ~3320sec
> FullState      | {'passedTime': 31197}
> ResultValue    | 31197
>
> KnobValues     | {'freqInlineSize': 490}
> Statistics     | 98/200 took 32165ms - remaining ~3280sec
> FullState      | {'passedTime': 31121}
> ResultValue    | 31121
>
> KnobValues     | {'freqInlineSize': 495}
> Statistics     | 99/200 took 32192ms - remaining ~3251sec
> FullState      | {'passedTime': 31154}
> ResultValue    | 31154
>
> KnobValues     | {'freqInlineSize': 500}
> Statistics     | 100/200 took 31917ms - remaining ~3191sec
> FullState      | {'passedTime': 30874}
> ResultValue    | 30874
>
> KnobValues     | {'freqInlineSize': 505}
> Statistics     | 101/200 took 32540ms - remaining ~3221sec
> FullState      | {'passedTime': 31497}
> ResultValue    | 31497
>
> KnobValues     | {'freqInlineSize': 510}
> Statistics     | 102/200 took 32762ms - remaining ~3210sec
> FullState      | {'passedTime': 31721}
> ResultValue    | 31721
>
> KnobValues     | {'freqInlineSize': 515}
> Statistics     | 103/200 took 32796ms - remaining ~3181sec
> FullState      | {'passedTime': 31757}
> ResultValue    | 31757
>
> KnobValues     | {'freqInlineSize': 520}
> Statistics     | 104/200 took 32259ms - remaining ~3096sec
> FullState      | {'passedTime': 31223}
> ResultValue    | 31223
>
> KnobValues     | {'freqInlineSize': 525}
> Statistics     | 105/200 took 32742ms - remaining ~3110sec
> FullState      | {'passedTime': 31700}
> ResultValue    | 31700
>
> KnobValues     | {'freqInlineSize': 530}
> Statistics     | 106/200 took 32547ms - remaining ~3059sec
> FullState      | {'passedTime': 31484}
> ResultValue    | 31484
>
> KnobValues     | {'freqInlineSize': 535}
> Statistics     | 107/200 took 32801ms - remaining ~3050sec
> FullState      | {'passedTime': 31730}
> ResultValue    | 31730
>
> KnobValues     | {'freqInlineSize': 540}
> Statistics     | 108/200 took 32539ms - remaining ~2993sec
> FullState      | {'passedTime': 31470}
> ResultValue    | 31470
>
> KnobValues     | {'freqInlineSize': 545}
> Statistics     | 109/200 took 32590ms - remaining ~2965sec
> FullState      | {'passedTime': 31521}
> ResultValue    | 31521
>
> KnobValues     | {'freqInlineSize': 550}
> Statistics     | 110/200 took 32558ms - remaining ~2930sec
> FullState      | {'passedTime': 31490}
> ResultValue    | 31490
>
> KnobValues     | {'freqInlineSize': 555}
> Statistics     | 111/200 took 32546ms - remaining ~2896sec
> FullState      | {'passedTime': 31482}
> ResultValue    | 31482
>
> KnobValues     | {'freqInlineSize': 560}
> Statistics     | 112/200 took 32586ms - remaining ~2867sec
> FullState      | {'passedTime': 31521}
> ResultValue    | 31521
>
> KnobValues     | {'freqInlineSize': 565}
> Statistics     | 113/200 took 32845ms - remaining ~2857sec
> FullState      | {'passedTime': 31772}
> ResultValue    | 31772
>
> KnobValues     | {'freqInlineSize': 570}
> Statistics     | 114/200 took 32577ms - remaining ~2801sec
> FullState      | {'passedTime': 31510}
> ResultValue    | 31510
>
> KnobValues     | {'freqInlineSize': 575}
> Statistics     | 115/200 took 32800ms - remaining ~2788sec
> FullState      | {'passedTime': 31729}
> ResultValue    | 31729
>
> KnobValues     | {'freqInlineSize': 580}
> Statistics     | 116/200 took 32845ms - remaining ~2758sec
> FullState      | {'passedTime': 31782}
> ResultValue    | 31782
>
> KnobValues     | {'freqInlineSize': 585}
> Statistics     | 117/200 took 32860ms - remaining ~2727sec
> FullState      | {'passedTime': 31790}
> ResultValue    | 31790
>
> KnobValues     | {'freqInlineSize': 590}
> Statistics     | 118/200 took 32819ms - remaining ~2691sec
> FullState      | {'passedTime': 31749}
> ResultValue    | 31749
>
> KnobValues     | {'freqInlineSize': 595}
> Statistics     | 119/200 took 31701ms - remaining ~2567sec
> FullState      | {'passedTime': 30634}
> ResultValue    | 30634
>
> KnobValues     | {'freqInlineSize': 600}
> Statistics     | 120/200 took 31894ms - remaining ~2551sec
> FullState      | {'passedTime': 30826}
> ResultValue    | 30826
>
> KnobValues     | {'freqInlineSize': 605}
> Statistics     | 121/200 took 32328ms - remaining ~2553sec
> FullState      | {'passedTime': 31259}
> ResultValue    | 31259
>
> KnobValues     | {'freqInlineSize': 610}
> Statistics     | 122/200 took 32119ms - remaining ~2505sec
> FullState      | {'passedTime': 31054}
> ResultValue    | 31054
>
> KnobValues     | {'freqInlineSize': 615}
> Statistics     | 123/200 took 31848ms - remaining ~2452sec
> FullState      | {'passedTime': 30780}
> ResultValue    | 30780
>
> KnobValues     | {'freqInlineSize': 620}
> Statistics     | 124/200 took 31832ms - remaining ~2419sec
> FullState      | {'passedTime': 30768}
> ResultValue    | 30768
>
> KnobValues     | {'freqInlineSize': 625}
> Statistics     | 125/200 took 32034ms - remaining ~2402sec
> FullState      | {'passedTime': 30966}
> ResultValue    | 30966
>
> KnobValues     | {'freqInlineSize': 630}
> Statistics     | 126/200 took 31799ms - remaining ~2353sec
> FullState      | {'passedTime': 30730}
> ResultValue    | 30730
>
> KnobValues     | {'freqInlineSize': 635}
> Statistics     | 127/200 took 31822ms - remaining ~2323sec
> FullState      | {'passedTime': 30754}
> ResultValue    | 30754
>
> KnobValues     | {'freqInlineSize': 640}
> Statistics     | 128/200 took 31853ms - remaining ~2293sec
> FullState      | {'passedTime': 30790}
> ResultValue    | 30790
>
> KnobValues     | {'freqInlineSize': 645}
> Statistics     | 129/200 took 31801ms - remaining ~2257sec
> FullState      | {'passedTime': 30733}
> ResultValue    | 30733
>
> KnobValues     | {'freqInlineSize': 650}
> Statistics     | 130/200 took 31863ms - remaining ~2230sec
> FullState      | {'passedTime': 30789}
> ResultValue    | 30789
>
> KnobValues     | {'freqInlineSize': 655}
> Statistics     | 131/200 took 32043ms - remaining ~2210sec
> FullState      | {'passedTime': 30967}
> ResultValue    | 30967
>
> KnobValues     | {'freqInlineSize': 660}
> Statistics     | 132/200 took 31856ms - remaining ~2166sec
> FullState      | {'passedTime': 30789}
> ResultValue    | 30789
>
> KnobValues     | {'freqInlineSize': 665}
> Statistics     | 133/200 took 31897ms - remaining ~2137sec
> FullState      | {'passedTime': 30828}
> ResultValue    | 30828
>
> KnobValues     | {'freqInlineSize': 670}
> Statistics     | 134/200 took 31819ms - remaining ~2100sec
> FullState      | {'passedTime': 30749}
> ResultValue    | 30749
>
> KnobValues     | {'freqInlineSize': 675}
> Statistics     | 135/200 took 31396ms - remaining ~2040sec
> FullState      | {'passedTime': 30329}
> ResultValue    | 30329
>
> KnobValues     | {'freqInlineSize': 680}
> Statistics     | 136/200 took 31829ms - remaining ~2037sec
> FullState      | {'passedTime': 30754}
> ResultValue    | 30754
>
> KnobValues     | {'freqInlineSize': 685}
> Statistics     | 137/200 took 31802ms - remaining ~2003sec
> FullState      | {'passedTime': 30738}
> ResultValue    | 30738
>
> KnobValues     | {'freqInlineSize': 690}
> Statistics     | 138/200 took 32082ms - remaining ~1989sec
> FullState      | {'passedTime': 31008}
> ResultValue    | 31008
>
> KnobValues     | {'freqInlineSize': 695}
> Statistics     | 139/200 took 31864ms - remaining ~1943sec
> FullState      | {'passedTime': 30801}
> ResultValue    | 30801
>
> KnobValues     | {'freqInlineSize': 700}
> Statistics     | 140/200 took 31864ms - remaining ~1911sec
> FullState      | {'passedTime': 30795}
> ResultValue    | 30795
>
> KnobValues     | {'freqInlineSize': 705}
> Statistics     | 141/200 took 31782ms - remaining ~1875sec
> FullState      | {'passedTime': 30710}
> ResultValue    | 30710
>
> KnobValues     | {'freqInlineSize': 710}
> Statistics     | 142/200 took 31575ms - remaining ~1831sec
> FullState      | {'passedTime': 30509}
> ResultValue    | 30509
>
> KnobValues     | {'freqInlineSize': 715}
> Statistics     | 143/200 took 31538ms - remaining ~1797sec
> FullState      | {'passedTime': 30469}
> ResultValue    | 30469
>
> KnobValues     | {'freqInlineSize': 720}
> Statistics     | 144/200 took 32100ms - remaining ~1797sec
> FullState      | {'passedTime': 31030}
> ResultValue    | 31030
>
> KnobValues     | {'freqInlineSize': 725}
> Statistics     | 145/200 took 31854ms - remaining ~1751sec
> FullState      | {'passedTime': 30791}
> ResultValue    | 30791
>
> KnobValues     | {'freqInlineSize': 730}
> Statistics     | 146/200 took 31368ms - remaining ~1693sec
> FullState      | {'passedTime': 30304}
> ResultValue    | 30304
>
> KnobValues     | {'freqInlineSize': 735}
> Statistics     | 147/200 took 31838ms - remaining ~1687sec
> FullState      | {'passedTime': 30772}
> ResultValue    | 30772
>
> KnobValues     | {'freqInlineSize': 740}
> Statistics     | 148/200 took 31889ms - remaining ~1658sec
> FullState      | {'passedTime': 30823}
> ResultValue    | 30823
>
> KnobValues     | {'freqInlineSize': 745}
> Statistics     | 149/200 took 31884ms - remaining ~1626sec
> FullState      | {'passedTime': 30814}
> ResultValue    | 30814
>
> KnobValues     | {'freqInlineSize': 750}
> Statistics     | 150/200 took 32129ms - remaining ~1606sec
> FullState      | {'passedTime': 31057}
> ResultValue    | 31057
>
> KnobValues     | {'freqInlineSize': 755}
> Statistics     | 151/200 took 32121ms - remaining ~1573sec
> FullState      | {'passedTime': 31052}
> ResultValue    | 31052
>
> KnobValues     | {'freqInlineSize': 760}
> Statistics     | 152/200 took 31854ms - remaining ~1528sec
> FullState      | {'passedTime': 30784}
> ResultValue    | 30784
>
> KnobValues     | {'freqInlineSize': 765}
> Statistics     | 153/200 took 31301ms - remaining ~1471sec
> FullState      | {'passedTime': 30232}
> ResultValue    | 30232
>
> KnobValues     | {'freqInlineSize': 770}
> Statistics     | 154/200 took 31580ms - remaining ~1452sec
> FullState      | {'passedTime': 30515}
> ResultValue    | 30515
>
> KnobValues     | {'freqInlineSize': 775}
> Statistics     | 155/200 took 31797ms - remaining ~1430sec
> FullState      | {'passedTime': 30733}
> ResultValue    | 30733
>
> KnobValues     | {'freqInlineSize': 780}
> Statistics     | 156/200 took 31540ms - remaining ~1387sec
> FullState      | {'passedTime': 30469}
> ResultValue    | 30469
>
> KnobValues     | {'freqInlineSize': 785}
> Statistics     | 157/200 took 31892ms - remaining ~1371sec
> FullState      | {'passedTime': 30820}
> ResultValue    | 30820
>
> KnobValues     | {'freqInlineSize': 790}
> Statistics     | 158/200 took 32117ms - remaining ~1348sec
> FullState      | {'passedTime': 31044}
> ResultValue    | 31044
>
> KnobValues     | {'freqInlineSize': 795}
> Statistics     | 159/200 took 31848ms - remaining ~1305sec
> FullState      | {'passedTime': 30779}
> ResultValue    | 30779
>
> KnobValues     | {'freqInlineSize': 800}
> Statistics     | 160/200 took 31627ms - remaining ~1265sec
> FullState      | {'passedTime': 30558}
> ResultValue    | 30558
>
> KnobValues     | {'freqInlineSize': 805}
> Statistics     | 161/200 took 32026ms - remaining ~1249sec
> FullState      | {'passedTime': 30952}
> ResultValue    | 30952
>
> KnobValues     | {'freqInlineSize': 810}
> Statistics     | 162/200 took 31774ms - remaining ~1207sec
> FullState      | {'passedTime': 30708}
> ResultValue    | 30708
>
> KnobValues     | {'freqInlineSize': 815}
> Statistics     | 163/200 took 32038ms - remaining ~1185sec
> FullState      | {'passedTime': 30968}
> ResultValue    | 30968
>
> KnobValues     | {'freqInlineSize': 820}
> Statistics     | 164/200 took 32048ms - remaining ~1153sec
> FullState      | {'passedTime': 30980}
> ResultValue    | 30980
>
> KnobValues     | {'freqInlineSize': 825}
> Statistics     | 165/200 took 31839ms - remaining ~1114sec
> FullState      | {'passedTime': 30775}
> ResultValue    | 30775
>
> KnobValues     | {'freqInlineSize': 830}
> Statistics     | 166/200 took 31837ms - remaining ~1082sec
> FullState      | {'passedTime': 30764}
> ResultValue    | 30764
>
> KnobValues     | {'freqInlineSize': 835}
> Statistics     | 167/200 took 31804ms - remaining ~1049sec
> FullState      | {'passedTime': 30735}
> ResultValue    | 30735
>
> KnobValues     | {'freqInlineSize': 840}
> Statistics     | 168/200 took 31814ms - remaining ~1018sec
> FullState      | {'passedTime': 30745}
> ResultValue    | 30745
>
> KnobValues     | {'freqInlineSize': 845}
> Statistics     | 169/200 took 31658ms - remaining ~981sec
> FullState      | {'passedTime': 30594}
> ResultValue    | 30594
>
> KnobValues     | {'freqInlineSize': 850}
> Statistics     | 170/200 took 32021ms - remaining ~960sec
> FullState      | {'passedTime': 30950}
> ResultValue    | 30950
>
> KnobValues     | {'freqInlineSize': 855}
> Statistics     | 171/200 took 32065ms - remaining ~929sec
> FullState      | {'passedTime': 30996}
> ResultValue    | 30996
>
> KnobValues     | {'freqInlineSize': 860}
> Statistics     | 172/200 took 31573ms - remaining ~884sec
> FullState      | {'passedTime': 30506}
> ResultValue    | 30506
>
> KnobValues     | {'freqInlineSize': 865}
> Statistics     | 173/200 took 31648ms - remaining ~854sec
> FullState      | {'passedTime': 30582}
> ResultValue    | 30582
>
> KnobValues     | {'freqInlineSize': 870}
> Statistics     | 174/200 took 31830ms - remaining ~827sec
> FullState      | {'passedTime': 30765}
> ResultValue    | 30765
>
> KnobValues     | {'freqInlineSize': 875}
> Statistics     | 175/200 took 31827ms - remaining ~795sec
> FullState      | {'passedTime': 30754}
> ResultValue    | 30754
>
> KnobValues     | {'freqInlineSize': 880}
> Statistics     | 176/200 took 31877ms - remaining ~765sec
> FullState      | {'passedTime': 30809}
> ResultValue    | 30809
>
> KnobValues     | {'freqInlineSize': 885}
> Statistics     | 177/200 took 31645ms - remaining ~727sec
> FullState      | {'passedTime': 30571}
> ResultValue    | 30571
>
> KnobValues     | {'freqInlineSize': 890}
> Statistics     | 178/200 took 31803ms - remaining ~699sec
> FullState      | {'passedTime': 30737}
> ResultValue    | 30737
>
> KnobValues     | {'freqInlineSize': 895}
> Statistics     | 179/200 took 31941ms - remaining ~670sec
> FullState      | {'passedTime': 30868}
> ResultValue    | 30868
>
> KnobValues     | {'freqInlineSize': 900}
> Statistics     | 180/200 took 31849ms - remaining ~636sec
> FullState      | {'passedTime': 30780}
> ResultValue    | 30780
>
> KnobValues     | {'freqInlineSize': 905}
> Statistics     | 181/200 took 31865ms - remaining ~605sec
> FullState      | {'passedTime': 30796}
> ResultValue    | 30796
>
> KnobValues     | {'freqInlineSize': 910}
> Statistics     | 182/200 took 31614ms - remaining ~569sec
> FullState      | {'passedTime': 30548}
> ResultValue    | 30548
>
> KnobValues     | {'freqInlineSize': 915}
> Statistics     | 183/200 took 31858ms - remaining ~541sec
> FullState      | {'passedTime': 30791}
> ResultValue    | 30791
>
> KnobValues     | {'freqInlineSize': 920}
> Statistics     | 184/200 took 31803ms - remaining ~508sec
> FullState      | {'passedTime': 30739}
> ResultValue    | 30739
>
> KnobValues     | {'freqInlineSize': 925}
> Statistics     | 185/200 took 31994ms - remaining ~479sec
> FullState      | {'passedTime': 30922}
> ResultValue    | 30922
>
> KnobValues     | {'freqInlineSize': 930}
> Statistics     | 186/200 took 31826ms - remaining ~445sec
> FullState      | {'passedTime': 30752}
> ResultValue    | 30752
>
> KnobValues     | {'freqInlineSize': 935}
> Statistics     | 187/200 took 31847ms - remaining ~414sec
> FullState      | {'passedTime': 30779}
> ResultValue    | 30779
>
> KnobValues     | {'freqInlineSize': 940}
> Statistics     | 188/200 took 31861ms - remaining ~382sec
> FullState      | {'passedTime': 30793}
> ResultValue    | 30793
>
> KnobValues     | {'freqInlineSize': 945}
> Statistics     | 189/200 took 32027ms - remaining ~352sec
> FullState      | {'passedTime': 30959}
> ResultValue    | 30959
>
> KnobValues     | {'freqInlineSize': 950}
> Statistics     | 190/200 took 31828ms - remaining ~318sec
> FullState      | {'passedTime': 30758}
> ResultValue    | 30758
>
> KnobValues     | {'freqInlineSize': 955}
> Statistics     | 191/200 took 31916ms - remaining ~287sec
> FullState      | {'passedTime': 30848}
> ResultValue    | 30848
>
> KnobValues     | {'freqInlineSize': 960}
> Statistics     | 192/200 took 31582ms - remaining ~252sec
> FullState      | {'passedTime': 30514}
> ResultValue    | 30514
>
> KnobValues     | {'freqInlineSize': 965}
> Statistics     | 193/200 took 31801ms - remaining ~222sec
> FullState      | {'passedTime': 30731}
> ResultValue    | 30731
>
> KnobValues     | {'freqInlineSize': 970}
> Statistics     | 194/200 took 31608ms - remaining ~189sec
> FullState      | {'passedTime': 30541}
> ResultValue    | 30541
>
> KnobValues     | {'freqInlineSize': 975}
> Statistics     | 195/200 took 32030ms - remaining ~160sec
> FullState      | {'passedTime': 30964}
> ResultValue    | 30964
>
> KnobValues     | {'freqInlineSize': 980}
> Statistics     | 196/200 took 31575ms - remaining ~126sec
> FullState      | {'passedTime': 30501}
> ResultValue    | 30501
>
> KnobValues     | {'freqInlineSize': 985}
> Statistics     | 197/200 took 31862ms - remaining ~95sec
> FullState      | {'passedTime': 30799}
> ResultValue    | 30799
>
> KnobValues     | {'freqInlineSize': 990}
> Statistics     | 198/200 took 31529ms - remaining ~63sec
> FullState      | {'passedTime': 30462}
> ResultValue    | 30462
>
> KnobValues     | {'freqInlineSize': 995}
> Statistics     | 199/200 took 31816ms - remaining ~31sec
> FullState      | {'passedTime': 30741}
> ResultValue    | 30741
>
> KnobValues     | {'freqInlineSize': 1000}
> Statistics     | 200/200 took 31998ms - remaining ~0sec
> FullState      | {'passedTime': 30928}
> ResultValue    | 30928
>
> Finished workflow
######################################
> Reporting on   | SingleRun-2b-Inlining-size
> Found 1 knob, creating scatter plot...
> Plot saved at scenarios/singleRun/1b-inlining-size/2018-06-18_03-41-46/scatter_plot.png
