
> Do VMTouch Prepare
           Files: 9144
     Directories: 1385
   Touched Pages: 242027 (945M)
         Elapsed: 0.79838 seconds

> Starting RTX experiment...
######################################
> Workflow       | SingleRun-2b-Inlining-size
> ExecStrategy   | Step
> Steps Created  | Count: 200
>
> KnobValues     | {'freqInlineSize': 5}
> Statistics     | 1/200 took 32626ms - remaining ~6492sec
> FullState      | {'passedTime': 31599}
> ResultValue    | 31599
>
> KnobValues     | {'freqInlineSize': 10}
> Statistics     | 2/200 took 32461ms - remaining ~6427sec
> FullState      | {'passedTime': 31431}
> ResultValue    | 31431
>
> KnobValues     | {'freqInlineSize': 15}
> Statistics     | 3/200 took 32109ms - remaining ~6325sec
> FullState      | {'passedTime': 31091}
> ResultValue    | 31091
>
> KnobValues     | {'freqInlineSize': 20}
> Statistics     | 4/200 took 31898ms - remaining ~6252sec
> FullState      | {'passedTime': 30867}
> ResultValue    | 30867
>
> KnobValues     | {'freqInlineSize': 25}
> Statistics     | 5/200 took 30554ms - remaining ~5958sec
> FullState      | {'passedTime': 29529}
> ResultValue    | 29529
>
> KnobValues     | {'freqInlineSize': 30}
> Statistics     | 6/200 took 29826ms - remaining ~5786sec
> FullState      | {'passedTime': 28794}
> ResultValue    | 28794
>
> KnobValues     | {'freqInlineSize': 35}
> Statistics     | 7/200 took 30322ms - remaining ~5852sec
> FullState      | {'passedTime': 29289}
> ResultValue    | 29289
>
> KnobValues     | {'freqInlineSize': 40}
> Statistics     | 8/200 took 29828ms - remaining ~5726sec
> FullState      | {'passedTime': 28793}
> ResultValue    | 28793
>
> KnobValues     | {'freqInlineSize': 45}
> Statistics     | 9/200 took 29996ms - remaining ~5729sec
> FullState      | {'passedTime': 28958}
> ResultValue    | 28958
>
> KnobValues     | {'freqInlineSize': 50}
> Statistics     | 10/200 took 30992ms - remaining ~5888sec
> FullState      | {'passedTime': 29959}
> ResultValue    | 29959
>
> KnobValues     | {'freqInlineSize': 55}
> Statistics     | 11/200 took 30939ms - remaining ~5847sec
> FullState      | {'passedTime': 29902}
> ResultValue    | 29902
>
> KnobValues     | {'freqInlineSize': 60}
> Statistics     | 12/200 took 30939ms - remaining ~5816sec
> FullState      | {'passedTime': 29905}
> ResultValue    | 29905
>
> KnobValues     | {'freqInlineSize': 65}
> Statistics     | 13/200 took 30563ms - remaining ~5715sec
> FullState      | {'passedTime': 29535}
> ResultValue    | 29535
>
> KnobValues     | {'freqInlineSize': 70}
> Statistics     | 14/200 took 30680ms - remaining ~5706sec
> FullState      | {'passedTime': 29648}
> ResultValue    | 29648
>
> KnobValues     | {'freqInlineSize': 75}
> Statistics     | 15/200 took 30237ms - remaining ~5593sec
> FullState      | {'passedTime': 29199}
> ResultValue    | 29199
>
> KnobValues     | {'freqInlineSize': 80}
> Statistics     | 16/200 took 29771ms - remaining ~5477sec
> FullState      | {'passedTime': 28735}
> ResultValue    | 28735
>
> KnobValues     | {'freqInlineSize': 85}
> Statistics     | 17/200 took 29980ms - remaining ~5486sec
> FullState      | {'passedTime': 28947}
> ResultValue    | 28947
>
> KnobValues     | {'freqInlineSize': 90}
> Statistics     | 18/200 took 29821ms - remaining ~5427sec
> FullState      | {'passedTime': 28784}
> ResultValue    | 28784
>
> KnobValues     | {'freqInlineSize': 95}
> Statistics     | 19/200 took 30124ms - remaining ~5452sec
> FullState      | {'passedTime': 29095}
> ResultValue    | 29095
>
> KnobValues     | {'freqInlineSize': 100}
> Statistics     | 20/200 took 30129ms - remaining ~5423sec
> FullState      | {'passedTime': 29093}
> ResultValue    | 29093
>
> KnobValues     | {'freqInlineSize': 105}
> Statistics     | 21/200 took 30001ms - remaining ~5370sec
> FullState      | {'passedTime': 28967}
> ResultValue    | 28967
>
> KnobValues     | {'freqInlineSize': 110}
> Statistics     | 22/200 took 29777ms - remaining ~5300sec
> FullState      | {'passedTime': 28749}
> ResultValue    | 28749
>
> KnobValues     | {'freqInlineSize': 115}
> Statistics     | 23/200 took 29748ms - remaining ~5265sec
> FullState      | {'passedTime': 28718}
> ResultValue    | 28718
>
> KnobValues     | {'freqInlineSize': 120}
> Statistics     | 24/200 took 29582ms - remaining ~5206sec
> FullState      | {'passedTime': 28552}
> ResultValue    | 28552
>
> KnobValues     | {'freqInlineSize': 125}
> Statistics     | 25/200 took 29641ms - remaining ~5187sec
> FullState      | {'passedTime': 28606}
> ResultValue    | 28606
>
> KnobValues     | {'freqInlineSize': 130}
> Statistics     | 26/200 took 29639ms - remaining ~5157sec
> FullState      | {'passedTime': 28602}
> ResultValue    | 28602
>
> KnobValues     | {'freqInlineSize': 135}
> Statistics     | 27/200 took 30479ms - remaining ~5272sec
> FullState      | {'passedTime': 29447}
> ResultValue    | 29447
>
> KnobValues     | {'freqInlineSize': 140}
> Statistics     | 28/200 took 30644ms - remaining ~5270sec
> FullState      | {'passedTime': 29600}
> ResultValue    | 29600
>
> KnobValues     | {'freqInlineSize': 145}
> Statistics     | 29/200 took 30643ms - remaining ~5239sec
> FullState      | {'passedTime': 29601}
> ResultValue    | 29601
>
> KnobValues     | {'freqInlineSize': 150}
> Statistics     | 30/200 took 30413ms - remaining ~5170sec
> FullState      | {'passedTime': 29376}
> ResultValue    | 29376
>
> KnobValues     | {'freqInlineSize': 155}
> Statistics     | 31/200 took 30734ms - remaining ~5194sec
> FullState      | {'passedTime': 29695}
> ResultValue    | 29695
>
> KnobValues     | {'freqInlineSize': 160}
> Statistics     | 32/200 took 30719ms - remaining ~5160sec
> FullState      | {'passedTime': 29687}
> ResultValue    | 29687
>
> KnobValues     | {'freqInlineSize': 165}
> Statistics     | 33/200 took 30776ms - remaining ~5139sec
> FullState      | {'passedTime': 29727}
> ResultValue    | 29727
>
> KnobValues     | {'freqInlineSize': 170}
> Statistics     | 34/200 took 30469ms - remaining ~5057sec
> FullState      | {'passedTime': 29425}
> ResultValue    | 29425
>
> KnobValues     | {'freqInlineSize': 175}
> Statistics     | 35/200 took 30518ms - remaining ~5035sec
> FullState      | {'passedTime': 29479}
> ResultValue    | 29479
>
> KnobValues     | {'freqInlineSize': 180}
> Statistics     | 36/200 took 30687ms - remaining ~5032sec
> FullState      | {'passedTime': 29649}
> ResultValue    | 29649
>
> KnobValues     | {'freqInlineSize': 185}
> Statistics     | 37/200 took 30276ms - remaining ~4934sec
> FullState      | {'passedTime': 29232}
> ResultValue    | 29232
>
> KnobValues     | {'freqInlineSize': 190}
> Statistics     | 38/200 took 30663ms - remaining ~4967sec
> FullState      | {'passedTime': 29623}
> ResultValue    | 29623
>
> KnobValues     | {'freqInlineSize': 195}
> Statistics     | 39/200 took 30692ms - remaining ~4941sec
> FullState      | {'passedTime': 29651}
> ResultValue    | 29651
>
> KnobValues     | {'freqInlineSize': 200}
> Statistics     | 40/200 took 30701ms - remaining ~4912sec
> FullState      | {'passedTime': 29660}
> ResultValue    | 29660
>
> KnobValues     | {'freqInlineSize': 205}
> Statistics     | 41/200 took 30071ms - remaining ~4781sec
> FullState      | {'passedTime': 29029}
> ResultValue    | 29029
>
> KnobValues     | {'freqInlineSize': 210}
> Statistics     | 42/200 took 30879ms - remaining ~4878sec
> FullState      | {'passedTime': 29838}
> ResultValue    | 29838
>
> KnobValues     | {'freqInlineSize': 215}
> Statistics     | 43/200 took 30342ms - remaining ~4763sec
> FullState      | {'passedTime': 29300}
> ResultValue    | 29300
>
> KnobValues     | {'freqInlineSize': 220}
> Statistics     | 44/200 took 30463ms - remaining ~4752sec
> FullState      | {'passedTime': 29426}
> ResultValue    | 29426
>
> KnobValues     | {'freqInlineSize': 225}
> Statistics     | 45/200 took 30606ms - remaining ~4743sec
> FullState      | {'passedTime': 29563}
> ResultValue    | 29563
>
> KnobValues     | {'freqInlineSize': 230}
> Statistics     | 46/200 took 30570ms - remaining ~4707sec
> FullState      | {'passedTime': 29523}
> ResultValue    | 29523
>
> KnobValues     | {'freqInlineSize': 235}
> Statistics     | 47/200 took 30627ms - remaining ~4685sec
> FullState      | {'passedTime': 29584}
> ResultValue    | 29584
>
> KnobValues     | {'freqInlineSize': 240}
> Statistics     | 48/200 took 30091ms - remaining ~4573sec
> FullState      | {'passedTime': 29051}
> ResultValue    | 29051
>
> KnobValues     | {'freqInlineSize': 245}
> Statistics     | 49/200 took 30565ms - remaining ~4615sec
> FullState      | {'passedTime': 29523}
> ResultValue    | 29523
>
> KnobValues     | {'freqInlineSize': 250}
> Statistics     | 50/200 took 30548ms - remaining ~4582sec
> FullState      | {'passedTime': 29511}
> ResultValue    | 29511
>
> KnobValues     | {'freqInlineSize': 255}
> Statistics     | 51/200 took 31299ms - remaining ~4663sec
> FullState      | {'passedTime': 30255}
> ResultValue    | 30255
>
> KnobValues     | {'freqInlineSize': 260}
> Statistics     | 52/200 took 31558ms - remaining ~4670sec
> FullState      | {'passedTime': 30513}
> ResultValue    | 30513
>
> KnobValues     | {'freqInlineSize': 265}
> Statistics     | 53/200 took 31579ms - remaining ~4642sec
> FullState      | {'passedTime': 30535}
> ResultValue    | 30535
>
> KnobValues     | {'freqInlineSize': 270}
> Statistics     | 54/200 took 31567ms - remaining ~4608sec
> FullState      | {'passedTime': 30525}
> ResultValue    | 30525
>
> KnobValues     | {'freqInlineSize': 275}
> Statistics     | 55/200 took 31594ms - remaining ~4581sec
> FullState      | {'passedTime': 30550}
> ResultValue    | 30550
>
> KnobValues     | {'freqInlineSize': 280}
> Statistics     | 56/200 took 31651ms - remaining ~4557sec
> FullState      | {'passedTime': 30615}
> ResultValue    | 30615
>
> KnobValues     | {'freqInlineSize': 285}
> Statistics     | 57/200 took 31345ms - remaining ~4482sec
> FullState      | {'passedTime': 30302}
> ResultValue    | 30302
>
> KnobValues     | {'freqInlineSize': 290}
> Statistics     | 58/200 took 31648ms - remaining ~4494sec
> FullState      | {'passedTime': 30612}
> ResultValue    | 30612
>
> KnobValues     | {'freqInlineSize': 295}
> Statistics     | 59/200 took 31585ms - remaining ~4453sec
> FullState      | {'passedTime': 30547}
> ResultValue    | 30547
>
> KnobValues     | {'freqInlineSize': 300}
> Statistics     | 60/200 took 31542ms - remaining ~4415sec
> FullState      | {'passedTime': 30502}
> ResultValue    | 30502
>
> KnobValues     | {'freqInlineSize': 305}
> Statistics     | 61/200 took 31306ms - remaining ~4351sec
> FullState      | {'passedTime': 30268}
> ResultValue    | 30268
>
> KnobValues     | {'freqInlineSize': 310}
> Statistics     | 62/200 took 31569ms - remaining ~4356sec
> FullState      | {'passedTime': 30528}
> ResultValue    | 30528
>
> KnobValues     | {'freqInlineSize': 315}
> Statistics     | 63/200 took 31317ms - remaining ~4290sec
> FullState      | {'passedTime': 30272}
> ResultValue    | 30272
>
> KnobValues     | {'freqInlineSize': 320}
> Statistics     | 64/200 took 31318ms - remaining ~4259sec
> FullState      | {'passedTime': 30281}
> ResultValue    | 30281
>
> KnobValues     | {'freqInlineSize': 325}
> Statistics     | 65/200 took 31321ms - remaining ~4228sec
> FullState      | {'passedTime': 30276}
> ResultValue    | 30276
>
> KnobValues     | {'freqInlineSize': 330}
> Statistics     | 66/200 took 31575ms - remaining ~4231sec
> FullState      | {'passedTime': 30527}
> ResultValue    | 30527
>
> KnobValues     | {'freqInlineSize': 335}
> Statistics     | 67/200 took 31583ms - remaining ~4200sec
> FullState      | {'passedTime': 30540}
> ResultValue    | 30540
>
> KnobValues     | {'freqInlineSize': 340}
> Statistics     | 68/200 took 31560ms - remaining ~4165sec
> FullState      | {'passedTime': 30511}
> ResultValue    | 30511
>
> KnobValues     | {'freqInlineSize': 345}
> Statistics     | 69/200 took 31291ms - remaining ~4099sec
> FullState      | {'passedTime': 30242}
> ResultValue    | 30242
>
> KnobValues     | {'freqInlineSize': 350}
> Statistics     | 70/200 took 31600ms - remaining ~4108sec
> FullState      | {'passedTime': 30561}
> ResultValue    | 30561
>
> KnobValues     | {'freqInlineSize': 355}
> Statistics     | 71/200 took 31332ms - remaining ~4041sec
> FullState      | {'passedTime': 30284}
> ResultValue    | 30284
>
> KnobValues     | {'freqInlineSize': 360}
> Statistics     | 72/200 took 31559ms - remaining ~4039sec
> FullState      | {'passedTime': 30520}
> ResultValue    | 30520
>
> KnobValues     | {'freqInlineSize': 365}
> Statistics     | 73/200 took 31305ms - remaining ~3975sec
> FullState      | {'passedTime': 30262}
> ResultValue    | 30262
>
> KnobValues     | {'freqInlineSize': 370}
> Statistics     | 74/200 took 31592ms - remaining ~3980sec
> FullState      | {'passedTime': 30549}
> ResultValue    | 30549
>
> KnobValues     | {'freqInlineSize': 375}
> Statistics     | 75/200 took 31282ms - remaining ~3910sec
> FullState      | {'passedTime': 30240}
> ResultValue    | 30240
>
> KnobValues     | {'freqInlineSize': 380}
> Statistics     | 76/200 took 31553ms - remaining ~3912sec
> FullState      | {'passedTime': 30505}
> ResultValue    | 30505
>
> KnobValues     | {'freqInlineSize': 385}
> Statistics     | 77/200 took 32200ms - remaining ~3960sec
> FullState      | {'passedTime': 31160}
> ResultValue    | 31160
>
> KnobValues     | {'freqInlineSize': 390}
> Statistics     | 78/200 took 31765ms - remaining ~3875sec
> FullState      | {'passedTime': 30718}
> ResultValue    | 30718
>
> KnobValues     | {'freqInlineSize': 395}
> Statistics     | 79/200 took 31934ms - remaining ~3864sec
> FullState      | {'passedTime': 30897}
> ResultValue    | 30897
>
> KnobValues     | {'freqInlineSize': 400}
> Statistics     | 80/200 took 31923ms - remaining ~3830sec
> FullState      | {'passedTime': 30883}
> ResultValue    | 30883
>
> KnobValues     | {'freqInlineSize': 405}
> Statistics     | 81/200 took 32151ms - remaining ~3825sec
> FullState      | {'passedTime': 31107}
> ResultValue    | 31107
>
> KnobValues     | {'freqInlineSize': 410}
> Statistics     | 82/200 took 31644ms - remaining ~3733sec
> FullState      | {'passedTime': 30575}
> ResultValue    | 30575
>
> KnobValues     | {'freqInlineSize': 415}
> Statistics     | 83/200 took 32146ms - remaining ~3761sec
> FullState      | {'passedTime': 31102}
> ResultValue    | 31102
>
> KnobValues     | {'freqInlineSize': 420}
> Statistics     | 84/200 took 32178ms - remaining ~3732sec
> FullState      | {'passedTime': 31142}
> ResultValue    | 31142
>
> KnobValues     | {'freqInlineSize': 425}
> Statistics     | 85/200 took 32180ms - remaining ~3700sec
> FullState      | {'passedTime': 31141}
> ResultValue    | 31141
>
> KnobValues     | {'freqInlineSize': 430}
> Statistics     | 86/200 took 32135ms - remaining ~3663sec
> FullState      | {'passedTime': 31087}
> ResultValue    | 31087
>
> KnobValues     | {'freqInlineSize': 435}
> Statistics     | 87/200 took 32193ms - remaining ~3637sec
> FullState      | {'passedTime': 31147}
> ResultValue    | 31147
>
> KnobValues     | {'freqInlineSize': 440}
> Statistics     | 88/200 took 32219ms - remaining ~3608sec
> FullState      | {'passedTime': 31176}
> ResultValue    | 31176
>
> KnobValues     | {'freqInlineSize': 445}
> Statistics     | 89/200 took 32210ms - remaining ~3575sec
> FullState      | {'passedTime': 31171}
> ResultValue    | 31171
>
> KnobValues     | {'freqInlineSize': 450}
> Statistics     | 90/200 took 31894ms - remaining ~3508sec
> FullState      | {'passedTime': 30851}
> ResultValue    | 30851
>
> KnobValues     | {'freqInlineSize': 455}
> Statistics     | 91/200 took 32188ms - remaining ~3508sec
> FullState      | {'passedTime': 31144}
> ResultValue    | 31144
>
> KnobValues     | {'freqInlineSize': 460}
> Statistics     | 92/200 took 32217ms - remaining ~3479sec
> FullState      | {'passedTime': 31174}
> ResultValue    | 31174
>
> KnobValues     | {'freqInlineSize': 465}
> Statistics     | 93/200 took 32202ms - remaining ~3445sec
> FullState      | {'passedTime': 31162}
> ResultValue    | 31162
>
> KnobValues     | {'freqInlineSize': 470}
> Statistics     | 94/200 took 32159ms - remaining ~3408sec
> FullState      | {'passedTime': 31122}
> ResultValue    | 31122
>
> KnobValues     | {'freqInlineSize': 475}
> Statistics     | 95/200 took 32163ms - remaining ~3377sec
> FullState      | {'passedTime': 31119}
> ResultValue    | 31119
>
> KnobValues     | {'freqInlineSize': 480}
> Statistics     | 96/200 took 31953ms - remaining ~3323sec
> FullState      | {'passedTime': 30911}
> ResultValue    | 30911
>
> KnobValues     | {'freqInlineSize': 485}
> Statistics     | 97/200 took 32229ms - remaining ~3319sec
> FullState      | {'passedTime': 31187}
> ResultValue    | 31187
>
> KnobValues     | {'freqInlineSize': 490}
> Statistics     | 98/200 took 32225ms - remaining ~3286sec
> FullState      | {'passedTime': 31179}
> ResultValue    | 31179
>
> KnobValues     | {'freqInlineSize': 495}
> Statistics     | 99/200 took 32273ms - remaining ~3259sec
> FullState      | {'passedTime': 31233}
> ResultValue    | 31233
>
> KnobValues     | {'freqInlineSize': 500}
> Statistics     | 100/200 took 32194ms - remaining ~3219sec
> FullState      | {'passedTime': 31151}
> ResultValue    | 31151
>
> KnobValues     | {'freqInlineSize': 505}
> Statistics     | 101/200 took 32884ms - remaining ~3255sec
> FullState      | {'passedTime': 31844}
> ResultValue    | 31844
>
> KnobValues     | {'freqInlineSize': 510}
> Statistics     | 102/200 took 32580ms - remaining ~3192sec
> FullState      | {'passedTime': 31540}
> ResultValue    | 31540
>
> KnobValues     | {'freqInlineSize': 515}
> Statistics     | 103/200 took 32900ms - remaining ~3191sec
> FullState      | {'passedTime': 31855}
> ResultValue    | 31855
>
> KnobValues     | {'freqInlineSize': 520}
> Statistics     | 104/200 took 32737ms - remaining ~3142sec
> FullState      | {'passedTime': 31697}
> ResultValue    | 31697
>
> KnobValues     | {'freqInlineSize': 525}
> Statistics     | 105/200 took 32796ms - remaining ~3115sec
> FullState      | {'passedTime': 31752}
> ResultValue    | 31752
>
> KnobValues     | {'freqInlineSize': 530}
> Statistics     | 106/200 took 32872ms - remaining ~3089sec
> FullState      | {'passedTime': 31805}
> ResultValue    | 31805
>
> KnobValues     | {'freqInlineSize': 535}
> Statistics     | 107/200 took 32541ms - remaining ~3026sec
> FullState      | {'passedTime': 31473}
> ResultValue    | 31473
>
> KnobValues     | {'freqInlineSize': 540}
> Statistics     | 108/200 took 32587ms - remaining ~2998sec
> FullState      | {'passedTime': 31516}
> ResultValue    | 31516
>
> KnobValues     | {'freqInlineSize': 545}
> Statistics     | 109/200 took 32860ms - remaining ~2990sec
> FullState      | {'passedTime': 31791}
> ResultValue    | 31791
>
> KnobValues     | {'freqInlineSize': 550}
> Statistics     | 110/200 took 32882ms - remaining ~2959sec
> FullState      | {'passedTime': 31815}
> ResultValue    | 31815
>
> KnobValues     | {'freqInlineSize': 555}
> Statistics     | 111/200 took 32843ms - remaining ~2923sec
> FullState      | {'passedTime': 31774}
> ResultValue    | 31774
>
> KnobValues     | {'freqInlineSize': 560}
> Statistics     | 112/200 took 32843ms - remaining ~2890sec
> FullState      | {'passedTime': 31777}
> ResultValue    | 31777
>
> KnobValues     | {'freqInlineSize': 565}
> Statistics     | 113/200 took 32524ms - remaining ~2829sec
> FullState      | {'passedTime': 31460}
> ResultValue    | 31460
>
> KnobValues     | {'freqInlineSize': 570}
> Statistics     | 114/200 took 32828ms - remaining ~2823sec
> FullState      | {'passedTime': 31760}
> ResultValue    | 31760
>
> KnobValues     | {'freqInlineSize': 575}
> Statistics     | 115/200 took 32279ms - remaining ~2743sec
> FullState      | {'passedTime': 31210}
> ResultValue    | 31210
>
> KnobValues     | {'freqInlineSize': 580}
> Statistics     | 116/200 took 32836ms - remaining ~2758sec
> FullState      | {'passedTime': 31762}
> ResultValue    | 31762
>
> KnobValues     | {'freqInlineSize': 585}
> Statistics     | 117/200 took 32841ms - remaining ~2725sec
> FullState      | {'passedTime': 31770}
> ResultValue    | 31770
>
> KnobValues     | {'freqInlineSize': 590}
> Statistics     | 118/200 took 32539ms - remaining ~2668sec
> FullState      | {'passedTime': 31476}
> ResultValue    | 31476
>
> KnobValues     | {'freqInlineSize': 595}
> Statistics     | 119/200 took 31869ms - remaining ~2581sec
> FullState      | {'passedTime': 30803}
> ResultValue    | 30803
>
> KnobValues     | {'freqInlineSize': 600}
> Statistics     | 120/200 took 32057ms - remaining ~2564sec
> FullState      | {'passedTime': 30988}
> ResultValue    | 30988
>
> KnobValues     | {'freqInlineSize': 605}
> Statistics     | 121/200 took 32113ms - remaining ~2536sec
> FullState      | {'passedTime': 31043}
> ResultValue    | 31043
>
> KnobValues     | {'freqInlineSize': 610}
> Statistics     | 122/200 took 31588ms - remaining ~2463sec
> FullState      | {'passedTime': 30524}
> ResultValue    | 30524
>
> KnobValues     | {'freqInlineSize': 615}
> Statistics     | 123/200 took 31502ms - remaining ~2425sec
> FullState      | {'passedTime': 30432}
> ResultValue    | 30432
>
> KnobValues     | {'freqInlineSize': 620}
> Statistics     | 124/200 took 32115ms - remaining ~2440sec
> FullState      | {'passedTime': 31047}
> ResultValue    | 31047
>
> KnobValues     | {'freqInlineSize': 625}
> Statistics     | 125/200 took 31817ms - remaining ~2386sec
> FullState      | {'passedTime': 30743}
> ResultValue    | 30743
>
> KnobValues     | {'freqInlineSize': 630}
> Statistics     | 126/200 took 31847ms - remaining ~2356sec
> FullState      | {'passedTime': 30784}
> ResultValue    | 30784
>
> KnobValues     | {'freqInlineSize': 635}
> Statistics     | 127/200 took 31836ms - remaining ~2324sec
> FullState      | {'passedTime': 30772}
> ResultValue    | 30772
>
> KnobValues     | {'freqInlineSize': 640}
> Statistics     | 128/200 took 31854ms - remaining ~2293sec
> FullState      | {'passedTime': 30788}
> ResultValue    | 30788
>
> KnobValues     | {'freqInlineSize': 645}
> Statistics     | 129/200 took 31562ms - remaining ~2240sec
> FullState      | {'passedTime': 30494}
> ResultValue    | 30494
>
> KnobValues     | {'freqInlineSize': 650}
> Statistics     | 130/200 took 32016ms - remaining ~2241sec
> FullState      | {'passedTime': 30949}
> ResultValue    | 30949
>
> KnobValues     | {'freqInlineSize': 655}
> Statistics     | 131/200 took 32104ms - remaining ~2215sec
> FullState      | {'passedTime': 31042}
> ResultValue    | 31042
>
> KnobValues     | {'freqInlineSize': 660}
> Statistics     | 132/200 took 31832ms - remaining ~2164sec
> FullState      | {'passedTime': 30767}
> ResultValue    | 30767
>
> KnobValues     | {'freqInlineSize': 665}
> Statistics     | 133/200 took 31805ms - remaining ~2130sec
> FullState      | {'passedTime': 30732}
> ResultValue    | 30732
>
> KnobValues     | {'freqInlineSize': 670}
> Statistics     | 134/200 took 31825ms - remaining ~2100sec
> FullState      | {'passedTime': 30750}
> ResultValue    | 30750
>
> KnobValues     | {'freqInlineSize': 675}
> Statistics     | 135/200 took 31527ms - remaining ~2049sec
> FullState      | {'passedTime': 30453}
> ResultValue    | 30453
>
> KnobValues     | {'freqInlineSize': 680}
> Statistics     | 136/200 took 32029ms - remaining ~2049sec
> FullState      | {'passedTime': 30960}
> ResultValue    | 30960
>
> KnobValues     | {'freqInlineSize': 685}
> Statistics     | 137/200 took 31526ms - remaining ~1986sec
> FullState      | {'passedTime': 30454}
> ResultValue    | 30454
>
> KnobValues     | {'freqInlineSize': 690}
> Statistics     | 138/200 took 31805ms - remaining ~1971sec
> FullState      | {'passedTime': 30733}
> ResultValue    | 30733
>
> KnobValues     | {'freqInlineSize': 695}
> Statistics     | 139/200 took 31830ms - remaining ~1941sec
> FullState      | {'passedTime': 30754}
> ResultValue    | 30754
>
> KnobValues     | {'freqInlineSize': 700}
> Statistics     | 140/200 took 31545ms - remaining ~1892sec
> FullState      | {'passedTime': 30477}
> ResultValue    | 30477
>
> KnobValues     | {'freqInlineSize': 705}
> Statistics     | 141/200 took 32198ms - remaining ~1899sec
> FullState      | {'passedTime': 31130}
> ResultValue    | 31130
>
> KnobValues     | {'freqInlineSize': 710}
> Statistics     | 142/200 took 31623ms - remaining ~1834sec
> FullState      | {'passedTime': 30557}
> ResultValue    | 30557
>
> KnobValues     | {'freqInlineSize': 715}
> Statistics     | 143/200 took 31670ms - remaining ~1805sec
> FullState      | {'passedTime': 30601}
> ResultValue    | 30601
>
> KnobValues     | {'freqInlineSize': 720}
> Statistics     | 144/200 took 31835ms - remaining ~1782sec
> FullState      | {'passedTime': 30759}
> ResultValue    | 30759
>
> KnobValues     | {'freqInlineSize': 725}
> Statistics     | 145/200 took 31785ms - remaining ~1748sec
> FullState      | {'passedTime': 30718}
> ResultValue    | 30718
>
> KnobValues     | {'freqInlineSize': 730}
> Statistics     | 146/200 took 31853ms - remaining ~1720sec
> FullState      | {'passedTime': 30786}
> ResultValue    | 30786
>
> KnobValues     | {'freqInlineSize': 735}
> Statistics     | 147/200 took 31829ms - remaining ~1686sec
> FullState      | {'passedTime': 30760}
> ResultValue    | 30760
>
> KnobValues     | {'freqInlineSize': 740}
> Statistics     | 148/200 took 31573ms - remaining ~1641sec
> FullState      | {'passedTime': 30510}
> ResultValue    | 30510
>
> KnobValues     | {'freqInlineSize': 745}
> Statistics     | 149/200 took 31792ms - remaining ~1621sec
> FullState      | {'passedTime': 30729}
> ResultValue    | 30729
>
> KnobValues     | {'freqInlineSize': 750}
> Statistics     | 150/200 took 31531ms - remaining ~1576sec
> FullState      | {'passedTime': 30463}
> ResultValue    | 30463
>
> KnobValues     | {'freqInlineSize': 755}
> Statistics     | 151/200 took 32049ms - remaining ~1570sec
> FullState      | {'passedTime': 30985}
> ResultValue    | 30985
>
> KnobValues     | {'freqInlineSize': 760}
> Statistics     | 152/200 took 32062ms - remaining ~1538sec
> FullState      | {'passedTime': 30988}
> ResultValue    | 30988
>
> KnobValues     | {'freqInlineSize': 765}
> Statistics     | 153/200 took 31808ms - remaining ~1494sec
> FullState      | {'passedTime': 30737}
> ResultValue    | 30737
>
> KnobValues     | {'freqInlineSize': 770}
> Statistics     | 154/200 took 31558ms - remaining ~1451sec
> FullState      | {'passedTime': 30486}
> ResultValue    | 30486
>
> KnobValues     | {'freqInlineSize': 775}
> Statistics     | 155/200 took 31849ms - remaining ~1433sec
> FullState      | {'passedTime': 30780}
> ResultValue    | 30780
>
> KnobValues     | {'freqInlineSize': 780}
> Statistics     | 156/200 took 32061ms - remaining ~1410sec
> FullState      | {'passedTime': 30987}
> ResultValue    | 30987
>
> KnobValues     | {'freqInlineSize': 785}
> Statistics     | 157/200 took 31624ms - remaining ~1359sec
> FullState      | {'passedTime': 30557}
> ResultValue    | 30557
>
> KnobValues     | {'freqInlineSize': 790}
> Statistics     | 158/200 took 31596ms - remaining ~1327sec
> FullState      | {'passedTime': 30526}
> ResultValue    | 30526
>
> KnobValues     | {'freqInlineSize': 795}
> Statistics     | 159/200 took 31794ms - remaining ~1303sec
> FullState      | {'passedTime': 30722}
> ResultValue    | 30722
>
> KnobValues     | {'freqInlineSize': 800}
> Statistics     | 160/200 took 31804ms - remaining ~1272sec
> FullState      | {'passedTime': 30729}
> ResultValue    | 30729
>
> KnobValues     | {'freqInlineSize': 805}
> Statistics     | 161/200 took 31849ms - remaining ~1242sec
> FullState      | {'passedTime': 30780}
> ResultValue    | 30780
>
> KnobValues     | {'freqInlineSize': 810}
> Statistics     | 162/200 took 31999ms - remaining ~1215sec
> FullState      | {'passedTime': 30936}
> ResultValue    | 30936
>
> KnobValues     | {'freqInlineSize': 815}
> Statistics     | 163/200 took 31890ms - remaining ~1179sec
> FullState      | {'passedTime': 30824}
> ResultValue    | 30824
>
> KnobValues     | {'freqInlineSize': 820}
> Statistics     | 164/200 took 31848ms - remaining ~1146sec
> FullState      | {'passedTime': 30783}
> ResultValue    | 30783
>
> KnobValues     | {'freqInlineSize': 825}
> Statistics     | 165/200 took 31906ms - remaining ~1116sec
> FullState      | {'passedTime': 30835}
> ResultValue    | 30835
>
> KnobValues     | {'freqInlineSize': 830}
> Statistics     | 166/200 took 32032ms - remaining ~1089sec
> FullState      | {'passedTime': 30962}
> ResultValue    | 30962
>
> KnobValues     | {'freqInlineSize': 835}
> Statistics     | 167/200 took 31810ms - remaining ~1049sec
> FullState      | {'passedTime': 30736}
> ResultValue    | 30736
>
> KnobValues     | {'freqInlineSize': 840}
> Statistics     | 168/200 took 31801ms - remaining ~1017sec
> FullState      | {'passedTime': 30738}
> ResultValue    | 30738
>
> KnobValues     | {'freqInlineSize': 845}
> Statistics     | 169/200 took 31809ms - remaining ~986sec
> FullState      | {'passedTime': 30736}
> ResultValue    | 30736
>
> KnobValues     | {'freqInlineSize': 850}
> Statistics     | 170/200 took 31532ms - remaining ~945sec
> FullState      | {'passedTime': 30457}
> ResultValue    | 30457
>
> KnobValues     | {'freqInlineSize': 855}
> Statistics     | 171/200 took 32117ms - remaining ~931sec
> FullState      | {'passedTime': 31047}
> ResultValue    | 31047
>
> KnobValues     | {'freqInlineSize': 860}
> Statistics     | 172/200 took 31810ms - remaining ~890sec
> FullState      | {'passedTime': 30737}
> ResultValue    | 30737
>
> KnobValues     | {'freqInlineSize': 865}
> Statistics     | 173/200 took 31395ms - remaining ~847sec
> FullState      | {'passedTime': 30333}
> ResultValue    | 30333
>
> KnobValues     | {'freqInlineSize': 870}
> Statistics     | 174/200 took 31032ms - remaining ~806sec
> FullState      | {'passedTime': 29961}
> ResultValue    | 29961
>
> KnobValues     | {'freqInlineSize': 875}
> Statistics     | 175/200 took 32044ms - remaining ~801sec
> FullState      | {'passedTime': 30970}
> ResultValue    | 30970
>
> KnobValues     | {'freqInlineSize': 880}
> Statistics     | 176/200 took 32007ms - remaining ~768sec
> FullState      | {'passedTime': 30932}
> ResultValue    | 30932
>
> KnobValues     | {'freqInlineSize': 885}
> Statistics     | 177/200 took 31840ms - remaining ~732sec
> FullState      | {'passedTime': 30739}
> ResultValue    | 30739
>
> KnobValues     | {'freqInlineSize': 890}
> Statistics     | 178/200 took 31556ms - remaining ~694sec
> FullState      | {'passedTime': 30482}
> ResultValue    | 30482
>
> KnobValues     | {'freqInlineSize': 895}
> Statistics     | 179/200 took 32101ms - remaining ~674sec
> FullState      | {'passedTime': 31036}
> ResultValue    | 31036
>
> KnobValues     | {'freqInlineSize': 900}
> Statistics     | 180/200 took 31817ms - remaining ~636sec
> FullState      | {'passedTime': 30746}
> ResultValue    | 30746
>
> KnobValues     | {'freqInlineSize': 905}
> Statistics     | 181/200 took 31695ms - remaining ~602sec
> FullState      | {'passedTime': 30631}
> ResultValue    | 30631
>
> KnobValues     | {'freqInlineSize': 910}
> Statistics     | 182/200 took 31850ms - remaining ~573sec
> FullState      | {'passedTime': 30783}
> ResultValue    | 30783
>
> KnobValues     | {'freqInlineSize': 915}
> Statistics     | 183/200 took 31818ms - remaining ~540sec
> FullState      | {'passedTime': 30754}
> ResultValue    | 30754
>
> KnobValues     | {'freqInlineSize': 920}
> Statistics     | 184/200 took 31873ms - remaining ~509sec
> FullState      | {'passedTime': 30809}
> ResultValue    | 30809
>
> KnobValues     | {'freqInlineSize': 925}
> Statistics     | 185/200 took 31671ms - remaining ~475sec
> FullState      | {'passedTime': 30604}
> ResultValue    | 30604
>
> KnobValues     | {'freqInlineSize': 930}
> Statistics     | 186/200 took 31959ms - remaining ~447sec
> FullState      | {'passedTime': 30890}
> ResultValue    | 30890
>
> KnobValues     | {'freqInlineSize': 935}
> Statistics     | 187/200 took 31807ms - remaining ~413sec
> FullState      | {'passedTime': 30735}
> ResultValue    | 30735
>
> KnobValues     | {'freqInlineSize': 940}
> Statistics     | 188/200 took 32014ms - remaining ~384sec
> FullState      | {'passedTime': 30950}
> ResultValue    | 30950
>
> KnobValues     | {'freqInlineSize': 945}
> Statistics     | 189/200 took 31431ms - remaining ~345sec
> FullState      | {'passedTime': 30361}
> ResultValue    | 30361
>
> KnobValues     | {'freqInlineSize': 950}
> Statistics     | 190/200 took 31662ms - remaining ~316sec
> FullState      | {'passedTime': 30599}
> ResultValue    | 30599
>
> KnobValues     | {'freqInlineSize': 955}
> Statistics     | 191/200 took 31858ms - remaining ~286sec
> FullState      | {'passedTime': 30788}
> ResultValue    | 30788
>
> KnobValues     | {'freqInlineSize': 960}
> Statistics     | 192/200 took 31848ms - remaining ~254sec
> FullState      | {'passedTime': 30781}
> ResultValue    | 30781
>
> KnobValues     | {'freqInlineSize': 965}
> Statistics     | 193/200 took 31333ms - remaining ~219sec
> FullState      | {'passedTime': 30263}
> ResultValue    | 30263
>
> KnobValues     | {'freqInlineSize': 970}
> Statistics     | 194/200 took 31287ms - remaining ~187sec
> FullState      | {'passedTime': 30213}
> ResultValue    | 30213
>
> KnobValues     | {'freqInlineSize': 975}
> Statistics     | 195/200 took 31842ms - remaining ~159sec
> FullState      | {'passedTime': 30778}
> ResultValue    | 30778
>
> KnobValues     | {'freqInlineSize': 980}
> Statistics     | 196/200 took 31827ms - remaining ~127sec
> FullState      | {'passedTime': 30760}
> ResultValue    | 30760
>
> KnobValues     | {'freqInlineSize': 985}
> Statistics     | 197/200 took 31937ms - remaining ~95sec
> FullState      | {'passedTime': 30868}
> ResultValue    | 30868
>
> KnobValues     | {'freqInlineSize': 990}
> Statistics     | 198/200 took 32042ms - remaining ~64sec
> FullState      | {'passedTime': 30973}
> ResultValue    | 30973
>
> KnobValues     | {'freqInlineSize': 995}
> Statistics     | 199/200 took 32065ms - remaining ~32sec
> FullState      | {'passedTime': 31000}
> ResultValue    | 31000
>
> KnobValues     | {'freqInlineSize': 1000}
> Statistics     | 200/200 took 32046ms - remaining ~0sec
> FullState      | {'passedTime': 30969}
> ResultValue    | 30969
>
> Finished workflow
######################################
> Reporting on   | SingleRun-2b-Inlining-size
> Found 1 knob, creating scatter plot...
> Plot saved at scenarios/singleRun/1b-inlining-size/2018-06-19_13-04-40/scatter_plot.png
