
> Do VMTouch Prepare
           Files: 9009
     Directories: 1276
   Touched Pages: 247469 (966M)
         Elapsed: 0.83768 seconds

> Starting RTX experiment...
######################################
> Workflow       | SingleRun-2b-Inlining-size
> ExecStrategy   | Step
> Steps Created  | Count: 200
>
> KnobValues     | {'freqInlineSize': 5}
> Statistics     | 1/200 took 32847ms - remaining ~6536sec
> FullState      | {'passedTime': 31795}
> ResultValue    | 31795
>
> KnobValues     | {'freqInlineSize': 10}
> Statistics     | 2/200 took 32701ms - remaining ~6474sec
> FullState      | {'passedTime': 31651}
> ResultValue    | 31651
>
> KnobValues     | {'freqInlineSize': 15}
> Statistics     | 3/200 took 32046ms - remaining ~6313sec
> FullState      | {'passedTime': 31001}
> ResultValue    | 31001
>
> KnobValues     | {'freqInlineSize': 20}
> Statistics     | 4/200 took 32052ms - remaining ~6282sec
> FullState      | {'passedTime': 31004}
> ResultValue    | 31004
>
> KnobValues     | {'freqInlineSize': 25}
> Statistics     | 5/200 took 30268ms - remaining ~5902sec
> FullState      | {'passedTime': 29226}
> ResultValue    | 29226
>
> KnobValues     | {'freqInlineSize': 30}
> Statistics     | 6/200 took 30101ms - remaining ~5839sec
> FullState      | {'passedTime': 29052}
> ResultValue    | 29052
>
> KnobValues     | {'freqInlineSize': 35}
> Statistics     | 7/200 took 30835ms - remaining ~5951sec
> FullState      | {'passedTime': 29783}
> ResultValue    | 29783
>
> KnobValues     | {'freqInlineSize': 40}
> Statistics     | 8/200 took 30804ms - remaining ~5914sec
> FullState      | {'passedTime': 29752}
> ResultValue    | 29752
>
> KnobValues     | {'freqInlineSize': 45}
> Statistics     | 9/200 took 30648ms - remaining ~5853sec
> FullState      | {'passedTime': 29588}
> ResultValue    | 29588
>
> KnobValues     | {'freqInlineSize': 50}
> Statistics     | 10/200 took 30730ms - remaining ~5838sec
> FullState      | {'passedTime': 29682}
> ResultValue    | 29682
>
> KnobValues     | {'freqInlineSize': 55}
> Statistics     | 11/200 took 30526ms - remaining ~5769sec
> FullState      | {'passedTime': 29471}
> ResultValue    | 29471
>
> KnobValues     | {'freqInlineSize': 60}
> Statistics     | 12/200 took 30320ms - remaining ~5700sec
> FullState      | {'passedTime': 29272}
> ResultValue    | 29272
>
> KnobValues     | {'freqInlineSize': 65}
> Statistics     | 13/200 took 30964ms - remaining ~5790sec
> FullState      | {'passedTime': 29904}
> ResultValue    | 29904
>
> KnobValues     | {'freqInlineSize': 70}
> Statistics     | 14/200 took 30684ms - remaining ~5707sec
> FullState      | {'passedTime': 29635}
> ResultValue    | 29635
>
> KnobValues     | {'freqInlineSize': 75}
> Statistics     | 15/200 took 30516ms - remaining ~5645sec
> FullState      | {'passedTime': 29466}
> ResultValue    | 29466
>
> KnobValues     | {'freqInlineSize': 80}
> Statistics     | 16/200 took 30243ms - remaining ~5564sec
> FullState      | {'passedTime': 29190}
> ResultValue    | 29190
>
> KnobValues     | {'freqInlineSize': 85}
> Statistics     | 17/200 took 29664ms - remaining ~5428sec
> FullState      | {'passedTime': 28617}
> ResultValue    | 28617
>
> KnobValues     | {'freqInlineSize': 90}
> Statistics     | 18/200 took 30090ms - remaining ~5476sec
> FullState      | {'passedTime': 29038}
> ResultValue    | 29038
>
> KnobValues     | {'freqInlineSize': 95}
> Statistics     | 19/200 took 29820ms - remaining ~5397sec
> FullState      | {'passedTime': 28772}
> ResultValue    | 28772
>
> KnobValues     | {'freqInlineSize': 100}
> Statistics     | 20/200 took 30092ms - remaining ~5416sec
> FullState      | {'passedTime': 29040}
> ResultValue    | 29040
>
> KnobValues     | {'freqInlineSize': 105}
> Statistics     | 21/200 took 30089ms - remaining ~5385sec
> FullState      | {'passedTime': 29041}
> ResultValue    | 29041
>
> KnobValues     | {'freqInlineSize': 110}
> Statistics     | 22/200 took 29846ms - remaining ~5312sec
> FullState      | {'passedTime': 28792}
> ResultValue    | 28792
>
> KnobValues     | {'freqInlineSize': 115}
> Statistics     | 23/200 took 29786ms - remaining ~5272sec
> FullState      | {'passedTime': 28733}
> ResultValue    | 28733
>
> KnobValues     | {'freqInlineSize': 120}
> Statistics     | 24/200 took 29641ms - remaining ~5216sec
> FullState      | {'passedTime': 28582}
> ResultValue    | 28582
>
> KnobValues     | {'freqInlineSize': 125}
> Statistics     | 25/200 took 29672ms - remaining ~5192sec
> FullState      | {'passedTime': 28620}
> ResultValue    | 28620
>
> KnobValues     | {'freqInlineSize': 130}
> Statistics     | 26/200 took 29677ms - remaining ~5163sec
> FullState      | {'passedTime': 28628}
> ResultValue    | 28628
>
> KnobValues     | {'freqInlineSize': 135}
> Statistics     | 27/200 took 30688ms - remaining ~5309sec
> FullState      | {'passedTime': 29629}
> ResultValue    | 29629
>
> KnobValues     | {'freqInlineSize': 140}
> Statistics     | 28/200 took 30732ms - remaining ~5285sec
> FullState      | {'passedTime': 29675}
> ResultValue    | 29675
>
> KnobValues     | {'freqInlineSize': 145}
> Statistics     | 29/200 took 30441ms - remaining ~5205sec
> FullState      | {'passedTime': 29379}
> ResultValue    | 29379
>
> KnobValues     | {'freqInlineSize': 150}
> Statistics     | 30/200 took 30427ms - remaining ~5172sec
> FullState      | {'passedTime': 29371}
> ResultValue    | 29371
>
> KnobValues     | {'freqInlineSize': 155}
> Statistics     | 31/200 took 30763ms - remaining ~5198sec
> FullState      | {'passedTime': 29708}
> ResultValue    | 29708
>
> KnobValues     | {'freqInlineSize': 160}
> Statistics     | 32/200 took 30733ms - remaining ~5163sec
> FullState      | {'passedTime': 29675}
> ResultValue    | 29675
>
> KnobValues     | {'freqInlineSize': 165}
> Statistics     | 33/200 took 31073ms - remaining ~5189sec
> FullState      | {'passedTime': 30015}
> ResultValue    | 30015
>
> KnobValues     | {'freqInlineSize': 170}
> Statistics     | 34/200 took 30812ms - remaining ~5114sec
> FullState      | {'passedTime': 29748}
> ResultValue    | 29748
>
> KnobValues     | {'freqInlineSize': 175}
> Statistics     | 35/200 took 30770ms - remaining ~5077sec
> FullState      | {'passedTime': 29706}
> ResultValue    | 29706
>
> KnobValues     | {'freqInlineSize': 180}
> Statistics     | 36/200 took 30760ms - remaining ~5044sec
> FullState      | {'passedTime': 29693}
> ResultValue    | 29693
>
> KnobValues     | {'freqInlineSize': 185}
> Statistics     | 37/200 took 30305ms - remaining ~4939sec
> FullState      | {'passedTime': 29234}
> ResultValue    | 29234
>
> KnobValues     | {'freqInlineSize': 190}
> Statistics     | 38/200 took 30027ms - remaining ~4864sec
> FullState      | {'passedTime': 28954}
> ResultValue    | 28954
>
> KnobValues     | {'freqInlineSize': 195}
> Statistics     | 39/200 took 30337ms - remaining ~4884sec
> FullState      | {'passedTime': 29273}
> ResultValue    | 29273
>
> KnobValues     | {'freqInlineSize': 200}
> Statistics     | 40/200 took 30338ms - remaining ~4854sec
> FullState      | {'passedTime': 29275}
> ResultValue    | 29275
>
> KnobValues     | {'freqInlineSize': 205}
> Statistics     | 41/200 took 30473ms - remaining ~4845sec
> FullState      | {'passedTime': 29410}
> ResultValue    | 29410
>
> KnobValues     | {'freqInlineSize': 210}
> Statistics     | 42/200 took 30210ms - remaining ~4773sec
> FullState      | {'passedTime': 29141}
> ResultValue    | 29141
>
> KnobValues     | {'freqInlineSize': 215}
> Statistics     | 43/200 took 30187ms - remaining ~4739sec
> FullState      | {'passedTime': 29121}
> ResultValue    | 29121
>
> KnobValues     | {'freqInlineSize': 220}
> Statistics     | 44/200 took 30462ms - remaining ~4752sec
> FullState      | {'passedTime': 29399}
> ResultValue    | 29399
>
> KnobValues     | {'freqInlineSize': 225}
> Statistics     | 45/200 took 30800ms - remaining ~4774sec
> FullState      | {'passedTime': 29737}
> ResultValue    | 29737
>
> KnobValues     | {'freqInlineSize': 230}
> Statistics     | 46/200 took 30417ms - remaining ~4684sec
> FullState      | {'passedTime': 29353}
> ResultValue    | 29353
>
> KnobValues     | {'freqInlineSize': 235}
> Statistics     | 47/200 took 30725ms - remaining ~4700sec
> FullState      | {'passedTime': 29666}
> ResultValue    | 29666
>
> KnobValues     | {'freqInlineSize': 240}
> Statistics     | 48/200 took 30809ms - remaining ~4682sec
> FullState      | {'passedTime': 29748}
> ResultValue    | 29748
>
> KnobValues     | {'freqInlineSize': 245}
> Statistics     | 49/200 took 30653ms - remaining ~4628sec
> FullState      | {'passedTime': 29587}
> ResultValue    | 29587
>
> KnobValues     | {'freqInlineSize': 250}
> Statistics     | 50/200 took 30780ms - remaining ~4617sec
> FullState      | {'passedTime': 29717}
> ResultValue    | 29717
>
> KnobValues     | {'freqInlineSize': 255}
> Statistics     | 51/200 took 31610ms - remaining ~4709sec
> FullState      | {'passedTime': 30550}
> ResultValue    | 30550
>
> KnobValues     | {'freqInlineSize': 260}
> Statistics     | 52/200 took 31593ms - remaining ~4675sec
> FullState      | {'passedTime': 30525}
> ResultValue    | 30525
>
> KnobValues     | {'freqInlineSize': 265}
> Statistics     | 53/200 took 31373ms - remaining ~4611sec
> FullState      | {'passedTime': 30300}
> ResultValue    | 30300
>
> KnobValues     | {'freqInlineSize': 270}
> Statistics     | 54/200 took 31590ms - remaining ~4612sec
> FullState      | {'passedTime': 30523}
> ResultValue    | 30523
>
> KnobValues     | {'freqInlineSize': 275}
> Statistics     | 55/200 took 31576ms - remaining ~4578sec
> FullState      | {'passedTime': 30513}
> ResultValue    | 30513
>
> KnobValues     | {'freqInlineSize': 280}
> Statistics     | 56/200 took 31648ms - remaining ~4557sec
> FullState      | {'passedTime': 30583}
> ResultValue    | 30583
>
> KnobValues     | {'freqInlineSize': 285}
> Statistics     | 57/200 took 31360ms - remaining ~4484sec
> FullState      | {'passedTime': 30293}
> ResultValue    | 30293
>
> KnobValues     | {'freqInlineSize': 290}
> Statistics     | 58/200 took 31568ms - remaining ~4482sec
> FullState      | {'passedTime': 30504}
> ResultValue    | 30504
>
> KnobValues     | {'freqInlineSize': 295}
> Statistics     | 59/200 took 31597ms - remaining ~4455sec
> FullState      | {'passedTime': 30533}
> ResultValue    | 30533
>
> KnobValues     | {'freqInlineSize': 300}
> Statistics     | 60/200 took 31643ms - remaining ~4430sec
> FullState      | {'passedTime': 30579}
> ResultValue    | 30579
>
> KnobValues     | {'freqInlineSize': 305}
> Statistics     | 61/200 took 31583ms - remaining ~4390sec
> FullState      | {'passedTime': 30513}
> ResultValue    | 30513
>
> KnobValues     | {'freqInlineSize': 310}
> Statistics     | 62/200 took 31568ms - remaining ~4356sec
> FullState      | {'passedTime': 30511}
> ResultValue    | 30511
>
> KnobValues     | {'freqInlineSize': 315}
> Statistics     | 63/200 took 31604ms - remaining ~4329sec
> FullState      | {'passedTime': 30533}
> ResultValue    | 30533
>
> KnobValues     | {'freqInlineSize': 320}
> Statistics     | 64/200 took 31617ms - remaining ~4299sec
> FullState      | {'passedTime': 30548}
> ResultValue    | 30548
>
> KnobValues     | {'freqInlineSize': 325}
> Statistics     | 65/200 took 31573ms - remaining ~4262sec
> FullState      | {'passedTime': 30513}
> ResultValue    | 30513
>
> KnobValues     | {'freqInlineSize': 330}
> Statistics     | 66/200 took 31428ms - remaining ~4211sec
> FullState      | {'passedTime': 30365}
> ResultValue    | 30365
>
> KnobValues     | {'freqInlineSize': 335}
> Statistics     | 67/200 took 31592ms - remaining ~4201sec
> FullState      | {'passedTime': 30528}
> ResultValue    | 30528
>
> KnobValues     | {'freqInlineSize': 340}
> Statistics     | 68/200 took 31625ms - remaining ~4174sec
> FullState      | {'passedTime': 30566}
> ResultValue    | 30566
>
> KnobValues     | {'freqInlineSize': 345}
> Statistics     | 69/200 took 31600ms - remaining ~4139sec
> FullState      | {'passedTime': 30534}
> ResultValue    | 30534
>
> KnobValues     | {'freqInlineSize': 350}
> Statistics     | 70/200 took 31638ms - remaining ~4112sec
> FullState      | {'passedTime': 30564}
> ResultValue    | 30564
>
> KnobValues     | {'freqInlineSize': 355}
> Statistics     | 71/200 took 31619ms - remaining ~4078sec
> FullState      | {'passedTime': 30553}
> ResultValue    | 30553
>
> KnobValues     | {'freqInlineSize': 360}
> Statistics     | 72/200 took 31636ms - remaining ~4049sec
> FullState      | {'passedTime': 30575}
> ResultValue    | 30575
>
> KnobValues     | {'freqInlineSize': 365}
> Statistics     | 73/200 took 31083ms - remaining ~3947sec
> FullState      | {'passedTime': 30015}
> ResultValue    | 30015
>
> KnobValues     | {'freqInlineSize': 370}
> Statistics     | 74/200 took 31600ms - remaining ~3981sec
> FullState      | {'passedTime': 30535}
> ResultValue    | 30535
>
> KnobValues     | {'freqInlineSize': 375}
> Statistics     | 75/200 took 31585ms - remaining ~3948sec
> FullState      | {'passedTime': 30524}
> ResultValue    | 30524
>
> KnobValues     | {'freqInlineSize': 380}
> Statistics     | 76/200 took 31584ms - remaining ~3916sec
> FullState      | {'passedTime': 30519}
> ResultValue    | 30519
>
> KnobValues     | {'freqInlineSize': 385}
> Statistics     | 77/200 took 32275ms - remaining ~3969sec
> FullState      | {'passedTime': 31211}
> ResultValue    | 31211
>
> KnobValues     | {'freqInlineSize': 390}
> Statistics     | 78/200 took 32204ms - remaining ~3928sec
> FullState      | {'passedTime': 31142}
> ResultValue    | 31142
>
> KnobValues     | {'freqInlineSize': 395}
> Statistics     | 79/200 took 32282ms - remaining ~3906sec
> FullState      | {'passedTime': 31216}
> ResultValue    | 31216
>
> KnobValues     | {'freqInlineSize': 400}
> Statistics     | 80/200 took 32246ms - remaining ~3869sec
> FullState      | {'passedTime': 31188}
> ResultValue    | 31188
>
> KnobValues     | {'freqInlineSize': 405}
> Statistics     | 81/200 took 32240ms - remaining ~3836sec
> FullState      | {'passedTime': 31174}
> ResultValue    | 31174
>
> KnobValues     | {'freqInlineSize': 410}
> Statistics     | 82/200 took 32206ms - remaining ~3800sec
> FullState      | {'passedTime': 31141}
> ResultValue    | 31141
>
> KnobValues     | {'freqInlineSize': 415}
> Statistics     | 83/200 took 32198ms - remaining ~3767sec
> FullState      | {'passedTime': 31136}
> ResultValue    | 31136
>
> KnobValues     | {'freqInlineSize': 420}
> Statistics     | 84/200 took 32214ms - remaining ~3736sec
> FullState      | {'passedTime': 31144}
> ResultValue    | 31144
>
> KnobValues     | {'freqInlineSize': 425}
> Statistics     | 85/200 took 32249ms - remaining ~3708sec
> FullState      | {'passedTime': 31184}
> ResultValue    | 31184
>
> KnobValues     | {'freqInlineSize': 430}
> Statistics     | 86/200 took 32203ms - remaining ~3671sec
> FullState      | {'passedTime': 31136}
> ResultValue    | 31136
>
> KnobValues     | {'freqInlineSize': 435}
> Statistics     | 87/200 took 32206ms - remaining ~3639sec
> FullState      | {'passedTime': 31138}
> ResultValue    | 31138
>
> KnobValues     | {'freqInlineSize': 440}
> Statistics     | 88/200 took 32228ms - remaining ~3609sec
> FullState      | {'passedTime': 31163}
> ResultValue    | 31163
>
> KnobValues     | {'freqInlineSize': 445}
> Statistics     | 89/200 took 32206ms - remaining ~3574sec
> FullState      | {'passedTime': 31146}
> ResultValue    | 31146
>
> KnobValues     | {'freqInlineSize': 450}
> Statistics     | 90/200 took 32229ms - remaining ~3545sec
> FullState      | {'passedTime': 31167}
> ResultValue    | 31167
>
> KnobValues     | {'freqInlineSize': 455}
> Statistics     | 91/200 took 32225ms - remaining ~3512sec
> FullState      | {'passedTime': 31153}
> ResultValue    | 31153
>
> KnobValues     | {'freqInlineSize': 460}
> Statistics     | 92/200 took 32285ms - remaining ~3486sec
> FullState      | {'passedTime': 31219}
> ResultValue    | 31219
>
> KnobValues     | {'freqInlineSize': 465}
> Statistics     | 93/200 took 32234ms - remaining ~3449sec
> FullState      | {'passedTime': 31169}
> ResultValue    | 31169
>
> KnobValues     | {'freqInlineSize': 470}
> Statistics     | 94/200 took 32200ms - remaining ~3413sec
> FullState      | {'passedTime': 31136}
> ResultValue    | 31136
>
> KnobValues     | {'freqInlineSize': 475}
> Statistics     | 95/200 took 32004ms - remaining ~3360sec
> FullState      | {'passedTime': 30936}
> ResultValue    | 30936
>
> KnobValues     | {'freqInlineSize': 480}
> Statistics     | 96/200 took 31990ms - remaining ~3326sec
> FullState      | {'passedTime': 30912}
> ResultValue    | 30912
>
> KnobValues     | {'freqInlineSize': 485}
> Statistics     | 97/200 took 31950ms - remaining ~3290sec
> FullState      | {'passedTime': 30893}
> ResultValue    | 30893
>
> KnobValues     | {'freqInlineSize': 490}
> Statistics     | 98/200 took 32221ms - remaining ~3286sec
> FullState      | {'passedTime': 31155}
> ResultValue    | 31155
>
> KnobValues     | {'freqInlineSize': 495}
> Statistics     | 99/200 took 32260ms - remaining ~3258sec
> FullState      | {'passedTime': 31198}
> ResultValue    | 31198
>
> KnobValues     | {'freqInlineSize': 500}
> Statistics     | 100/200 took 32225ms - remaining ~3222sec
> FullState      | {'passedTime': 31158}
> ResultValue    | 31158
>
> KnobValues     | {'freqInlineSize': 505}
> Statistics     | 101/200 took 32840ms - remaining ~3251sec
> FullState      | {'passedTime': 31781}
> ResultValue    | 31781
>
> KnobValues     | {'freqInlineSize': 510}
> Statistics     | 102/200 took 32887ms - remaining ~3222sec
> FullState      | {'passedTime': 31831}
> ResultValue    | 31831
>
> KnobValues     | {'freqInlineSize': 515}
> Statistics     | 103/200 took 32950ms - remaining ~3196sec
> FullState      | {'passedTime': 31891}
> ResultValue    | 31891
>
> KnobValues     | {'freqInlineSize': 520}
> Statistics     | 104/200 took 32875ms - remaining ~3156sec
> FullState      | {'passedTime': 31806}
> ResultValue    | 31806
>
> KnobValues     | {'freqInlineSize': 525}
> Statistics     | 105/200 took 32640ms - remaining ~3100sec
> FullState      | {'passedTime': 31577}
> ResultValue    | 31577
>
> KnobValues     | {'freqInlineSize': 530}
> Statistics     | 106/200 took 32646ms - remaining ~3068sec
> FullState      | {'passedTime': 31560}
> ResultValue    | 31560
>
> KnobValues     | {'freqInlineSize': 535}
> Statistics     | 107/200 took 32874ms - remaining ~3057sec
> FullState      | {'passedTime': 31789}
> ResultValue    | 31789
>
> KnobValues     | {'freqInlineSize': 540}
> Statistics     | 108/200 took 32625ms - remaining ~3001sec
> FullState      | {'passedTime': 31538}
> ResultValue    | 31538
>
> KnobValues     | {'freqInlineSize': 545}
> Statistics     | 109/200 took 32068ms - remaining ~2918sec
> FullState      | {'passedTime': 30984}
> ResultValue    | 30984
>
> KnobValues     | {'freqInlineSize': 550}
> Statistics     | 110/200 took 32887ms - remaining ~2959sec
> FullState      | {'passedTime': 31794}
> ResultValue    | 31794
>
> KnobValues     | {'freqInlineSize': 555}
> Statistics     | 111/200 took 32560ms - remaining ~2897sec
> FullState      | {'passedTime': 31466}
> ResultValue    | 31466
>
> KnobValues     | {'freqInlineSize': 560}
> Statistics     | 112/200 took 32883ms - remaining ~2893sec
> FullState      | {'passedTime': 31791}
> ResultValue    | 31791
>
> KnobValues     | {'freqInlineSize': 565}
> Statistics     | 113/200 took 32039ms - remaining ~2787sec
> FullState      | {'passedTime': 30947}
> ResultValue    | 30947
>
> KnobValues     | {'freqInlineSize': 570}
> Statistics     | 114/200 took 32560ms - remaining ~2800sec
> FullState      | {'passedTime': 31468}
> ResultValue    | 31468
>
> KnobValues     | {'freqInlineSize': 575}
> Statistics     | 115/200 took 32839ms - remaining ~2791sec
> FullState      | {'passedTime': 31752}
> ResultValue    | 31752
>
> KnobValues     | {'freqInlineSize': 580}
> Statistics     | 116/200 took 32903ms - remaining ~2763sec
> FullState      | {'passedTime': 31811}
> ResultValue    | 31811
>
> KnobValues     | {'freqInlineSize': 585}
> Statistics     | 117/200 took 32927ms - remaining ~2732sec
> FullState      | {'passedTime': 31837}
> ResultValue    | 31837
>
> KnobValues     | {'freqInlineSize': 590}
> Statistics     | 118/200 took 32841ms - remaining ~2692sec
> FullState      | {'passedTime': 31744}
> ResultValue    | 31744
>
> KnobValues     | {'freqInlineSize': 595}
> Statistics     | 119/200 took 32139ms - remaining ~2603sec
> FullState      | {'passedTime': 31047}
> ResultValue    | 31047
>
> KnobValues     | {'freqInlineSize': 600}
> Statistics     | 120/200 took 32056ms - remaining ~2564sec
> FullState      | {'passedTime': 30969}
> ResultValue    | 30969
>
> KnobValues     | {'freqInlineSize': 605}
> Statistics     | 121/200 took 32137ms - remaining ~2538sec
> FullState      | {'passedTime': 31041}
> ResultValue    | 31041
>
> KnobValues     | {'freqInlineSize': 610}
> Statistics     | 122/200 took 31819ms - remaining ~2481sec
> FullState      | {'passedTime': 30724}
> ResultValue    | 30724
>
> KnobValues     | {'freqInlineSize': 615}
> Statistics     | 123/200 took 32170ms - remaining ~2477sec
> FullState      | {'passedTime': 31081}
> ResultValue    | 31081
>
> KnobValues     | {'freqInlineSize': 620}
> Statistics     | 124/200 took 32077ms - remaining ~2437sec
> FullState      | {'passedTime': 30988}
> ResultValue    | 30988
>
> KnobValues     | {'freqInlineSize': 625}
> Statistics     | 125/200 took 32118ms - remaining ~2408sec
> FullState      | {'passedTime': 31021}
> ResultValue    | 31021
>
> KnobValues     | {'freqInlineSize': 630}
> Statistics     | 126/200 took 32040ms - remaining ~2370sec
> FullState      | {'passedTime': 30954}
> ResultValue    | 30954
>
> KnobValues     | {'freqInlineSize': 635}
> Statistics     | 127/200 took 32121ms - remaining ~2344sec
> FullState      | {'passedTime': 31035}
> ResultValue    | 31035
>
> KnobValues     | {'freqInlineSize': 640}
> Statistics     | 128/200 took 31908ms - remaining ~2297sec
> FullState      | {'passedTime': 30817}
> ResultValue    | 30817
>
> KnobValues     | {'freqInlineSize': 645}
> Statistics     | 129/200 took 32084ms - remaining ~2277sec
> FullState      | {'passedTime': 30995}
> ResultValue    | 30995
>
> KnobValues     | {'freqInlineSize': 650}
> Statistics     | 130/200 took 31536ms - remaining ~2207sec
> FullState      | {'passedTime': 30443}
> ResultValue    | 30443
>
> KnobValues     | {'freqInlineSize': 655}
> Statistics     | 131/200 took 31562ms - remaining ~2177sec
> FullState      | {'passedTime': 30470}
> ResultValue    | 30470
>
> KnobValues     | {'freqInlineSize': 660}
> Statistics     | 132/200 took 31767ms - remaining ~2160sec
> FullState      | {'passedTime': 30674}
> ResultValue    | 30674
>
> KnobValues     | {'freqInlineSize': 665}
> Statistics     | 133/200 took 32014ms - remaining ~2144sec
> FullState      | {'passedTime': 30922}
> ResultValue    | 30922
>
> KnobValues     | {'freqInlineSize': 670}
> Statistics     | 134/200 took 31756ms - remaining ~2095sec
> FullState      | {'passedTime': 30661}
> ResultValue    | 30661
>
> KnobValues     | {'freqInlineSize': 675}
> Statistics     | 135/200 took 32120ms - remaining ~2087sec
> FullState      | {'passedTime': 31026}
> ResultValue    | 31026
>
> KnobValues     | {'freqInlineSize': 680}
> Statistics     | 136/200 took 32184ms - remaining ~2059sec
> FullState      | {'passedTime': 31092}
> ResultValue    | 31092
>
> KnobValues     | {'freqInlineSize': 685}
> Statistics     | 137/200 took 32149ms - remaining ~2025sec
> FullState      | {'passedTime': 31034}
> ResultValue    | 31034
>
> KnobValues     | {'freqInlineSize': 690}
> Statistics     | 138/200 took 32164ms - remaining ~1994sec
> FullState      | {'passedTime': 31081}
> ResultValue    | 31081
>
> KnobValues     | {'freqInlineSize': 695}
> Statistics     | 139/200 took 31299ms - remaining ~1909sec
> FullState      | {'passedTime': 30210}
> ResultValue    | 30210
>
> KnobValues     | {'freqInlineSize': 700}
> Statistics     | 140/200 took 31814ms - remaining ~1908sec
> FullState      | {'passedTime': 30723}
> ResultValue    | 30723
>
> KnobValues     | {'freqInlineSize': 705}
> Statistics     | 141/200 took 32130ms - remaining ~1895sec
> FullState      | {'passedTime': 31035}
> ResultValue    | 31035
>
> KnobValues     | {'freqInlineSize': 710}
> Statistics     | 142/200 took 31612ms - remaining ~1833sec
> FullState      | {'passedTime': 30524}
> ResultValue    | 30524
>
> KnobValues     | {'freqInlineSize': 715}
> Statistics     | 143/200 took 32162ms - remaining ~1833sec
> FullState      | {'passedTime': 31070}
> ResultValue    | 31070
>
> KnobValues     | {'freqInlineSize': 720}
> Statistics     | 144/200 took 31925ms - remaining ~1787sec
> FullState      | {'passedTime': 30832}
> ResultValue    | 30832
>
> KnobValues     | {'freqInlineSize': 725}
> Statistics     | 145/200 took 31817ms - remaining ~1749sec
> FullState      | {'passedTime': 30722}
> ResultValue    | 30722
>
> KnobValues     | {'freqInlineSize': 730}
> Statistics     | 146/200 took 32134ms - remaining ~1735sec
> FullState      | {'passedTime': 31044}
> ResultValue    | 31044
>
> KnobValues     | {'freqInlineSize': 735}
> Statistics     | 147/200 took 32137ms - remaining ~1703sec
> FullState      | {'passedTime': 31053}
> ResultValue    | 31053
>
> KnobValues     | {'freqInlineSize': 740}
> Statistics     | 148/200 took 32067ms - remaining ~1667sec
> FullState      | {'passedTime': 30978}
> ResultValue    | 30978
>
> KnobValues     | {'freqInlineSize': 745}
> Statistics     | 149/200 took 31789ms - remaining ~1621sec
> FullState      | {'passedTime': 30695}
> ResultValue    | 30695
>
> KnobValues     | {'freqInlineSize': 750}
> Statistics     | 150/200 took 32135ms - remaining ~1606sec
> FullState      | {'passedTime': 31042}
> ResultValue    | 31042
>
> KnobValues     | {'freqInlineSize': 755}
> Statistics     | 151/200 took 31794ms - remaining ~1557sec
> FullState      | {'passedTime': 30708}
> ResultValue    | 30708
>
> KnobValues     | {'freqInlineSize': 760}
> Statistics     | 152/200 took 32084ms - remaining ~1540sec
> FullState      | {'passedTime': 30997}
> ResultValue    | 30997
>
> KnobValues     | {'freqInlineSize': 765}
> Statistics     | 153/200 took 32103ms - remaining ~1508sec
> FullState      | {'passedTime': 31013}
> ResultValue    | 31013
>
> KnobValues     | {'freqInlineSize': 770}
> Statistics     | 154/200 took 32101ms - remaining ~1476sec
> FullState      | {'passedTime': 31012}
> ResultValue    | 31012
>
> KnobValues     | {'freqInlineSize': 775}
> Statistics     | 155/200 took 32081ms - remaining ~1443sec
> FullState      | {'passedTime': 30996}
> ResultValue    | 30996
>
> KnobValues     | {'freqInlineSize': 780}
> Statistics     | 156/200 took 31559ms - remaining ~1388sec
> FullState      | {'passedTime': 30468}
> ResultValue    | 30468
>
> KnobValues     | {'freqInlineSize': 785}
> Statistics     | 157/200 took 32066ms - remaining ~1378sec
> FullState      | {'passedTime': 30973}
> ResultValue    | 30973
>
> KnobValues     | {'freqInlineSize': 790}
> Statistics     | 158/200 took 31866ms - remaining ~1338sec
> FullState      | {'passedTime': 30765}
> ResultValue    | 30765
>
> KnobValues     | {'freqInlineSize': 795}
> Statistics     | 159/200 took 31757ms - remaining ~1302sec
> FullState      | {'passedTime': 30671}
> ResultValue    | 30671
>
> KnobValues     | {'freqInlineSize': 800}
> Statistics     | 160/200 took 32120ms - remaining ~1284sec
> FullState      | {'passedTime': 31030}
> ResultValue    | 31030
>
> KnobValues     | {'freqInlineSize': 805}
> Statistics     | 161/200 took 32122ms - remaining ~1252sec
> FullState      | {'passedTime': 31033}
> ResultValue    | 31033
>
> KnobValues     | {'freqInlineSize': 810}
> Statistics     | 162/200 took 31834ms - remaining ~1209sec
> FullState      | {'passedTime': 30743}
> ResultValue    | 30743
>
> KnobValues     | {'freqInlineSize': 815}
> Statistics     | 163/200 took 32433ms - remaining ~1200sec
> FullState      | {'passedTime': 31338}
> ResultValue    | 31338
>
> KnobValues     | {'freqInlineSize': 820}
> Statistics     | 164/200 took 32080ms - remaining ~1154sec
> FullState      | {'passedTime': 30994}
> ResultValue    | 30994
>
> KnobValues     | {'freqInlineSize': 825}
> Statistics     | 165/200 took 31852ms - remaining ~1114sec
> FullState      | {'passedTime': 30761}
> ResultValue    | 30761
>
> KnobValues     | {'freqInlineSize': 830}
> Statistics     | 166/200 took 32375ms - remaining ~1100sec
> FullState      | {'passedTime': 31289}
> ResultValue    | 31289
>
> KnobValues     | {'freqInlineSize': 835}
> Statistics     | 167/200 took 31836ms - remaining ~1050sec
> FullState      | {'passedTime': 30743}
> ResultValue    | 30743
>
> KnobValues     | {'freqInlineSize': 840}
> Statistics     | 168/200 took 32125ms - remaining ~1028sec
> FullState      | {'passedTime': 31035}
> ResultValue    | 31035
>
> KnobValues     | {'freqInlineSize': 845}
> Statistics     | 169/200 took 31608ms - remaining ~979sec
> FullState      | {'passedTime': 30518}
> ResultValue    | 30518
>
> KnobValues     | {'freqInlineSize': 850}
> Statistics     | 170/200 took 32073ms - remaining ~962sec
> FullState      | {'passedTime': 30981}
> ResultValue    | 30981
>
> KnobValues     | {'freqInlineSize': 855}
> Statistics     | 171/200 took 32072ms - remaining ~930sec
> FullState      | {'passedTime': 30975}
> ResultValue    | 30975
>
> KnobValues     | {'freqInlineSize': 860}
> Statistics     | 172/200 took 31795ms - remaining ~890sec
> FullState      | {'passedTime': 30699}
> ResultValue    | 30699
>
> KnobValues     | {'freqInlineSize': 865}
> Statistics     | 173/200 took 31753ms - remaining ~857sec
> FullState      | {'passedTime': 30665}
> ResultValue    | 30665
>
> KnobValues     | {'freqInlineSize': 870}
> Statistics     | 174/200 took 32249ms - remaining ~838sec
> FullState      | {'passedTime': 31157}
> ResultValue    | 31157
>
> KnobValues     | {'freqInlineSize': 875}
> Statistics     | 175/200 took 32094ms - remaining ~802sec
> FullState      | {'passedTime': 31006}
> ResultValue    | 31006
>
> KnobValues     | {'freqInlineSize': 880}
> Statistics     | 176/200 took 31878ms - remaining ~765sec
> FullState      | {'passedTime': 30787}
> ResultValue    | 30787
>
> KnobValues     | {'freqInlineSize': 885}
> Statistics     | 177/200 took 32093ms - remaining ~738sec
> FullState      | {'passedTime': 31004}
> ResultValue    | 31004
>
> KnobValues     | {'freqInlineSize': 890}
> Statistics     | 178/200 took 32099ms - remaining ~706sec
> FullState      | {'passedTime': 31014}
> ResultValue    | 31014
>
> KnobValues     | {'freqInlineSize': 895}
> Statistics     | 179/200 took 32097ms - remaining ~674sec
> FullState      | {'passedTime': 31002}
> ResultValue    | 31002
>
> KnobValues     | {'freqInlineSize': 900}
> Statistics     | 180/200 took 32094ms - remaining ~641sec
> FullState      | {'passedTime': 31006}
> ResultValue    | 31006
>
> KnobValues     | {'freqInlineSize': 905}
> Statistics     | 181/200 took 32039ms - remaining ~608sec
> FullState      | {'passedTime': 30949}
> ResultValue    | 30949
>
> KnobValues     | {'freqInlineSize': 910}
> Statistics     | 182/200 took 32090ms - remaining ~577sec
> FullState      | {'passedTime': 30999}
> ResultValue    | 30999
>
> KnobValues     | {'freqInlineSize': 915}
> Statistics     | 183/200 took 31645ms - remaining ~537sec
> FullState      | {'passedTime': 30547}
> ResultValue    | 30547
>
> KnobValues     | {'freqInlineSize': 920}
> Statistics     | 184/200 took 32118ms - remaining ~513sec
> FullState      | {'passedTime': 31028}
> ResultValue    | 31028
>
> KnobValues     | {'freqInlineSize': 925}
> Statistics     | 185/200 took 31893ms - remaining ~478sec
> FullState      | {'passedTime': 30800}
> ResultValue    | 30800
>
> KnobValues     | {'freqInlineSize': 930}
> Statistics     | 186/200 took 32025ms - remaining ~448sec
> FullState      | {'passedTime': 30937}
> ResultValue    | 30937
>
> KnobValues     | {'freqInlineSize': 935}
> Statistics     | 187/200 took 32019ms - remaining ~416sec
> FullState      | {'passedTime': 30925}
> ResultValue    | 30925
>
> KnobValues     | {'freqInlineSize': 940}
> Statistics     | 188/200 took 32071ms - remaining ~384sec
> FullState      | {'passedTime': 30974}
> ResultValue    | 30974
>
> KnobValues     | {'freqInlineSize': 945}
> Statistics     | 189/200 took 31815ms - remaining ~349sec
> FullState      | {'passedTime': 30726}
> ResultValue    | 30726
>
> KnobValues     | {'freqInlineSize': 950}
> Statistics     | 190/200 took 32095ms - remaining ~320sec
> FullState      | {'passedTime': 31008}
> ResultValue    | 31008
>
> KnobValues     | {'freqInlineSize': 955}
> Statistics     | 191/200 took 32167ms - remaining ~289sec
> FullState      | {'passedTime': 31073}
> ResultValue    | 31073
>
> KnobValues     | {'freqInlineSize': 960}
> Statistics     | 192/200 took 31803ms - remaining ~254sec
> FullState      | {'passedTime': 30711}
> ResultValue    | 30711
>
> KnobValues     | {'freqInlineSize': 965}
> Statistics     | 193/200 took 32152ms - remaining ~225sec
> FullState      | {'passedTime': 31065}
> ResultValue    | 31065
>
> KnobValues     | {'freqInlineSize': 970}
> Statistics     | 194/200 took 31895ms - remaining ~191sec
> FullState      | {'passedTime': 30804}
> ResultValue    | 30804
>
> KnobValues     | {'freqInlineSize': 975}
> Statistics     | 195/200 took 31889ms - remaining ~159sec
> FullState      | {'passedTime': 30798}
> ResultValue    | 30798
>
> KnobValues     | {'freqInlineSize': 980}
> Statistics     | 196/200 took 31809ms - remaining ~127sec
> FullState      | {'passedTime': 30725}
> ResultValue    | 30725
>
> KnobValues     | {'freqInlineSize': 985}
> Statistics     | 197/200 took 32030ms - remaining ~96sec
> FullState      | {'passedTime': 30939}
> ResultValue    | 30939
>
> KnobValues     | {'freqInlineSize': 990}
> Statistics     | 198/200 took 32409ms - remaining ~64sec
> FullState      | {'passedTime': 31318}
> ResultValue    | 31318
>
> KnobValues     | {'freqInlineSize': 995}
> Statistics     | 199/200 took 32118ms - remaining ~32sec
> FullState      | {'passedTime': 31019}
> ResultValue    | 31019
>
> KnobValues     | {'freqInlineSize': 1000}
> Statistics     | 200/200 took 32171ms - remaining ~0sec
> FullState      | {'passedTime': 31079}
> ResultValue    | 31079
>
> Finished workflow
######################################
> Reporting on   | SingleRun-2b-Inlining-size
> Found 1 knob, creating scatter plot...
> Plot saved at scenarios/singleRun/1b-inlining-size/2018-09-30_15-27-38/scatter_plot.png
