
> Do VMTouch Prepare
           Files: 9055
     Directories: 1356
   Touched Pages: 241724 (944M)
         Elapsed: 0.78975 seconds

> Starting RTX experiment...
######################################
> Workflow       | SingleRun-2a-Inlining-size
> ExecStrategy   | Step
> Steps Created  | Count: 200
>
> KnobValues     | {'maxInlineSize': 5}
> Statistics     | 1/200 took 31491ms - remaining ~6266sec
> FullState      | {'passedTime': 30499}
> ResultValue    | 30499
>
> KnobValues     | {'maxInlineSize': 10}
> Statistics     | 2/200 took 31662ms - remaining ~6269sec
> FullState      | {'passedTime': 30668}
> ResultValue    | 30668
>
> KnobValues     | {'maxInlineSize': 15}
> Statistics     | 3/200 took 32011ms - remaining ~6306sec
> FullState      | {'passedTime': 31023}
> ResultValue    | 31023
>
> KnobValues     | {'maxInlineSize': 20}
> Statistics     | 4/200 took 32074ms - remaining ~6286sec
> FullState      | {'passedTime': 31082}
> ResultValue    | 31082
>
> KnobValues     | {'maxInlineSize': 25}
> Statistics     | 5/200 took 32292ms - remaining ~6296sec
> FullState      | {'passedTime': 31278}
> ResultValue    | 31278
>
> KnobValues     | {'maxInlineSize': 30}
> Statistics     | 6/200 took 31776ms - remaining ~6164sec
> FullState      | {'passedTime': 30754}
> ResultValue    | 30754
>
> KnobValues     | {'maxInlineSize': 35}
> Statistics     | 7/200 took 31605ms - remaining ~6099sec
> FullState      | {'passedTime': 30560}
> ResultValue    | 30560
>
> KnobValues     | {'maxInlineSize': 40}
> Statistics     | 8/200 took 31335ms - remaining ~6016sec
> FullState      | {'passedTime': 30274}
> ResultValue    | 30274
>
> KnobValues     | {'maxInlineSize': 45}
> Statistics     | 9/200 took 32056ms - remaining ~6122sec
> FullState      | {'passedTime': 30973}
> ResultValue    | 30973
>
> KnobValues     | {'maxInlineSize': 50}
> Statistics     | 10/200 took 31647ms - remaining ~6012sec
> FullState      | {'passedTime': 30547}
> ResultValue    | 30547
>
> KnobValues     | {'maxInlineSize': 55}
> Statistics     | 11/200 took 31613ms - remaining ~5974sec
> FullState      | {'passedTime': 30474}
> ResultValue    | 30474
>
> KnobValues     | {'maxInlineSize': 60}
> Statistics     | 12/200 took 32265ms - remaining ~6065sec
> FullState      | {'passedTime': 31103}
> ResultValue    | 31103
>
> KnobValues     | {'maxInlineSize': 65}
> Statistics     | 13/200 took 32351ms - remaining ~6049sec
> FullState      | {'passedTime': 31160}
> ResultValue    | 31160
>
> KnobValues     | {'maxInlineSize': 70}
> Statistics     | 14/200 took 33334ms - remaining ~6200sec
> FullState      | {'passedTime': 32090}
> ResultValue    | 32090
>
> KnobValues     | {'maxInlineSize': 75}
> Statistics     | 15/200 took 33241ms - remaining ~6149sec
> FullState      | {'passedTime': 31970}
> ResultValue    | 31970
>
> KnobValues     | {'maxInlineSize': 80}
> Statistics     | 16/200 took 32983ms - remaining ~6068sec
> FullState      | {'passedTime': 31649}
> ResultValue    | 31649
>
> KnobValues     | {'maxInlineSize': 85}
> Statistics     | 17/200 took 33315ms - remaining ~6096sec
> FullState      | {'passedTime': 31923}
> ResultValue    | 31923
>
> KnobValues     | {'maxInlineSize': 90}
> Statistics     | 18/200 took 33409ms - remaining ~6080sec
> FullState      | {'passedTime': 31943}
> ResultValue    | 31943
>
> KnobValues     | {'maxInlineSize': 95}
> Statistics     | 19/200 took 33468ms - remaining ~6057sec
> FullState      | {'passedTime': 31936}
> ResultValue    | 31936
>
> KnobValues     | {'maxInlineSize': 100}
> Statistics     | 20/200 took 34017ms - remaining ~6123sec
> FullState      | {'passedTime': 32321}
> ResultValue    | 32321
>
> KnobValues     | {'maxInlineSize': 105}
> Statistics     | 21/200 took 34113ms - remaining ~6106sec
> FullState      | {'passedTime': 32312}
> ResultValue    | 32312
>
> KnobValues     | {'maxInlineSize': 110}
> Statistics     | 22/200 took 34495ms - remaining ~6140sec
> FullState      | {'passedTime': 32505}
> ResultValue    | 32505
>
> KnobValues     | {'maxInlineSize': 115}
> Statistics     | 23/200 took 34896ms - remaining ~6176sec
> FullState      | {'passedTime': 32765}
> ResultValue    | 32765
>
> KnobValues     | {'maxInlineSize': 120}
> Statistics     | 24/200 took 35203ms - remaining ~6195sec
> FullState      | {'passedTime': 32861}
> ResultValue    | 32861
>
> KnobValues     | {'maxInlineSize': 125}
> Statistics     | 25/200 took 35054ms - remaining ~6134sec
> FullState      | {'passedTime': 32674}
> ResultValue    | 32674
>
> KnobValues     | {'maxInlineSize': 130}
> Statistics     | 26/200 took 34963ms - remaining ~6083sec
> FullState      | {'passedTime': 32442}
> ResultValue    | 32442
>
> KnobValues     | {'maxInlineSize': 135}
> Statistics     | 27/200 took 35023ms - remaining ~6058sec
> FullState      | {'passedTime': 32334}
> ResultValue    | 32334
>
> KnobValues     | {'maxInlineSize': 140}
> Statistics     | 28/200 took 35755ms - remaining ~6149sec
> FullState      | {'passedTime': 33046}
> ResultValue    | 33046
>
> KnobValues     | {'maxInlineSize': 145}
> Statistics     | 29/200 took 35736ms - remaining ~6110sec
> FullState      | {'passedTime': 32933}
> ResultValue    | 32933
>
> KnobValues     | {'maxInlineSize': 150}
> Statistics     | 30/200 took 35338ms - remaining ~6007sec
> FullState      | {'passedTime': 32434}
> ResultValue    | 32434
>
> KnobValues     | {'maxInlineSize': 155}
> Statistics     | 31/200 took 35456ms - remaining ~5992sec
> FullState      | {'passedTime': 32598}
> ResultValue    | 32598
>
> KnobValues     | {'maxInlineSize': 160}
> Statistics     | 32/200 took 35479ms - remaining ~5960sec
> FullState      | {'passedTime': 32601}
> ResultValue    | 32601
>
> KnobValues     | {'maxInlineSize': 165}
> Statistics     | 33/200 took 35935ms - remaining ~6001sec
> FullState      | {'passedTime': 33038}
> ResultValue    | 33038
>
> KnobValues     | {'maxInlineSize': 170}
> Statistics     | 34/200 took 35289ms - remaining ~5857sec
> FullState      | {'passedTime': 32399}
> ResultValue    | 32399
>
> KnobValues     | {'maxInlineSize': 175}
> Statistics     | 35/200 took 35535ms - remaining ~5863sec
> FullState      | {'passedTime': 32644}
> ResultValue    | 32644
>
> KnobValues     | {'maxInlineSize': 180}
> Statistics     | 36/200 took 35653ms - remaining ~5847sec
> FullState      | {'passedTime': 32707}
> ResultValue    | 32707
>
> KnobValues     | {'maxInlineSize': 185}
> Statistics     | 37/200 took 37172ms - remaining ~6059sec
> FullState      | {'passedTime': 34002}
> ResultValue    | 34002
>
> KnobValues     | {'maxInlineSize': 190}
> Statistics     | 38/200 took 37164ms - remaining ~6020sec
> FullState      | {'passedTime': 33981}
> ResultValue    | 33981
>
> KnobValues     | {'maxInlineSize': 195}
> Statistics     | 39/200 took 36437ms - remaining ~5866sec
> FullState      | {'passedTime': 33225}
> ResultValue    | 33225
>
> KnobValues     | {'maxInlineSize': 200}
> Statistics     | 40/200 took 37083ms - remaining ~5933sec
> FullState      | {'passedTime': 33809}
> ResultValue    | 33809
>
> KnobValues     | {'maxInlineSize': 205}
> Statistics     | 41/200 took 38045ms - remaining ~6049sec
> FullState      | {'passedTime': 34815}
> ResultValue    | 34815
>
> KnobValues     | {'maxInlineSize': 210}
> Statistics     | 42/200 took 38336ms - remaining ~6057sec
> FullState      | {'passedTime': 35096}
> ResultValue    | 35096
>
> KnobValues     | {'maxInlineSize': 215}
> Statistics     | 43/200 took 38090ms - remaining ~5980sec
> FullState      | {'passedTime': 34762}
> ResultValue    | 34762
>
> KnobValues     | {'maxInlineSize': 220}
> Statistics     | 44/200 took 38130ms - remaining ~5948sec
> FullState      | {'passedTime': 34790}
> ResultValue    | 34790
>
> KnobValues     | {'maxInlineSize': 225}
> Statistics     | 45/200 took 38031ms - remaining ~5894sec
> FullState      | {'passedTime': 34689}
> ResultValue    | 34689
>
> KnobValues     | {'maxInlineSize': 230}
> Statistics     | 46/200 took 39019ms - remaining ~6008sec
> FullState      | {'passedTime': 35664}
> ResultValue    | 35664
>
> KnobValues     | {'maxInlineSize': 235}
> Statistics     | 47/200 took 39013ms - remaining ~5968sec
> FullState      | {'passedTime': 35671}
> ResultValue    | 35671
>
> KnobValues     | {'maxInlineSize': 240}
> Statistics     | 48/200 took 38253ms - remaining ~5814sec
> FullState      | {'passedTime': 34846}
> ResultValue    | 34846
>
> KnobValues     | {'maxInlineSize': 245}
> Statistics     | 49/200 took 38809ms - remaining ~5860sec
> FullState      | {'passedTime': 35414}
> ResultValue    | 35414
>
> KnobValues     | {'maxInlineSize': 250}
> Statistics     | 50/200 took 38506ms - remaining ~5775sec
> FullState      | {'passedTime': 35104}
> ResultValue    | 35104
>
> KnobValues     | {'maxInlineSize': 255}
> Statistics     | 51/200 took 38648ms - remaining ~5758sec
> FullState      | {'passedTime': 35219}
> ResultValue    | 35219
>
> KnobValues     | {'maxInlineSize': 260}
> Statistics     | 52/200 took 38689ms - remaining ~5725sec
> FullState      | {'passedTime': 35268}
> ResultValue    | 35268
>
> KnobValues     | {'maxInlineSize': 265}
> Statistics     | 53/200 took 38961ms - remaining ~5727sec
> FullState      | {'passedTime': 35543}
> ResultValue    | 35543
>
> KnobValues     | {'maxInlineSize': 270}
> Statistics     | 54/200 took 39308ms - remaining ~5738sec
> FullState      | {'passedTime': 35832}
> ResultValue    | 35832
>
> KnobValues     | {'maxInlineSize': 275}
> Statistics     | 55/200 took 39062ms - remaining ~5663sec
> FullState      | {'passedTime': 35598}
> ResultValue    | 35598
>
> KnobValues     | {'maxInlineSize': 280}
> Statistics     | 56/200 took 39104ms - remaining ~5630sec
> FullState      | {'passedTime': 35634}
> ResultValue    | 35634
>
> KnobValues     | {'maxInlineSize': 285}
> Statistics     | 57/200 took 38638ms - remaining ~5525sec
> FullState      | {'passedTime': 35153}
> ResultValue    | 35153
>
> KnobValues     | {'maxInlineSize': 290}
> Statistics     | 58/200 took 39124ms - remaining ~5555sec
> FullState      | {'passedTime': 35618}
> ResultValue    | 35618
>
> KnobValues     | {'maxInlineSize': 295}
> Statistics     | 59/200 took 39077ms - remaining ~5509sec
> FullState      | {'passedTime': 35585}
> ResultValue    | 35585
>
> KnobValues     | {'maxInlineSize': 300}
> Statistics     | 60/200 took 39190ms - remaining ~5486sec
> FullState      | {'passedTime': 35686}
> ResultValue    | 35686
>
> KnobValues     | {'maxInlineSize': 305}
> Statistics     | 61/200 took 38815ms - remaining ~5395sec
> FullState      | {'passedTime': 35305}
> ResultValue    | 35305
>
> KnobValues     | {'maxInlineSize': 310}
> Statistics     | 62/200 took 39245ms - remaining ~5415sec
> FullState      | {'passedTime': 35725}
> ResultValue    | 35725
>
> KnobValues     | {'maxInlineSize': 315}
> Statistics     | 63/200 took 38926ms - remaining ~5332sec
> FullState      | {'passedTime': 35359}
> ResultValue    | 35359
>
> KnobValues     | {'maxInlineSize': 320}
> Statistics     | 64/200 took 39264ms - remaining ~5339sec
> FullState      | {'passedTime': 35681}
> ResultValue    | 35681
>
> KnobValues     | {'maxInlineSize': 325}
> Statistics     | 65/200 took 38953ms - remaining ~5258sec
> FullState      | {'passedTime': 35376}
> ResultValue    | 35376
>
> KnobValues     | {'maxInlineSize': 330}
> Statistics     | 66/200 took 39311ms - remaining ~5267sec
> FullState      | {'passedTime': 35747}
> ResultValue    | 35747
>
> KnobValues     | {'maxInlineSize': 335}
> Statistics     | 67/200 took 39175ms - remaining ~5210sec
> FullState      | {'passedTime': 35608}
> ResultValue    | 35608
>
> KnobValues     | {'maxInlineSize': 340}
> Statistics     | 68/200 took 39349ms - remaining ~5194sec
> FullState      | {'passedTime': 35783}
> ResultValue    | 35783
>
> KnobValues     | {'maxInlineSize': 345}
> Statistics     | 69/200 took 39189ms - remaining ~5133sec
> FullState      | {'passedTime': 35562}
> ResultValue    | 35562
>
> KnobValues     | {'maxInlineSize': 350}
> Statistics     | 70/200 took 38906ms - remaining ~5057sec
> FullState      | {'passedTime': 35258}
> ResultValue    | 35258
>
> KnobValues     | {'maxInlineSize': 355}
> Statistics     | 71/200 took 39586ms - remaining ~5106sec
> FullState      | {'passedTime': 35825}
> ResultValue    | 35825
>
> KnobValues     | {'maxInlineSize': 360}
> Statistics     | 72/200 took 39876ms - remaining ~5104sec
> FullState      | {'passedTime': 36116}
> ResultValue    | 36116
>
> KnobValues     | {'maxInlineSize': 365}
> Statistics     | 73/200 took 39935ms - remaining ~5071sec
> FullState      | {'passedTime': 36158}
> ResultValue    | 36158
>
> KnobValues     | {'maxInlineSize': 370}
> Statistics     | 74/200 took 39936ms - remaining ~5031sec
> FullState      | {'passedTime': 36151}
> ResultValue    | 36151
>
> KnobValues     | {'maxInlineSize': 375}
> Statistics     | 75/200 took 39805ms - remaining ~4975sec
> FullState      | {'passedTime': 36059}
> ResultValue    | 36059
>
> KnobValues     | {'maxInlineSize': 380}
> Statistics     | 76/200 took 39976ms - remaining ~4957sec
> FullState      | {'passedTime': 36237}
> ResultValue    | 36237
>
> KnobValues     | {'maxInlineSize': 385}
> Statistics     | 77/200 took 39982ms - remaining ~4917sec
> FullState      | {'passedTime': 36245}
> ResultValue    | 36245
>
> KnobValues     | {'maxInlineSize': 390}
> Statistics     | 78/200 took 39730ms - remaining ~4847sec
> FullState      | {'passedTime': 35999}
> ResultValue    | 35999
>
> KnobValues     | {'maxInlineSize': 395}
> Statistics     | 79/200 took 39582ms - remaining ~4789sec
> FullState      | {'passedTime': 35835}
> ResultValue    | 35835
>
> KnobValues     | {'maxInlineSize': 400}
> Statistics     | 80/200 took 39219ms - remaining ~4706sec
> FullState      | {'passedTime': 35463}
> ResultValue    | 35463
>
> KnobValues     | {'maxInlineSize': 405}
> Statistics     | 81/200 took 39466ms - remaining ~4696sec
> FullState      | {'passedTime': 35707}
> ResultValue    | 35707
>
> KnobValues     | {'maxInlineSize': 410}
> Statistics     | 82/200 took 39466ms - remaining ~4656sec
> FullState      | {'passedTime': 35717}
> ResultValue    | 35717
>
> KnobValues     | {'maxInlineSize': 415}
> Statistics     | 83/200 took 39302ms - remaining ~4598sec
> FullState      | {'passedTime': 35546}
> ResultValue    | 35546
>
> KnobValues     | {'maxInlineSize': 420}
> Statistics     | 84/200 took 39465ms - remaining ~4577sec
> FullState      | {'passedTime': 35700}
> ResultValue    | 35700
>
> KnobValues     | {'maxInlineSize': 425}
> Statistics     | 85/200 took 39229ms - remaining ~4511sec
> FullState      | {'passedTime': 35473}
> ResultValue    | 35473
>
> KnobValues     | {'maxInlineSize': 430}
> Statistics     | 86/200 took 39511ms - remaining ~4504sec
> FullState      | {'passedTime': 35750}
> ResultValue    | 35750
>
> KnobValues     | {'maxInlineSize': 435}
> Statistics     | 87/200 took 38917ms - remaining ~4397sec
> FullState      | {'passedTime': 35157}
> ResultValue    | 35157
>
> KnobValues     | {'maxInlineSize': 440}
> Statistics     | 88/200 took 39945ms - remaining ~4473sec
> FullState      | {'passedTime': 36158}
> ResultValue    | 36158
>
> KnobValues     | {'maxInlineSize': 445}
> Statistics     | 89/200 took 39892ms - remaining ~4428sec
> FullState      | {'passedTime': 36089}
> ResultValue    | 36089
>
> KnobValues     | {'maxInlineSize': 450}
> Statistics     | 90/200 took 39989ms - remaining ~4398sec
> FullState      | {'passedTime': 36147}
> ResultValue    | 36147
>
> KnobValues     | {'maxInlineSize': 455}
> Statistics     | 91/200 took 39996ms - remaining ~4359sec
> FullState      | {'passedTime': 36153}
> ResultValue    | 36153
>
> KnobValues     | {'maxInlineSize': 460}
> Statistics     | 92/200 took 40007ms - remaining ~4320sec
> FullState      | {'passedTime': 36161}
> ResultValue    | 36161
>
> KnobValues     | {'maxInlineSize': 465}
> Statistics     | 93/200 took 39946ms - remaining ~4274sec
> FullState      | {'passedTime': 36098}
> ResultValue    | 36098
>
> KnobValues     | {'maxInlineSize': 470}
> Statistics     | 94/200 took 39933ms - remaining ~4232sec
> FullState      | {'passedTime': 36079}
> ResultValue    | 36079
>
> KnobValues     | {'maxInlineSize': 475}
> Statistics     | 95/200 took 39655ms - remaining ~4163sec
> FullState      | {'passedTime': 35807}
> ResultValue    | 35807
>
> KnobValues     | {'maxInlineSize': 480}
> Statistics     | 96/200 took 39119ms - remaining ~4068sec
> FullState      | {'passedTime': 35279}
> ResultValue    | 35279
>
> KnobValues     | {'maxInlineSize': 485}
> Statistics     | 97/200 took 39773ms - remaining ~4096sec
> FullState      | {'passedTime': 35924}
> ResultValue    | 35924
>
> KnobValues     | {'maxInlineSize': 490}
> Statistics     | 98/200 took 39735ms - remaining ~4052sec
> FullState      | {'passedTime': 35876}
> ResultValue    | 35876
>
> KnobValues     | {'maxInlineSize': 495}
> Statistics     | 99/200 took 39508ms - remaining ~3990sec
> FullState      | {'passedTime': 35646}
> ResultValue    | 35646
>
> KnobValues     | {'maxInlineSize': 500}
> Statistics     | 100/200 took 39529ms - remaining ~3952sec
> FullState      | {'passedTime': 35649}
> ResultValue    | 35649
>
> KnobValues     | {'maxInlineSize': 505}
> Statistics     | 101/200 took 39529ms - remaining ~3913sec
> FullState      | {'passedTime': 35643}
> ResultValue    | 35643
>
> KnobValues     | {'maxInlineSize': 510}
> Statistics     | 102/200 took 39587ms - remaining ~3879sec
> FullState      | {'passedTime': 35699}
> ResultValue    | 35699
>
> KnobValues     | {'maxInlineSize': 515}
> Statistics     | 103/200 took 39594ms - remaining ~3840sec
> FullState      | {'passedTime': 35706}
> ResultValue    | 35706
>
> KnobValues     | {'maxInlineSize': 520}
> Statistics     | 104/200 took 39563ms - remaining ~3798sec
> FullState      | {'passedTime': 35679}
> ResultValue    | 35679
>
> KnobValues     | {'maxInlineSize': 525}
> Statistics     | 105/200 took 39554ms - remaining ~3757sec
> FullState      | {'passedTime': 35671}
> ResultValue    | 35671
>
> KnobValues     | {'maxInlineSize': 530}
> Statistics     | 106/200 took 39589ms - remaining ~3721sec
> FullState      | {'passedTime': 35630}
> ResultValue    | 35630
>
> KnobValues     | {'maxInlineSize': 535}
> Statistics     | 107/200 took 39382ms - remaining ~3662sec
> FullState      | {'passedTime': 35406}
> ResultValue    | 35406
>
> KnobValues     | {'maxInlineSize': 540}
> Statistics     | 108/200 took 39658ms - remaining ~3648sec
> FullState      | {'passedTime': 35677}
> ResultValue    | 35677
>
> KnobValues     | {'maxInlineSize': 545}
> Statistics     | 109/200 took 39596ms - remaining ~3603sec
> FullState      | {'passedTime': 35615}
> ResultValue    | 35615
>
> KnobValues     | {'maxInlineSize': 550}
> Statistics     | 110/200 took 39586ms - remaining ~3562sec
> FullState      | {'passedTime': 35606}
> ResultValue    | 35606
>
> KnobValues     | {'maxInlineSize': 555}
> Statistics     | 111/200 took 39605ms - remaining ~3524sec
> FullState      | {'passedTime': 35622}
> ResultValue    | 35622
>
> KnobValues     | {'maxInlineSize': 560}
> Statistics     | 112/200 took 39588ms - remaining ~3483sec
> FullState      | {'passedTime': 35605}
> ResultValue    | 35605
>
> KnobValues     | {'maxInlineSize': 565}
> Statistics     | 113/200 took 40126ms - remaining ~3490sec
> FullState      | {'passedTime': 35869}
> ResultValue    | 35869
>
> KnobValues     | {'maxInlineSize': 570}
> Statistics     | 114/200 took 39862ms - remaining ~3428sec
> FullState      | {'passedTime': 35871}
> ResultValue    | 35871
>
> KnobValues     | {'maxInlineSize': 575}
> Statistics     | 115/200 took 39953ms - remaining ~3396sec
> FullState      | {'passedTime': 35977}
> ResultValue    | 35977
>
> KnobValues     | {'maxInlineSize': 580}
> Statistics     | 116/200 took 40411ms - remaining ~3394sec
> FullState      | {'passedTime': 36426}
> ResultValue    | 36426
>
> KnobValues     | {'maxInlineSize': 585}
> Statistics     | 117/200 took 40002ms - remaining ~3320sec
> FullState      | {'passedTime': 36025}
> ResultValue    | 36025
>
> KnobValues     | {'maxInlineSize': 590}
> Statistics     | 118/200 took 40297ms - remaining ~3304sec
> FullState      | {'passedTime': 36126}
> ResultValue    | 36126
>
> KnobValues     | {'maxInlineSize': 595}
> Statistics     | 119/200 took 39879ms - remaining ~3230sec
> FullState      | {'passedTime': 35702}
> ResultValue    | 35702
>
> KnobValues     | {'maxInlineSize': 600}
> Statistics     | 120/200 took 39677ms - remaining ~3174sec
> FullState      | {'passedTime': 35500}
> ResultValue    | 35500
>
> KnobValues     | {'maxInlineSize': 605}
> Statistics     | 121/200 took 40261ms - remaining ~3180sec
> FullState      | {'passedTime': 36085}
> ResultValue    | 36085
>
> KnobValues     | {'maxInlineSize': 610}
> Statistics     | 122/200 took 39958ms - remaining ~3116sec
> FullState      | {'passedTime': 35785}
> ResultValue    | 35785
>
> KnobValues     | {'maxInlineSize': 615}
> Statistics     | 123/200 took 39951ms - remaining ~3076sec
> FullState      | {'passedTime': 35776}
> ResultValue    | 35776
>
> KnobValues     | {'maxInlineSize': 620}
> Statistics     | 124/200 took 39656ms - remaining ~3013sec
> FullState      | {'passedTime': 35467}
> ResultValue    | 35467
>
> KnobValues     | {'maxInlineSize': 625}
> Statistics     | 125/200 took 40026ms - remaining ~3001sec
> FullState      | {'passedTime': 35844}
> ResultValue    | 35844
>
> KnobValues     | {'maxInlineSize': 630}
> Statistics     | 126/200 took 39972ms - remaining ~2957sec
> FullState      | {'passedTime': 35741}
> ResultValue    | 35741
>
> KnobValues     | {'maxInlineSize': 635}
> Statistics     | 127/200 took 39466ms - remaining ~2881sec
> FullState      | {'passedTime': 35232}
> ResultValue    | 35232
>
> KnobValues     | {'maxInlineSize': 640}
> Statistics     | 128/200 took 40139ms - remaining ~2890sec
> FullState      | {'passedTime': 35884}
> ResultValue    | 35884
>
> KnobValues     | {'maxInlineSize': 645}
> Statistics     | 129/200 took 39881ms - remaining ~2831sec
> FullState      | {'passedTime': 35625}
> ResultValue    | 35625
>
> KnobValues     | {'maxInlineSize': 650}
> Statistics     | 130/200 took 40158ms - remaining ~2811sec
> FullState      | {'passedTime': 35909}
> ResultValue    | 35909
>
> KnobValues     | {'maxInlineSize': 655}
> Statistics     | 131/200 took 40029ms - remaining ~2762sec
> FullState      | {'passedTime': 35773}
> ResultValue    | 35773
>
> KnobValues     | {'maxInlineSize': 660}
> Statistics     | 132/200 took 40118ms - remaining ~2728sec
> FullState      | {'passedTime': 35861}
> ResultValue    | 35861
>
> KnobValues     | {'maxInlineSize': 665}
> Statistics     | 133/200 took 39669ms - remaining ~2657sec
> FullState      | {'passedTime': 35413}
> ResultValue    | 35413
>
> KnobValues     | {'maxInlineSize': 670}
> Statistics     | 134/200 took 39889ms - remaining ~2632sec
> FullState      | {'passedTime': 35636}
> ResultValue    | 35636
>
> KnobValues     | {'maxInlineSize': 675}
> Statistics     | 135/200 took 40002ms - remaining ~2600sec
> FullState      | {'passedTime': 35733}
> ResultValue    | 35733
>
> KnobValues     | {'maxInlineSize': 680}
> Statistics     | 136/200 took 40377ms - remaining ~2584sec
> FullState      | {'passedTime': 36116}
> ResultValue    | 36116
>
> KnobValues     | {'maxInlineSize': 685}
> Statistics     | 137/200 took 40271ms - remaining ~2537sec
> FullState      | {'passedTime': 36006}
> ResultValue    | 36006
>
> KnobValues     | {'maxInlineSize': 690}
> Statistics     | 138/200 took 39973ms - remaining ~2478sec
> FullState      | {'passedTime': 35712}
> ResultValue    | 35712
>
> KnobValues     | {'maxInlineSize': 695}
> Statistics     | 139/200 took 39821ms - remaining ~2429sec
> FullState      | {'passedTime': 35557}
> ResultValue    | 35557
>
> KnobValues     | {'maxInlineSize': 700}
> Statistics     | 140/200 took 40328ms - remaining ~2419sec
> FullState      | {'passedTime': 36037}
> ResultValue    | 36037
>
> KnobValues     | {'maxInlineSize': 705}
> Statistics     | 141/200 took 40592ms - remaining ~2394sec
> FullState      | {'passedTime': 36026}
> ResultValue    | 36026
>
> KnobValues     | {'maxInlineSize': 710}
> Statistics     | 142/200 took 40187ms - remaining ~2330sec
> FullState      | {'passedTime': 35892}
> ResultValue    | 35892
>
> KnobValues     | {'maxInlineSize': 715}
> Statistics     | 143/200 took 40486ms - remaining ~2307sec
> FullState      | {'passedTime': 36183}
> ResultValue    | 36183
>
> KnobValues     | {'maxInlineSize': 720}
> Statistics     | 144/200 took 40394ms - remaining ~2262sec
> FullState      | {'passedTime': 36101}
> ResultValue    | 36101
>
> KnobValues     | {'maxInlineSize': 725}
> Statistics     | 145/200 took 40546ms - remaining ~2230sec
> FullState      | {'passedTime': 36243}
> ResultValue    | 36243
>
> KnobValues     | {'maxInlineSize': 730}
> Statistics     | 146/200 took 40364ms - remaining ~2179sec
> FullState      | {'passedTime': 36062}
> ResultValue    | 36062
>
> KnobValues     | {'maxInlineSize': 735}
> Statistics     | 147/200 took 40354ms - remaining ~2138sec
> FullState      | {'passedTime': 36057}
> ResultValue    | 36057
>
> KnobValues     | {'maxInlineSize': 740}
> Statistics     | 148/200 took 40625ms - remaining ~2112sec
> FullState      | {'passedTime': 36322}
> ResultValue    | 36322
>
> KnobValues     | {'maxInlineSize': 745}
> Statistics     | 149/200 took 40834ms - remaining ~2082sec
> FullState      | {'passedTime': 36531}
> ResultValue    | 36531
>
> KnobValues     | {'maxInlineSize': 750}
> Statistics     | 150/200 took 40935ms - remaining ~2046sec
> FullState      | {'passedTime': 36629}
> ResultValue    | 36629
>
> KnobValues     | {'maxInlineSize': 755}
> Statistics     | 151/200 took 40577ms - remaining ~1988sec
> FullState      | {'passedTime': 36275}
> ResultValue    | 36275
>
> KnobValues     | {'maxInlineSize': 760}
> Statistics     | 152/200 took 39712ms - remaining ~1906sec
> FullState      | {'passedTime': 35405}
> ResultValue    | 35405
>
> KnobValues     | {'maxInlineSize': 765}
> Statistics     | 153/200 took 40314ms - remaining ~1894sec
> FullState      | {'passedTime': 36012}
> ResultValue    | 36012
>
> KnobValues     | {'maxInlineSize': 770}
> Statistics     | 154/200 took 40845ms - remaining ~1878sec
> FullState      | {'passedTime': 36537}
> ResultValue    | 36537
>
> KnobValues     | {'maxInlineSize': 775}
> Statistics     | 155/200 took 40571ms - remaining ~1825sec
> FullState      | {'passedTime': 36262}
> ResultValue    | 36262
>
> KnobValues     | {'maxInlineSize': 780}
> Statistics     | 156/200 took 41013ms - remaining ~1804sec
> FullState      | {'passedTime': 36693}
> ResultValue    | 36693
>
> KnobValues     | {'maxInlineSize': 785}
> Statistics     | 157/200 took 40750ms - remaining ~1752sec
> FullState      | {'passedTime': 36426}
> ResultValue    | 36426
>
> KnobValues     | {'maxInlineSize': 790}
> Statistics     | 158/200 took 40498ms - remaining ~1700sec
> FullState      | {'passedTime': 36189}
> ResultValue    | 36189
>
> KnobValues     | {'maxInlineSize': 795}
> Statistics     | 159/200 took 41130ms - remaining ~1686sec
> FullState      | {'passedTime': 36813}
> ResultValue    | 36813
>
> KnobValues     | {'maxInlineSize': 800}
> Statistics     | 160/200 took 41111ms - remaining ~1644sec
> FullState      | {'passedTime': 36798}
> ResultValue    | 36798
>
> KnobValues     | {'maxInlineSize': 805}
> Statistics     | 161/200 took 41027ms - remaining ~1600sec
> FullState      | {'passedTime': 36715}
> ResultValue    | 36715
>
> KnobValues     | {'maxInlineSize': 810}
> Statistics     | 162/200 took 40641ms - remaining ~1544sec
> FullState      | {'passedTime': 36333}
> ResultValue    | 36333
>
> KnobValues     | {'maxInlineSize': 815}
> Statistics     | 163/200 took 40635ms - remaining ~1503sec
> FullState      | {'passedTime': 36326}
> ResultValue    | 36326
>
> KnobValues     | {'maxInlineSize': 820}
> Statistics     | 164/200 took 40762ms - remaining ~1467sec
> FullState      | {'passedTime': 36453}
> ResultValue    | 36453
>
> KnobValues     | {'maxInlineSize': 825}
> Statistics     | 165/200 took 40780ms - remaining ~1427sec
> FullState      | {'passedTime': 36466}
> ResultValue    | 36466
>
> KnobValues     | {'maxInlineSize': 830}
> Statistics     | 166/200 took 40426ms - remaining ~1374sec
> FullState      | {'passedTime': 36105}
> ResultValue    | 36105
>
> KnobValues     | {'maxInlineSize': 835}
> Statistics     | 167/200 took 40704ms - remaining ~1343sec
> FullState      | {'passedTime': 36381}
> ResultValue    | 36381
>
> KnobValues     | {'maxInlineSize': 840}
> Statistics     | 168/200 took 39878ms - remaining ~1276sec
> FullState      | {'passedTime': 35561}
> ResultValue    | 35561
>
> KnobValues     | {'maxInlineSize': 845}
> Statistics     | 169/200 took 40358ms - remaining ~1251sec
> FullState      | {'passedTime': 36039}
> ResultValue    | 36039
>
> KnobValues     | {'maxInlineSize': 850}
> Statistics     | 170/200 took 40387ms - remaining ~1211sec
> FullState      | {'passedTime': 36073}
> ResultValue    | 36073
>
> KnobValues     | {'maxInlineSize': 855}
> Statistics     | 171/200 took 40815ms - remaining ~1183sec
> FullState      | {'passedTime': 36512}
> ResultValue    | 36512
>
> KnobValues     | {'maxInlineSize': 860}
> Statistics     | 172/200 took 40558ms - remaining ~1135sec
> FullState      | {'passedTime': 36255}
> ResultValue    | 36255
>
> KnobValues     | {'maxInlineSize': 865}
> Statistics     | 173/200 took 40938ms - remaining ~1105sec
> FullState      | {'passedTime': 36636}
> ResultValue    | 36636
>
> KnobValues     | {'maxInlineSize': 870}
> Statistics     | 174/200 took 40959ms - remaining ~1064sec
> FullState      | {'passedTime': 36654}
> ResultValue    | 36654
>
> KnobValues     | {'maxInlineSize': 875}
> Statistics     | 175/200 took 40871ms - remaining ~1021sec
> FullState      | {'passedTime': 36570}
> ResultValue    | 36570
>
> KnobValues     | {'maxInlineSize': 880}
> Statistics     | 176/200 took 40379ms - remaining ~969sec
> FullState      | {'passedTime': 36080}
> ResultValue    | 36080
>
> KnobValues     | {'maxInlineSize': 885}
> Statistics     | 177/200 took 40739ms - remaining ~936sec
> FullState      | {'passedTime': 36442}
> ResultValue    | 36442
>
> KnobValues     | {'maxInlineSize': 890}
> Statistics     | 178/200 took 40919ms - remaining ~900sec
> FullState      | {'passedTime': 36617}
> ResultValue    | 36617
>
> KnobValues     | {'maxInlineSize': 895}
> Statistics     | 179/200 took 41279ms - remaining ~866sec
> FullState      | {'passedTime': 36973}
> ResultValue    | 36973
>
> KnobValues     | {'maxInlineSize': 900}
> Statistics     | 180/200 took 40908ms - remaining ~818sec
> FullState      | {'passedTime': 36609}
> ResultValue    | 36609
>
> KnobValues     | {'maxInlineSize': 905}
> Statistics     | 181/200 took 41098ms - remaining ~780sec
> FullState      | {'passedTime': 36793}
> ResultValue    | 36793
>
> KnobValues     | {'maxInlineSize': 910}
> Statistics     | 182/200 took 40151ms - remaining ~722sec
> FullState      | {'passedTime': 35848}
> ResultValue    | 35848
>
> KnobValues     | {'maxInlineSize': 915}
> Statistics     | 183/200 took 40374ms - remaining ~686sec
> FullState      | {'passedTime': 36069}
> ResultValue    | 36069
>
> KnobValues     | {'maxInlineSize': 920}
> Statistics     | 184/200 took 40749ms - remaining ~651sec
> FullState      | {'passedTime': 36444}
> ResultValue    | 36444
>
> KnobValues     | {'maxInlineSize': 925}
> Statistics     | 185/200 took 41249ms - remaining ~618sec
> FullState      | {'passedTime': 36909}
> ResultValue    | 36909
>
> KnobValues     | {'maxInlineSize': 930}
> Statistics     | 186/200 took 40836ms - remaining ~571sec
> FullState      | {'passedTime': 36503}
> ResultValue    | 36503
>
> KnobValues     | {'maxInlineSize': 935}
> Statistics     | 187/200 took 41099ms - remaining ~534sec
> FullState      | {'passedTime': 36766}
> ResultValue    | 36766
>
> KnobValues     | {'maxInlineSize': 940}
> Statistics     | 188/200 took 40445ms - remaining ~485sec
> FullState      | {'passedTime': 36108}
> ResultValue    | 36108
>
> KnobValues     | {'maxInlineSize': 945}
> Statistics     | 189/200 took 40459ms - remaining ~445sec
> FullState      | {'passedTime': 36120}
> ResultValue    | 36120
>
> KnobValues     | {'maxInlineSize': 950}
> Statistics     | 190/200 took 41248ms - remaining ~412sec
> FullState      | {'passedTime': 36899}
> ResultValue    | 36899
>
> KnobValues     | {'maxInlineSize': 955}
> Statistics     | 191/200 took 40683ms - remaining ~366sec
> FullState      | {'passedTime': 36345}
> ResultValue    | 36345
>
> KnobValues     | {'maxInlineSize': 960}
> Statistics     | 192/200 took 41108ms - remaining ~328sec
> FullState      | {'passedTime': 36768}
> ResultValue    | 36768
>
> KnobValues     | {'maxInlineSize': 965}
> Statistics     | 193/200 took 41248ms - remaining ~288sec
> FullState      | {'passedTime': 36910}
> ResultValue    | 36910
>
> KnobValues     | {'maxInlineSize': 970}
> Statistics     | 194/200 took 40612ms - remaining ~243sec
> FullState      | {'passedTime': 36280}
> ResultValue    | 36280
>
> KnobValues     | {'maxInlineSize': 975}
> Statistics     | 195/200 took 40690ms - remaining ~203sec
> FullState      | {'passedTime': 36361}
> ResultValue    | 36361
>
> KnobValues     | {'maxInlineSize': 980}
> Statistics     | 196/200 took 40848ms - remaining ~163sec
> FullState      | {'passedTime': 36515}
> ResultValue    | 36515
>
> KnobValues     | {'maxInlineSize': 985}
> Statistics     | 197/200 took 40864ms - remaining ~122sec
> FullState      | {'passedTime': 36529}
> ResultValue    | 36529
>
> KnobValues     | {'maxInlineSize': 990}
> Statistics     | 198/200 took 40430ms - remaining ~80sec
> FullState      | {'passedTime': 36104}
> ResultValue    | 36104
>
> KnobValues     | {'maxInlineSize': 995}
> Statistics     | 199/200 took 40829ms - remaining ~40sec
> FullState      | {'passedTime': 36505}
> ResultValue    | 36505
>
> KnobValues     | {'maxInlineSize': 1000}
> Statistics     | 200/200 took 41110ms - remaining ~0sec
> FullState      | {'passedTime': 36788}
> ResultValue    | 36788
>
> Finished workflow
######################################
> Reporting on   | SingleRun-2a-Inlining-size
> Found 1 knob, creating scatter plot...
> Plot saved at scenarios/singleRun/1a-inlining-size/2018-06-18_01-32-30/scatter_plot.png
