
> Do VMTouch Prepare
           Files: 8973
     Directories: 1321
   Touched Pages: 241393 (942M)
         Elapsed: 0.78548 seconds

> Starting RTX experiment...
######################################
> Workflow       | SingleRun-1-Inlining-level-size
> ExecStrategy   | Step
> Steps Created  | Count: 209
>
> KnobValues     | {'maxInlineSize': 10, 'maxInlineLevel': 5}
> Statistics     | 1/209 took 31894ms - remaining ~6633sec
> FullState      | {'passedTime': 30916}
> ResultValue    | 30916
>
> KnobValues     | {'maxInlineSize': 10, 'maxInlineLevel': 6}
> Statistics     | 2/209 took 31802ms - remaining ~6583sec
> FullState      | {'passedTime': 30826}
> ResultValue    | 30826
>
> KnobValues     | {'maxInlineSize': 10, 'maxInlineLevel': 7}
> Statistics     | 3/209 took 31842ms - remaining ~6559sec
> FullState      | {'passedTime': 30859}
> ResultValue    | 30859
>
> KnobValues     | {'maxInlineSize': 10, 'maxInlineLevel': 8}
> Statistics     | 4/209 took 31862ms - remaining ~6531sec
> FullState      | {'passedTime': 30883}
> ResultValue    | 30883
>
> KnobValues     | {'maxInlineSize': 10, 'maxInlineLevel': 9}
> Statistics     | 5/209 took 31623ms - remaining ~6451sec
> FullState      | {'passedTime': 30639}
> ResultValue    | 30639
>
> KnobValues     | {'maxInlineSize': 10, 'maxInlineLevel': 10}
> Statistics     | 6/209 took 31559ms - remaining ~6406sec
> FullState      | {'passedTime': 30576}
> ResultValue    | 30576
>
> KnobValues     | {'maxInlineSize': 10, 'maxInlineLevel': 11}
> Statistics     | 7/209 took 31727ms - remaining ~6408sec
> FullState      | {'passedTime': 30742}
> ResultValue    | 30742
>
> KnobValues     | {'maxInlineSize': 10, 'maxInlineLevel': 12}
> Statistics     | 8/209 took 31811ms - remaining ~6394sec
> FullState      | {'passedTime': 30831}
> ResultValue    | 30831
>
> KnobValues     | {'maxInlineSize': 10, 'maxInlineLevel': 13}
> Statistics     | 9/209 took 31611ms - remaining ~6322sec
> FullState      | {'passedTime': 30630}
> ResultValue    | 30630
>
> KnobValues     | {'maxInlineSize': 10, 'maxInlineLevel': 14}
> Statistics     | 10/209 took 31623ms - remaining ~6292sec
> FullState      | {'passedTime': 30646}
> ResultValue    | 30646
>
> KnobValues     | {'maxInlineSize': 10, 'maxInlineLevel': 15}
> Statistics     | 11/209 took 31891ms - remaining ~6314sec
> FullState      | {'passedTime': 30910}
> ResultValue    | 30910
>
> KnobValues     | {'maxInlineSize': 15, 'maxInlineLevel': 5}
> Statistics     | 12/209 took 32220ms - remaining ~6347sec
> FullState      | {'passedTime': 31240}
> ResultValue    | 31240
>
> KnobValues     | {'maxInlineSize': 15, 'maxInlineLevel': 6}
> Statistics     | 13/209 took 31861ms - remaining ~6244sec
> FullState      | {'passedTime': 30877}
> ResultValue    | 30877
>
> KnobValues     | {'maxInlineSize': 15, 'maxInlineLevel': 7}
> Statistics     | 14/209 took 31983ms - remaining ~6236sec
> FullState      | {'passedTime': 31005}
> ResultValue    | 31005
>
> KnobValues     | {'maxInlineSize': 15, 'maxInlineLevel': 8}
> Statistics     | 15/209 took 31817ms - remaining ~6172sec
> FullState      | {'passedTime': 30839}
> ResultValue    | 30839
>
> KnobValues     | {'maxInlineSize': 15, 'maxInlineLevel': 9}
> Statistics     | 16/209 took 32113ms - remaining ~6197sec
> FullState      | {'passedTime': 31124}
> ResultValue    | 31124
>
> KnobValues     | {'maxInlineSize': 15, 'maxInlineLevel': 10}
> Statistics     | 17/209 took 32054ms - remaining ~6154sec
> FullState      | {'passedTime': 31074}
> ResultValue    | 31074
>
> KnobValues     | {'maxInlineSize': 15, 'maxInlineLevel': 11}
> Statistics     | 18/209 took 31959ms - remaining ~6104sec
> FullState      | {'passedTime': 30973}
> ResultValue    | 30973
>
> KnobValues     | {'maxInlineSize': 15, 'maxInlineLevel': 12}
> Statistics     | 19/209 took 31741ms - remaining ~6030sec
> FullState      | {'passedTime': 30751}
> ResultValue    | 30751
>
> KnobValues     | {'maxInlineSize': 15, 'maxInlineLevel': 13}
> Statistics     | 20/209 took 31961ms - remaining ~6040sec
> FullState      | {'passedTime': 30976}
> ResultValue    | 30976
>
> KnobValues     | {'maxInlineSize': 15, 'maxInlineLevel': 14}
> Statistics     | 21/209 took 32003ms - remaining ~6016sec
> FullState      | {'passedTime': 31018}
> ResultValue    | 31018
>
> KnobValues     | {'maxInlineSize': 15, 'maxInlineLevel': 15}
> Statistics     | 22/209 took 32071ms - remaining ~5997sec
> FullState      | {'passedTime': 31086}
> ResultValue    | 31086
>
> KnobValues     | {'maxInlineSize': 20, 'maxInlineLevel': 5}
> Statistics     | 23/209 took 32110ms - remaining ~5972sec
> FullState      | {'passedTime': 31116}
> ResultValue    | 31116
>
> KnobValues     | {'maxInlineSize': 20, 'maxInlineLevel': 6}
> Statistics     | 24/209 took 32323ms - remaining ~5979sec
> FullState      | {'passedTime': 31325}
> ResultValue    | 31325
>
> KnobValues     | {'maxInlineSize': 20, 'maxInlineLevel': 7}
> Statistics     | 25/209 took 31791ms - remaining ~5849sec
> FullState      | {'passedTime': 30799}
> ResultValue    | 30799
>
> KnobValues     | {'maxInlineSize': 20, 'maxInlineLevel': 8}
> Statistics     | 26/209 took 32199ms - remaining ~5892sec
> FullState      | {'passedTime': 31205}
> ResultValue    | 31205
>
> KnobValues     | {'maxInlineSize': 20, 'maxInlineLevel': 9}
> Statistics     | 27/209 took 32169ms - remaining ~5854sec
> FullState      | {'passedTime': 31181}
> ResultValue    | 31181
>
> KnobValues     | {'maxInlineSize': 20, 'maxInlineLevel': 10}
> Statistics     | 28/209 took 32147ms - remaining ~5818sec
> FullState      | {'passedTime': 31158}
> ResultValue    | 31158
>
> KnobValues     | {'maxInlineSize': 20, 'maxInlineLevel': 11}
> Statistics     | 29/209 took 32051ms - remaining ~5769sec
> FullState      | {'passedTime': 31065}
> ResultValue    | 31065
>
> KnobValues     | {'maxInlineSize': 20, 'maxInlineLevel': 12}
> Statistics     | 30/209 took 32157ms - remaining ~5756sec
> FullState      | {'passedTime': 31167}
> ResultValue    | 31167
>
> KnobValues     | {'maxInlineSize': 20, 'maxInlineLevel': 13}
> Statistics     | 31/209 took 31792ms - remaining ~5658sec
> FullState      | {'passedTime': 30802}
> ResultValue    | 30802
>
> KnobValues     | {'maxInlineSize': 20, 'maxInlineLevel': 14}
> Statistics     | 32/209 took 31859ms - remaining ~5639sec
> FullState      | {'passedTime': 30870}
> ResultValue    | 30870
>
> KnobValues     | {'maxInlineSize': 20, 'maxInlineLevel': 15}
> Statistics     | 33/209 took 31894ms - remaining ~5613sec
> FullState      | {'passedTime': 30904}
> ResultValue    | 30904
>
> KnobValues     | {'maxInlineSize': 25, 'maxInlineLevel': 5}
> Statistics     | 34/209 took 31945ms - remaining ~5590sec
> FullState      | {'passedTime': 30934}
> ResultValue    | 30934
>
> KnobValues     | {'maxInlineSize': 25, 'maxInlineLevel': 6}
> Statistics     | 35/209 took 32100ms - remaining ~5585sec
> FullState      | {'passedTime': 31087}
> ResultValue    | 31087
>
> KnobValues     | {'maxInlineSize': 25, 'maxInlineLevel': 7}
> Statistics     | 36/209 took 32242ms - remaining ~5577sec
> FullState      | {'passedTime': 31231}
> ResultValue    | 31231
>
> KnobValues     | {'maxInlineSize': 25, 'maxInlineLevel': 8}
> Statistics     | 37/209 took 31964ms - remaining ~5497sec
> FullState      | {'passedTime': 30955}
> ResultValue    | 30955
>
> KnobValues     | {'maxInlineSize': 25, 'maxInlineLevel': 9}
> Statistics     | 38/209 took 32292ms - remaining ~5521sec
> FullState      | {'passedTime': 31283}
> ResultValue    | 31283
>
> KnobValues     | {'maxInlineSize': 25, 'maxInlineLevel': 10}
> Statistics     | 39/209 took 32273ms - remaining ~5486sec
> FullState      | {'passedTime': 31266}
> ResultValue    | 31266
>
> KnobValues     | {'maxInlineSize': 25, 'maxInlineLevel': 11}
> Statistics     | 40/209 took 31961ms - remaining ~5401sec
> FullState      | {'passedTime': 30956}
> ResultValue    | 30956
>
> KnobValues     | {'maxInlineSize': 25, 'maxInlineLevel': 12}
> Statistics     | 41/209 took 32268ms - remaining ~5421sec
> FullState      | {'passedTime': 31257}
> ResultValue    | 31257
>
> KnobValues     | {'maxInlineSize': 25, 'maxInlineLevel': 13}
> Statistics     | 42/209 took 32118ms - remaining ~5363sec
> FullState      | {'passedTime': 31114}
> ResultValue    | 31114
>
> KnobValues     | {'maxInlineSize': 25, 'maxInlineLevel': 14}
> Statistics     | 43/209 took 32072ms - remaining ~5323sec
> FullState      | {'passedTime': 31063}
> ResultValue    | 31063
>
> KnobValues     | {'maxInlineSize': 25, 'maxInlineLevel': 15}
> Statistics     | 44/209 took 31984ms - remaining ~5277sec
> FullState      | {'passedTime': 30966}
> ResultValue    | 30966
>
> KnobValues     | {'maxInlineSize': 30, 'maxInlineLevel': 5}
> Statistics     | 45/209 took 31750ms - remaining ~5207sec
> FullState      | {'passedTime': 30724}
> ResultValue    | 30724
>
> KnobValues     | {'maxInlineSize': 30, 'maxInlineLevel': 6}
> Statistics     | 46/209 took 32044ms - remaining ~5223sec
> FullState      | {'passedTime': 31022}
> ResultValue    | 31022
>
> KnobValues     | {'maxInlineSize': 30, 'maxInlineLevel': 7}
> Statistics     | 47/209 took 31942ms - remaining ~5174sec
> FullState      | {'passedTime': 30914}
> ResultValue    | 30914
>
> KnobValues     | {'maxInlineSize': 30, 'maxInlineLevel': 8}
> Statistics     | 48/209 took 31684ms - remaining ~5101sec
> FullState      | {'passedTime': 30660}
> ResultValue    | 30660
>
> KnobValues     | {'maxInlineSize': 30, 'maxInlineLevel': 9}
> Statistics     | 49/209 took 32085ms - remaining ~5133sec
> FullState      | {'passedTime': 31063}
> ResultValue    | 31063
>
> KnobValues     | {'maxInlineSize': 30, 'maxInlineLevel': 10}
> Statistics     | 50/209 took 31972ms - remaining ~5083sec
> FullState      | {'passedTime': 30940}
> ResultValue    | 30940
>
> KnobValues     | {'maxInlineSize': 30, 'maxInlineLevel': 11}
> Statistics     | 51/209 took 31941ms - remaining ~5046sec
> FullState      | {'passedTime': 30917}
> ResultValue    | 30917
>
> KnobValues     | {'maxInlineSize': 30, 'maxInlineLevel': 12}
> Statistics     | 52/209 took 32063ms - remaining ~5033sec
> FullState      | {'passedTime': 31033}
> ResultValue    | 31033
>
> KnobValues     | {'maxInlineSize': 30, 'maxInlineLevel': 13}
> Statistics     | 53/209 took 32068ms - remaining ~5002sec
> FullState      | {'passedTime': 31049}
> ResultValue    | 31049
>
> KnobValues     | {'maxInlineSize': 30, 'maxInlineLevel': 14}
> Statistics     | 54/209 took 31974ms - remaining ~4955sec
> FullState      | {'passedTime': 30943}
> ResultValue    | 30943
>
> KnobValues     | {'maxInlineSize': 30, 'maxInlineLevel': 15}
> Statistics     | 55/209 took 32040ms - remaining ~4934sec
> FullState      | {'passedTime': 31013}
> ResultValue    | 31013
>
> KnobValues     | {'maxInlineSize': 35, 'maxInlineLevel': 5}
> Statistics     | 56/209 took 31447ms - remaining ~4811sec
> FullState      | {'passedTime': 30403}
> ResultValue    | 30403
>
> KnobValues     | {'maxInlineSize': 35, 'maxInlineLevel': 6}
> Statistics     | 57/209 took 31396ms - remaining ~4772sec
> FullState      | {'passedTime': 30349}
> ResultValue    | 30349
>
> KnobValues     | {'maxInlineSize': 35, 'maxInlineLevel': 7}
> Statistics     | 58/209 took 31538ms - remaining ~4762sec
> FullState      | {'passedTime': 30496}
> ResultValue    | 30496
>
> KnobValues     | {'maxInlineSize': 35, 'maxInlineLevel': 8}
> Statistics     | 59/209 took 31668ms - remaining ~4750sec
> FullState      | {'passedTime': 30623}
> ResultValue    | 30623
>
> KnobValues     | {'maxInlineSize': 35, 'maxInlineLevel': 9}
> Statistics     | 60/209 took 31382ms - remaining ~4675sec
> FullState      | {'passedTime': 30330}
> ResultValue    | 30330
>
> KnobValues     | {'maxInlineSize': 35, 'maxInlineLevel': 10}
> Statistics     | 61/209 took 31670ms - remaining ~4687sec
> FullState      | {'passedTime': 30628}
> ResultValue    | 30628
>
> KnobValues     | {'maxInlineSize': 35, 'maxInlineLevel': 11}
> Statistics     | 62/209 took 31556ms - remaining ~4638sec
> FullState      | {'passedTime': 30506}
> ResultValue    | 30506
>
> KnobValues     | {'maxInlineSize': 35, 'maxInlineLevel': 12}
> Statistics     | 63/209 took 31332ms - remaining ~4574sec
> FullState      | {'passedTime': 30279}
> ResultValue    | 30279
>
> KnobValues     | {'maxInlineSize': 35, 'maxInlineLevel': 13}
> Statistics     | 64/209 took 31300ms - remaining ~4538sec
> FullState      | {'passedTime': 30257}
> ResultValue    | 30257
>
> KnobValues     | {'maxInlineSize': 35, 'maxInlineLevel': 14}
> Statistics     | 65/209 took 31596ms - remaining ~4549sec
> FullState      | {'passedTime': 30548}
> ResultValue    | 30548
>
> KnobValues     | {'maxInlineSize': 35, 'maxInlineLevel': 15}
> Statistics     | 66/209 took 31562ms - remaining ~4513sec
> FullState      | {'passedTime': 30522}
> ResultValue    | 30522
>
> KnobValues     | {'maxInlineSize': 40, 'maxInlineLevel': 5}
> Statistics     | 67/209 took 31466ms - remaining ~4468sec
> FullState      | {'passedTime': 30414}
> ResultValue    | 30414
>
> KnobValues     | {'maxInlineSize': 40, 'maxInlineLevel': 6}
> Statistics     | 68/209 took 31464ms - remaining ~4436sec
> FullState      | {'passedTime': 30409}
> ResultValue    | 30409
>
> KnobValues     | {'maxInlineSize': 40, 'maxInlineLevel': 7}
> Statistics     | 69/209 took 31356ms - remaining ~4389sec
> FullState      | {'passedTime': 30295}
> ResultValue    | 30295
>
> KnobValues     | {'maxInlineSize': 40, 'maxInlineLevel': 8}
> Statistics     | 70/209 took 31548ms - remaining ~4385sec
> FullState      | {'passedTime': 30450}
> ResultValue    | 30450
>
> KnobValues     | {'maxInlineSize': 40, 'maxInlineLevel': 9}
> Statistics     | 71/209 took 31329ms - remaining ~4323sec
> FullState      | {'passedTime': 30277}
> ResultValue    | 30277
>
> KnobValues     | {'maxInlineSize': 40, 'maxInlineLevel': 10}
> Statistics     | 72/209 took 31510ms - remaining ~4316sec
> FullState      | {'passedTime': 30455}
> ResultValue    | 30455
>
> KnobValues     | {'maxInlineSize': 40, 'maxInlineLevel': 11}
> Statistics     | 73/209 took 31548ms - remaining ~4290sec
> FullState      | {'passedTime': 30492}
> ResultValue    | 30492
>
> KnobValues     | {'maxInlineSize': 40, 'maxInlineLevel': 12}
> Statistics     | 74/209 took 31522ms - remaining ~4255sec
> FullState      | {'passedTime': 30460}
> ResultValue    | 30460
>
> KnobValues     | {'maxInlineSize': 40, 'maxInlineLevel': 13}
> Statistics     | 75/209 took 31351ms - remaining ~4201sec
> FullState      | {'passedTime': 30289}
> ResultValue    | 30289
>
> KnobValues     | {'maxInlineSize': 40, 'maxInlineLevel': 14}
> Statistics     | 76/209 took 31520ms - remaining ~4192sec
> FullState      | {'passedTime': 30470}
> ResultValue    | 30470
>
> KnobValues     | {'maxInlineSize': 40, 'maxInlineLevel': 15}
> Statistics     | 77/209 took 31565ms - remaining ~4166sec
> FullState      | {'passedTime': 30458}
> ResultValue    | 30458
>
> KnobValues     | {'maxInlineSize': 45, 'maxInlineLevel': 5}
> Statistics     | 78/209 took 31861ms - remaining ~4173sec
> FullState      | {'passedTime': 30787}
> ResultValue    | 30787
>
> KnobValues     | {'maxInlineSize': 45, 'maxInlineLevel': 6}
> Statistics     | 79/209 took 31627ms - remaining ~4111sec
> FullState      | {'passedTime': 30544}
> ResultValue    | 30544
>
> KnobValues     | {'maxInlineSize': 45, 'maxInlineLevel': 7}
> Statistics     | 80/209 took 31949ms - remaining ~4121sec
> FullState      | {'passedTime': 30874}
> ResultValue    | 30874
>
> KnobValues     | {'maxInlineSize': 45, 'maxInlineLevel': 8}
> Statistics     | 81/209 took 31979ms - remaining ~4093sec
> FullState      | {'passedTime': 30895}
> ResultValue    | 30895
>
> KnobValues     | {'maxInlineSize': 45, 'maxInlineLevel': 9}
> Statistics     | 82/209 took 31967ms - remaining ~4059sec
> FullState      | {'passedTime': 30890}
> ResultValue    | 30890
>
> KnobValues     | {'maxInlineSize': 45, 'maxInlineLevel': 10}
> Statistics     | 83/209 took 32004ms - remaining ~4032sec
> FullState      | {'passedTime': 30923}
> ResultValue    | 30923
>
> KnobValues     | {'maxInlineSize': 45, 'maxInlineLevel': 11}
> Statistics     | 84/209 took 31993ms - remaining ~3999sec
> FullState      | {'passedTime': 30910}
> ResultValue    | 30910
>
> KnobValues     | {'maxInlineSize': 45, 'maxInlineLevel': 12}
> Statistics     | 85/209 took 32051ms - remaining ~3974sec
> FullState      | {'passedTime': 30973}
> ResultValue    | 30973
>
> KnobValues     | {'maxInlineSize': 45, 'maxInlineLevel': 13}
> Statistics     | 86/209 took 32067ms - remaining ~3944sec
> FullState      | {'passedTime': 30977}
> ResultValue    | 30977
>
> KnobValues     | {'maxInlineSize': 45, 'maxInlineLevel': 14}
> Statistics     | 87/209 took 31968ms - remaining ~3900sec
> FullState      | {'passedTime': 30886}
> ResultValue    | 30886
>
> KnobValues     | {'maxInlineSize': 45, 'maxInlineLevel': 15}
> Statistics     | 88/209 took 31988ms - remaining ~3870sec
> FullState      | {'passedTime': 30913}
> ResultValue    | 30913
>
> KnobValues     | {'maxInlineSize': 50, 'maxInlineLevel': 5}
> Statistics     | 89/209 took 31649ms - remaining ~3797sec
> FullState      | {'passedTime': 30543}
> ResultValue    | 30543
>
> KnobValues     | {'maxInlineSize': 50, 'maxInlineLevel': 6}
> Statistics     | 90/209 took 31946ms - remaining ~3801sec
> FullState      | {'passedTime': 30851}
> ResultValue    | 30851
>
> KnobValues     | {'maxInlineSize': 50, 'maxInlineLevel': 7}
> Statistics     | 91/209 took 31602ms - remaining ~3729sec
> FullState      | {'passedTime': 30497}
> ResultValue    | 30497
>
> KnobValues     | {'maxInlineSize': 50, 'maxInlineLevel': 8}
> Statistics     | 92/209 took 31654ms - remaining ~3703sec
> FullState      | {'passedTime': 30548}
> ResultValue    | 30548
>
> KnobValues     | {'maxInlineSize': 50, 'maxInlineLevel': 9}
> Statistics     | 93/209 took 31592ms - remaining ~3664sec
> FullState      | {'passedTime': 30490}
> ResultValue    | 30490
>
> KnobValues     | {'maxInlineSize': 50, 'maxInlineLevel': 10}
> Statistics     | 94/209 took 31374ms - remaining ~3608sec
> FullState      | {'passedTime': 30272}
> ResultValue    | 30272
>
> KnobValues     | {'maxInlineSize': 50, 'maxInlineLevel': 11}
> Statistics     | 95/209 took 31625ms - remaining ~3605sec
> FullState      | {'passedTime': 30527}
> ResultValue    | 30527
>
> KnobValues     | {'maxInlineSize': 50, 'maxInlineLevel': 12}
> Statistics     | 96/209 took 31668ms - remaining ~3578sec
> FullState      | {'passedTime': 30562}
> ResultValue    | 30562
>
> KnobValues     | {'maxInlineSize': 50, 'maxInlineLevel': 13}
> Statistics     | 97/209 took 31649ms - remaining ~3544sec
> FullState      | {'passedTime': 30542}
> ResultValue    | 30542
>
> KnobValues     | {'maxInlineSize': 50, 'maxInlineLevel': 14}
> Statistics     | 98/209 took 31604ms - remaining ~3508sec
> FullState      | {'passedTime': 30497}
> ResultValue    | 30497
>
> KnobValues     | {'maxInlineSize': 50, 'maxInlineLevel': 15}
> Statistics     | 99/209 took 31653ms - remaining ~3481sec
> FullState      | {'passedTime': 30546}
> ResultValue    | 30546
>
> KnobValues     | {'maxInlineSize': 55, 'maxInlineLevel': 5}
> Statistics     | 100/209 took 31871ms - remaining ~3473sec
> FullState      | {'passedTime': 30728}
> ResultValue    | 30728
>
> KnobValues     | {'maxInlineSize': 55, 'maxInlineLevel': 6}
> Statistics     | 101/209 took 31798ms - remaining ~3434sec
> FullState      | {'passedTime': 30657}
> ResultValue    | 30657
>
> KnobValues     | {'maxInlineSize': 55, 'maxInlineLevel': 7}
> Statistics     | 102/209 took 31619ms - remaining ~3383sec
> FullState      | {'passedTime': 30482}
> ResultValue    | 30482
>
> KnobValues     | {'maxInlineSize': 55, 'maxInlineLevel': 8}
> Statistics     | 103/209 took 31980ms - remaining ~3389sec
> FullState      | {'passedTime': 30842}
> ResultValue    | 30842
>
> KnobValues     | {'maxInlineSize': 55, 'maxInlineLevel': 9}
> Statistics     | 104/209 took 31985ms - remaining ~3358sec
> FullState      | {'passedTime': 30845}
> ResultValue    | 30845
>
> KnobValues     | {'maxInlineSize': 55, 'maxInlineLevel': 10}
> Statistics     | 105/209 took 31614ms - remaining ~3287sec
> FullState      | {'passedTime': 30476}
> ResultValue    | 30476
>
> KnobValues     | {'maxInlineSize': 55, 'maxInlineLevel': 11}
> Statistics     | 106/209 took 31608ms - remaining ~3255sec
> FullState      | {'passedTime': 30461}
> ResultValue    | 30461
>
> KnobValues     | {'maxInlineSize': 55, 'maxInlineLevel': 12}
> Statistics     | 107/209 took 31635ms - remaining ~3226sec
> FullState      | {'passedTime': 30494}
> ResultValue    | 30494
>
> KnobValues     | {'maxInlineSize': 55, 'maxInlineLevel': 13}
> Statistics     | 108/209 took 31968ms - remaining ~3228sec
> FullState      | {'passedTime': 30829}
> ResultValue    | 30829
>
> KnobValues     | {'maxInlineSize': 55, 'maxInlineLevel': 14}
> Statistics     | 109/209 took 31595ms - remaining ~3159sec
> FullState      | {'passedTime': 30452}
> ResultValue    | 30452
>
> KnobValues     | {'maxInlineSize': 55, 'maxInlineLevel': 15}
> Statistics     | 110/209 took 31954ms - remaining ~3163sec
> FullState      | {'passedTime': 30814}
> ResultValue    | 30814
>
> KnobValues     | {'maxInlineSize': 60, 'maxInlineLevel': 5}
> Statistics     | 111/209 took 32195ms - remaining ~3155sec
> FullState      | {'passedTime': 31036}
> ResultValue    | 31036
>
> KnobValues     | {'maxInlineSize': 60, 'maxInlineLevel': 6}
> Statistics     | 112/209 took 32527ms - remaining ~3155sec
> FullState      | {'passedTime': 31364}
> ResultValue    | 31364
>
> KnobValues     | {'maxInlineSize': 60, 'maxInlineLevel': 7}
> Statistics     | 113/209 took 31987ms - remaining ~3070sec
> FullState      | {'passedTime': 30831}
> ResultValue    | 30831
>
> KnobValues     | {'maxInlineSize': 60, 'maxInlineLevel': 8}
> Statistics     | 114/209 took 32311ms - remaining ~3069sec
> FullState      | {'passedTime': 31151}
> ResultValue    | 31151
>
> KnobValues     | {'maxInlineSize': 60, 'maxInlineLevel': 9}
> Statistics     | 115/209 took 32003ms - remaining ~3008sec
> FullState      | {'passedTime': 30846}
> ResultValue    | 30846
>
> KnobValues     | {'maxInlineSize': 60, 'maxInlineLevel': 10}
> Statistics     | 116/209 took 32269ms - remaining ~3001sec
> FullState      | {'passedTime': 31110}
> ResultValue    | 31110
>
> KnobValues     | {'maxInlineSize': 60, 'maxInlineLevel': 11}
> Statistics     | 117/209 took 32288ms - remaining ~2970sec
> FullState      | {'passedTime': 31127}
> ResultValue    | 31127
>
> KnobValues     | {'maxInlineSize': 60, 'maxInlineLevel': 12}
> Statistics     | 118/209 took 32313ms - remaining ~2940sec
> FullState      | {'passedTime': 31149}
> ResultValue    | 31149
>
> KnobValues     | {'maxInlineSize': 60, 'maxInlineLevel': 13}
> Statistics     | 119/209 took 32295ms - remaining ~2906sec
> FullState      | {'passedTime': 31137}
> ResultValue    | 31137
>
> KnobValues     | {'maxInlineSize': 60, 'maxInlineLevel': 14}
> Statistics     | 120/209 took 32280ms - remaining ~2872sec
> FullState      | {'passedTime': 31120}
> ResultValue    | 31120
>
> KnobValues     | {'maxInlineSize': 60, 'maxInlineLevel': 15}
> Statistics     | 121/209 took 32315ms - remaining ~2843sec
> FullState      | {'passedTime': 31152}
> ResultValue    | 31152
>
> KnobValues     | {'maxInlineSize': 65, 'maxInlineLevel': 5}
> Statistics     | 122/209 took 32505ms - remaining ~2827sec
> FullState      | {'passedTime': 31312}
> ResultValue    | 31312
>
> KnobValues     | {'maxInlineSize': 65, 'maxInlineLevel': 6}
> Statistics     | 123/209 took 32033ms - remaining ~2754sec
> FullState      | {'passedTime': 30837}
> ResultValue    | 30837
>
> KnobValues     | {'maxInlineSize': 65, 'maxInlineLevel': 7}
> Statistics     | 124/209 took 32269ms - remaining ~2742sec
> FullState      | {'passedTime': 31074}
> ResultValue    | 31074
>
> KnobValues     | {'maxInlineSize': 65, 'maxInlineLevel': 8}
> Statistics     | 125/209 took 32072ms - remaining ~2694sec
> FullState      | {'passedTime': 30848}
> ResultValue    | 30848
>
> KnobValues     | {'maxInlineSize': 65, 'maxInlineLevel': 9}
> Statistics     | 126/209 took 32191ms - remaining ~2671sec
> FullState      | {'passedTime': 30994}
> ResultValue    | 30994
>
> KnobValues     | {'maxInlineSize': 65, 'maxInlineLevel': 10}
> Statistics     | 127/209 took 32515ms - remaining ~2666sec
> FullState      | {'passedTime': 31319}
> ResultValue    | 31319
>
> KnobValues     | {'maxInlineSize': 65, 'maxInlineLevel': 11}
> Statistics     | 128/209 took 32324ms - remaining ~2618sec
> FullState      | {'passedTime': 31132}
> ResultValue    | 31132
>
> KnobValues     | {'maxInlineSize': 65, 'maxInlineLevel': 12}
> Statistics     | 129/209 took 32489ms - remaining ~2599sec
> FullState      | {'passedTime': 31293}
> ResultValue    | 31293
>
> KnobValues     | {'maxInlineSize': 65, 'maxInlineLevel': 13}
> Statistics     | 130/209 took 32475ms - remaining ~2565sec
> FullState      | {'passedTime': 31277}
> ResultValue    | 31277
>
> KnobValues     | {'maxInlineSize': 65, 'maxInlineLevel': 14}
> Statistics     | 131/209 took 32251ms - remaining ~2515sec
> FullState      | {'passedTime': 31058}
> ResultValue    | 31058
>
> KnobValues     | {'maxInlineSize': 65, 'maxInlineLevel': 15}
> Statistics     | 132/209 took 32493ms - remaining ~2501sec
> FullState      | {'passedTime': 31298}
> ResultValue    | 31298
>
> KnobValues     | {'maxInlineSize': 70, 'maxInlineLevel': 5}
> Statistics     | 133/209 took 33408ms - remaining ~2539sec
> FullState      | {'passedTime': 32166}
> ResultValue    | 32166
>
> KnobValues     | {'maxInlineSize': 70, 'maxInlineLevel': 6}
> Statistics     | 134/209 took 33103ms - remaining ~2482sec
> FullState      | {'passedTime': 31869}
> ResultValue    | 31869
>
> KnobValues     | {'maxInlineSize': 70, 'maxInlineLevel': 7}
> Statistics     | 135/209 took 33330ms - remaining ~2466sec
> FullState      | {'passedTime': 32088}
> ResultValue    | 32088
>
> KnobValues     | {'maxInlineSize': 70, 'maxInlineLevel': 8}
> Statistics     | 136/209 took 33392ms - remaining ~2437sec
> FullState      | {'passedTime': 32146}
> ResultValue    | 32146
>
> KnobValues     | {'maxInlineSize': 70, 'maxInlineLevel': 9}
> Statistics     | 137/209 took 33316ms - remaining ~2398sec
> FullState      | {'passedTime': 32071}
> ResultValue    | 32071
>
> KnobValues     | {'maxInlineSize': 70, 'maxInlineLevel': 10}
> Statistics     | 138/209 took 32999ms - remaining ~2342sec
> FullState      | {'passedTime': 31756}
> ResultValue    | 31756
>
> KnobValues     | {'maxInlineSize': 70, 'maxInlineLevel': 11}
> Statistics     | 139/209 took 32826ms - remaining ~2297sec
> FullState      | {'passedTime': 31579}
> ResultValue    | 31579
>
> KnobValues     | {'maxInlineSize': 70, 'maxInlineLevel': 12}
> Statistics     | 140/209 took 33352ms - remaining ~2301sec
> FullState      | {'passedTime': 32105}
> ResultValue    | 32105
>
> KnobValues     | {'maxInlineSize': 70, 'maxInlineLevel': 13}
> Statistics     | 141/209 took 33330ms - remaining ~2266sec
> FullState      | {'passedTime': 32092}
> ResultValue    | 32092
>
> KnobValues     | {'maxInlineSize': 70, 'maxInlineLevel': 14}
> Statistics     | 142/209 took 33313ms - remaining ~2231sec
> FullState      | {'passedTime': 32069}
> ResultValue    | 32069
>
> KnobValues     | {'maxInlineSize': 70, 'maxInlineLevel': 15}
> Statistics     | 143/209 took 33366ms - remaining ~2202sec
> FullState      | {'passedTime': 32119}
> ResultValue    | 32119
>
> KnobValues     | {'maxInlineSize': 75, 'maxInlineLevel': 5}
> Statistics     | 144/209 took 33177ms - remaining ~2156sec
> FullState      | {'passedTime': 31909}
> ResultValue    | 31909
>
> KnobValues     | {'maxInlineSize': 75, 'maxInlineLevel': 6}
> Statistics     | 145/209 took 33514ms - remaining ~2144sec
> FullState      | {'passedTime': 32239}
> ResultValue    | 32239
>
> KnobValues     | {'maxInlineSize': 75, 'maxInlineLevel': 7}
> Statistics     | 146/209 took 32925ms - remaining ~2074sec
> FullState      | {'passedTime': 31643}
> ResultValue    | 31643
>
> KnobValues     | {'maxInlineSize': 75, 'maxInlineLevel': 8}
> Statistics     | 147/209 took 33208ms - remaining ~2058sec
> FullState      | {'passedTime': 31931}
> ResultValue    | 31931
>
> KnobValues     | {'maxInlineSize': 75, 'maxInlineLevel': 9}
> Statistics     | 148/209 took 33258ms - remaining ~2028sec
> FullState      | {'passedTime': 31983}
> ResultValue    | 31983
>
> KnobValues     | {'maxInlineSize': 75, 'maxInlineLevel': 10}
> Statistics     | 149/209 took 33233ms - remaining ~1993sec
> FullState      | {'passedTime': 31959}
> ResultValue    | 31959
>
> KnobValues     | {'maxInlineSize': 75, 'maxInlineLevel': 11}
> Statistics     | 150/209 took 33240ms - remaining ~1961sec
> FullState      | {'passedTime': 31960}
> ResultValue    | 31960
>
> KnobValues     | {'maxInlineSize': 75, 'maxInlineLevel': 12}
> Statistics     | 151/209 took 33201ms - remaining ~1925sec
> FullState      | {'passedTime': 31930}
> ResultValue    | 31930
>
> KnobValues     | {'maxInlineSize': 75, 'maxInlineLevel': 13}
> Statistics     | 152/209 took 33228ms - remaining ~1893sec
> FullState      | {'passedTime': 31957}
> ResultValue    | 31957
>
> KnobValues     | {'maxInlineSize': 75, 'maxInlineLevel': 14}
> Statistics     | 153/209 took 33156ms - remaining ~1856sec
> FullState      | {'passedTime': 31881}
> ResultValue    | 31881
>
> KnobValues     | {'maxInlineSize': 75, 'maxInlineLevel': 15}
> Statistics     | 154/209 took 32935ms - remaining ~1811sec
> FullState      | {'passedTime': 31660}
> ResultValue    | 31660
>
> KnobValues     | {'maxInlineSize': 80, 'maxInlineLevel': 5}
> Statistics     | 155/209 took 33831ms - remaining ~1826sec
> FullState      | {'passedTime': 32531}
> ResultValue    | 32531
>
> KnobValues     | {'maxInlineSize': 80, 'maxInlineLevel': 6}
> Statistics     | 156/209 took 33424ms - remaining ~1771sec
> FullState      | {'passedTime': 32101}
> ResultValue    | 32101
>
> KnobValues     | {'maxInlineSize': 80, 'maxInlineLevel': 7}
> Statistics     | 157/209 took 33083ms - remaining ~1720sec
> FullState      | {'passedTime': 31750}
> ResultValue    | 31750
>
> KnobValues     | {'maxInlineSize': 80, 'maxInlineLevel': 8}
> Statistics     | 158/209 took 33299ms - remaining ~1698sec
> FullState      | {'passedTime': 31967}
> ResultValue    | 31967
>
> KnobValues     | {'maxInlineSize': 80, 'maxInlineLevel': 9}
> Statistics     | 159/209 took 33296ms - remaining ~1664sec
> FullState      | {'passedTime': 31967}
> ResultValue    | 31967
>
> KnobValues     | {'maxInlineSize': 80, 'maxInlineLevel': 10}
> Statistics     | 160/209 took 33285ms - remaining ~1630sec
> FullState      | {'passedTime': 31960}
> ResultValue    | 31960
>
> KnobValues     | {'maxInlineSize': 80, 'maxInlineLevel': 11}
> Statistics     | 161/209 took 33387ms - remaining ~1602sec
> FullState      | {'passedTime': 32061}
> ResultValue    | 32061
>
> KnobValues     | {'maxInlineSize': 80, 'maxInlineLevel': 12}
> Statistics     | 162/209 took 32811ms - remaining ~1542sec
> FullState      | {'passedTime': 31480}
> ResultValue    | 31480
>
> KnobValues     | {'maxInlineSize': 80, 'maxInlineLevel': 13}
> Statistics     | 163/209 took 33309ms - remaining ~1532sec
> FullState      | {'passedTime': 31982}
> ResultValue    | 31982
>
> KnobValues     | {'maxInlineSize': 80, 'maxInlineLevel': 14}
> Statistics     | 164/209 took 33228ms - remaining ~1495sec
> FullState      | {'passedTime': 31901}
> ResultValue    | 31901
>
> KnobValues     | {'maxInlineSize': 80, 'maxInlineLevel': 15}
> Statistics     | 165/209 took 33096ms - remaining ~1456sec
> FullState      | {'passedTime': 31767}
> ResultValue    | 31767
>
> KnobValues     | {'maxInlineSize': 85, 'maxInlineLevel': 5}
> Statistics     | 166/209 took 32938ms - remaining ~1416sec
> FullState      | {'passedTime': 31581}
> ResultValue    | 31581
>
> KnobValues     | {'maxInlineSize': 85, 'maxInlineLevel': 6}
> Statistics     | 167/209 took 33042ms - remaining ~1387sec
> FullState      | {'passedTime': 31667}
> ResultValue    | 31667
>
> KnobValues     | {'maxInlineSize': 85, 'maxInlineLevel': 7}
> Statistics     | 168/209 took 33819ms - remaining ~1386sec
> FullState      | {'passedTime': 32316}
> ResultValue    | 32316
>
> KnobValues     | {'maxInlineSize': 85, 'maxInlineLevel': 8}
> Statistics     | 169/209 took 33278ms - remaining ~1331sec
> FullState      | {'passedTime': 31899}
> ResultValue    | 31899
>
> KnobValues     | {'maxInlineSize': 85, 'maxInlineLevel': 9}
> Statistics     | 170/209 took 33864ms - remaining ~1320sec
> FullState      | {'passedTime': 32358}
> ResultValue    | 32358
>
> KnobValues     | {'maxInlineSize': 85, 'maxInlineLevel': 10}
> Statistics     | 171/209 took 33383ms - remaining ~1268sec
> FullState      | {'passedTime': 32000}
> ResultValue    | 32000
>
> KnobValues     | {'maxInlineSize': 85, 'maxInlineLevel': 11}
> Statistics     | 172/209 took 33318ms - remaining ~1232sec
> FullState      | {'passedTime': 31939}
> ResultValue    | 31939
>
> KnobValues     | {'maxInlineSize': 85, 'maxInlineLevel': 12}
> Statistics     | 173/209 took 33338ms - remaining ~1200sec
> FullState      | {'passedTime': 31954}
> ResultValue    | 31954
>
> KnobValues     | {'maxInlineSize': 85, 'maxInlineLevel': 13}
> Statistics     | 174/209 took 33561ms - remaining ~1174sec
> FullState      | {'passedTime': 32158}
> ResultValue    | 32158
>
> KnobValues     | {'maxInlineSize': 85, 'maxInlineLevel': 14}
> Statistics     | 175/209 took 33376ms - remaining ~1134sec
> FullState      | {'passedTime': 31992}
> ResultValue    | 31992
>
> KnobValues     | {'maxInlineSize': 85, 'maxInlineLevel': 15}
> Statistics     | 176/209 took 33363ms - remaining ~1100sec
> FullState      | {'passedTime': 31977}
> ResultValue    | 31977
>
> KnobValues     | {'maxInlineSize': 90, 'maxInlineLevel': 5}
> Statistics     | 177/209 took 33298ms - remaining ~1065sec
> FullState      | {'passedTime': 31892}
> ResultValue    | 31892
>
> KnobValues     | {'maxInlineSize': 90, 'maxInlineLevel': 6}
> Statistics     | 178/209 took 33992ms - remaining ~1053sec
> FullState      | {'passedTime': 32551}
> ResultValue    | 32551
>
> KnobValues     | {'maxInlineSize': 90, 'maxInlineLevel': 7}
> Statistics     | 179/209 took 33746ms - remaining ~1012sec
> FullState      | {'passedTime': 32286}
> ResultValue    | 32286
>
> KnobValues     | {'maxInlineSize': 90, 'maxInlineLevel': 8}
> Statistics     | 180/209 took 34075ms - remaining ~988sec
> FullState      | {'passedTime': 32577}
> ResultValue    | 32577
>
> KnobValues     | {'maxInlineSize': 90, 'maxInlineLevel': 9}
> Statistics     | 181/209 took 33874ms - remaining ~948sec
> FullState      | {'passedTime': 32384}
> ResultValue    | 32384
>
> KnobValues     | {'maxInlineSize': 90, 'maxInlineLevel': 10}
> Statistics     | 182/209 took 34039ms - remaining ~919sec
> FullState      | {'passedTime': 32543}
> ResultValue    | 32543
>
> KnobValues     | {'maxInlineSize': 90, 'maxInlineLevel': 11}
> Statistics     | 183/209 took 33901ms - remaining ~881sec
> FullState      | {'passedTime': 32435}
> ResultValue    | 32435
>
> KnobValues     | {'maxInlineSize': 90, 'maxInlineLevel': 12}
> Statistics     | 184/209 took 33828ms - remaining ~845sec
> FullState      | {'passedTime': 32360}
> ResultValue    | 32360
>
> KnobValues     | {'maxInlineSize': 90, 'maxInlineLevel': 13}
> Statistics     | 185/209 took 33564ms - remaining ~805sec
> FullState      | {'passedTime': 32068}
> ResultValue    | 32068
>
> KnobValues     | {'maxInlineSize': 90, 'maxInlineLevel': 14}
> Statistics     | 186/209 took 33693ms - remaining ~774sec
> FullState      | {'passedTime': 32230}
> ResultValue    | 32230
>
> KnobValues     | {'maxInlineSize': 90, 'maxInlineLevel': 15}
> Statistics     | 187/209 took 33831ms - remaining ~744sec
> FullState      | {'passedTime': 32368}
> ResultValue    | 32368
>
> KnobValues     | {'maxInlineSize': 95, 'maxInlineLevel': 5}
> Statistics     | 188/209 took 33579ms - remaining ~705sec
> FullState      | {'passedTime': 32092}
> ResultValue    | 32092
>
> KnobValues     | {'maxInlineSize': 95, 'maxInlineLevel': 6}
> Statistics     | 189/209 took 33716ms - remaining ~674sec
> FullState      | {'passedTime': 32214}
> ResultValue    | 32214
>
> KnobValues     | {'maxInlineSize': 95, 'maxInlineLevel': 7}
> Statistics     | 190/209 took 33793ms - remaining ~642sec
> FullState      | {'passedTime': 32259}
> ResultValue    | 32259
>
> KnobValues     | {'maxInlineSize': 95, 'maxInlineLevel': 8}
> Statistics     | 191/209 took 33496ms - remaining ~602sec
> FullState      | {'passedTime': 31961}
> ResultValue    | 31961
>
> KnobValues     | {'maxInlineSize': 95, 'maxInlineLevel': 9}
> Statistics     | 192/209 took 33565ms - remaining ~570sec
> FullState      | {'passedTime': 32025}
> ResultValue    | 32025
>
> KnobValues     | {'maxInlineSize': 95, 'maxInlineLevel': 10}
> Statistics     | 193/209 took 33509ms - remaining ~536sec
> FullState      | {'passedTime': 31969}
> ResultValue    | 31969
>
> KnobValues     | {'maxInlineSize': 95, 'maxInlineLevel': 11}
> Statistics     | 194/209 took 33758ms - remaining ~506sec
> FullState      | {'passedTime': 32225}
> ResultValue    | 32225
>
> KnobValues     | {'maxInlineSize': 95, 'maxInlineLevel': 12}
> Statistics     | 195/209 took 33785ms - remaining ~472sec
> FullState      | {'passedTime': 32250}
> ResultValue    | 32250
>
> KnobValues     | {'maxInlineSize': 95, 'maxInlineLevel': 13}
> Statistics     | 196/209 took 33797ms - remaining ~439sec
> FullState      | {'passedTime': 32261}
> ResultValue    | 32261
>
> KnobValues     | {'maxInlineSize': 95, 'maxInlineLevel': 14}
> Statistics     | 197/209 took 33568ms - remaining ~402sec
> FullState      | {'passedTime': 32028}
> ResultValue    | 32028
>
> KnobValues     | {'maxInlineSize': 95, 'maxInlineLevel': 15}
> Statistics     | 198/209 took 33809ms - remaining ~371sec
> FullState      | {'passedTime': 32281}
> ResultValue    | 32281
>
> KnobValues     | {'maxInlineSize': 100, 'maxInlineLevel': 5}
> Statistics     | 199/209 took 33307ms - remaining ~333sec
> FullState      | {'passedTime': 31782}
> ResultValue    | 31782
>
> KnobValues     | {'maxInlineSize': 100, 'maxInlineLevel': 6}
> Statistics     | 200/209 took 33283ms - remaining ~299sec
> FullState      | {'passedTime': 31676}
> ResultValue    | 31676
>
> KnobValues     | {'maxInlineSize': 100, 'maxInlineLevel': 7}
> Statistics     | 201/209 took 33999ms - remaining ~271sec
> FullState      | {'passedTime': 32332}
> ResultValue    | 32332
>
> KnobValues     | {'maxInlineSize': 100, 'maxInlineLevel': 8}
> Statistics     | 202/209 took 34218ms - remaining ~239sec
> FullState      | {'passedTime': 32529}
> ResultValue    | 32529
>
> KnobValues     | {'maxInlineSize': 100, 'maxInlineLevel': 9}
> Statistics     | 203/209 took 33679ms - remaining ~202sec
> FullState      | {'passedTime': 31987}
> ResultValue    | 31987
>
> KnobValues     | {'maxInlineSize': 100, 'maxInlineLevel': 10}
> Statistics     | 204/209 took 33747ms - remaining ~168sec
> FullState      | {'passedTime': 32057}
> ResultValue    | 32057
>
> KnobValues     | {'maxInlineSize': 100, 'maxInlineLevel': 11}
> Statistics     | 205/209 took 33762ms - remaining ~135sec
> FullState      | {'passedTime': 32064}
> ResultValue    | 32064
>
> KnobValues     | {'maxInlineSize': 100, 'maxInlineLevel': 12}
> Statistics     | 206/209 took 34007ms - remaining ~102sec
> FullState      | {'passedTime': 32316}
> ResultValue    | 32316
>
> KnobValues     | {'maxInlineSize': 100, 'maxInlineLevel': 13}
> Statistics     | 207/209 took 33942ms - remaining ~67sec
> FullState      | {'passedTime': 32238}
> ResultValue    | 32238
>
> KnobValues     | {'maxInlineSize': 100, 'maxInlineLevel': 14}
> Statistics     | 208/209 took 33992ms - remaining ~33sec
> FullState      | {'passedTime': 32296}
> ResultValue    | 32296
>
> KnobValues     | {'maxInlineSize': 100, 'maxInlineLevel': 15}
> Statistics     | 209/209 took 33961ms - remaining ~0sec
> FullState      | {'passedTime': 32265}
> ResultValue    | 32265
>
> Finished workflow
######################################
> Reporting on   | SingleRun-1-Inlining-level-size
> Found 2 knobs, creating heat map...
> Plot saved at scenarios/singleRun/1-inlining-level-size/2018-06-17_15-31-53/heatmap.png
